{"/home/ksizov/cvat/cvat-core/src/annotation-formats.js": {"path":"/home/ksizov/cvat/cvat-core/src/annotation-formats.js","statementMap":{"0":{"start":{"line":5,"column":0},"end":{"line":189,"column":5}},"1":{"start":{"line":13,"column":25},"end":{"line":19,"column":13}},"2":{"start":{"line":21,"column":12},"end":{"line":72,"column":15}},"3":{"start":{"line":30,"column":31},"end":{"line":30,"column":40}},"4":{"start":{"line":40,"column":31},"end":{"line":40,"column":42}},"5":{"start":{"line":50,"column":31},"end":{"line":50,"column":43}},"6":{"start":{"line":60,"column":31},"end":{"line":60,"column":43}},"7":{"start":{"line":70,"column":31},"end":{"line":70,"column":45}},"8":{"start":{"line":83,"column":25},"end":{"line":89,"column":13}},"9":{"start":{"line":91,"column":12},"end":{"line":142,"column":15}},"10":{"start":{"line":100,"column":31},"end":{"line":100,"column":40}},"11":{"start":{"line":110,"column":31},"end":{"line":110,"column":42}},"12":{"start":{"line":120,"column":31},"end":{"line":120,"column":43}},"13":{"start":{"line":130,"column":31},"end":{"line":130,"column":43}},"14":{"start":{"line":140,"column":31},"end":{"line":140,"column":45}},"15":{"start":{"line":153,"column":25},"end":{"line":156,"column":13}},"16":{"start":{"line":154,"column":61},"end":{"line":154,"column":75}},"17":{"start":{"line":155,"column":61},"end":{"line":155,"column":75}},"18":{"start":{"line":159,"column":12},"end":{"line":180,"column":15}},"19":{"start":{"line":168,"column":31},"end":{"line":168,"column":50}},"20":{"start":{"line":178,"column":31},"end":{"line":178,"column":50}},"21":{"start":{"line":184,"column":4},"end":{"line":188,"column":6}}},"fnMap":{"0":{"name":"(anonymous_0)","decl":{"start":{"line":5,"column":1},"end":{"line":5,"column":2}},"loc":{"start":{"line":5,"column":7},"end":{"line":189,"column":1}},"line":5},"1":{"name":"(anonymous_1)","decl":{"start":{"line":12,"column":8},"end":{"line":12,"column":9}},"loc":{"start":{"line":12,"column":33},"end":{"line":73,"column":9}},"line":12},"2":{"name":"(anonymous_2)","decl":{"start":{"line":30,"column":25},"end":{"line":30,"column":26}},"loc":{"start":{"line":30,"column":31},"end":{"line":30,"column":40}},"line":30},"3":{"name":"(anonymous_3)","decl":{"start":{"line":40,"column":25},"end":{"line":40,"column":26}},"loc":{"start":{"line":40,"column":31},"end":{"line":40,"column":42}},"line":40},"4":{"name":"(anonymous_4)","decl":{"start":{"line":50,"column":25},"end":{"line":50,"column":26}},"loc":{"start":{"line":50,"column":31},"end":{"line":50,"column":43}},"line":50},"5":{"name":"(anonymous_5)","decl":{"start":{"line":60,"column":25},"end":{"line":60,"column":26}},"loc":{"start":{"line":60,"column":31},"end":{"line":60,"column":43}},"line":60},"6":{"name":"(anonymous_6)","decl":{"start":{"line":70,"column":25},"end":{"line":70,"column":26}},"loc":{"start":{"line":70,"column":31},"end":{"line":70,"column":45}},"line":70},"7":{"name":"(anonymous_7)","decl":{"start":{"line":82,"column":8},"end":{"line":82,"column":9}},"loc":{"start":{"line":82,"column":33},"end":{"line":143,"column":9}},"line":82},"8":{"name":"(anonymous_8)","decl":{"start":{"line":100,"column":25},"end":{"line":100,"column":26}},"loc":{"start":{"line":100,"column":31},"end":{"line":100,"column":40}},"line":100},"9":{"name":"(anonymous_9)","decl":{"start":{"line":110,"column":25},"end":{"line":110,"column":26}},"loc":{"start":{"line":110,"column":31},"end":{"line":110,"column":42}},"line":110},"10":{"name":"(anonymous_10)","decl":{"start":{"line":120,"column":25},"end":{"line":120,"column":26}},"loc":{"start":{"line":120,"column":31},"end":{"line":120,"column":43}},"line":120},"11":{"name":"(anonymous_11)","decl":{"start":{"line":130,"column":25},"end":{"line":130,"column":26}},"loc":{"start":{"line":130,"column":31},"end":{"line":130,"column":43}},"line":130},"12":{"name":"(anonymous_12)","decl":{"start":{"line":140,"column":25},"end":{"line":140,"column":26}},"loc":{"start":{"line":140,"column":31},"end":{"line":140,"column":45}},"line":140},"13":{"name":"(anonymous_13)","decl":{"start":{"line":152,"column":8},"end":{"line":152,"column":9}},"loc":{"start":{"line":152,"column":33},"end":{"line":181,"column":9}},"line":152},"14":{"name":"(anonymous_14)","decl":{"start":{"line":154,"column":53},"end":{"line":154,"column":54}},"loc":{"start":{"line":154,"column":61},"end":{"line":154,"column":75}},"line":154},"15":{"name":"(anonymous_15)","decl":{"start":{"line":155,"column":53},"end":{"line":155,"column":54}},"loc":{"start":{"line":155,"column":61},"end":{"line":155,"column":75}},"line":155},"16":{"name":"(anonymous_16)","decl":{"start":{"line":168,"column":25},"end":{"line":168,"column":26}},"loc":{"start":{"line":168,"column":31},"end":{"line":168,"column":50}},"line":168},"17":{"name":"(anonymous_17)","decl":{"start":{"line":178,"column":25},"end":{"line":178,"column":26}},"loc":{"start":{"line":178,"column":31},"end":{"line":178,"column":50}},"line":178}},"branchMap":{},"s":{"0":10,"1":9,"2":9,"3":0,"4":0,"5":0,"6":0,"7":0,"8":12,"9":12,"10":0,"11":0,"12":0,"13":0,"14":0,"15":3,"16":12,"17":9,"18":3,"19":1,"20":1,"21":10},"f":{"0":10,"1":9,"2":0,"3":0,"4":0,"5":0,"6":0,"7":12,"8":0,"9":0,"10":0,"11":0,"12":0,"13":3,"14":12,"15":9,"16":1,"17":1},"b":{},"_coverageSchema":"1a1c01bbd47fc00a2c39e90264f33305004495a9","hash":"7e7979345acc546998ccd791f9bca7827144dee9"}
,"/home/ksizov/cvat/cvat-core/src/annotations-collection.js": {"path":"/home/ksizov/cvat/cvat-core/src/annotations-collection.js","statementMap":{"0":{"start":{"line":5,"column":0},"end":{"line":960,"column":5}},"1":{"start":{"line":23,"column":8},"end":{"line":23,"column":40}},"2":{"start":{"line":24,"column":30},"end":{"line":24,"column":61}},"3":{"start":{"line":25,"column":32},"end":{"line":25,"column":51}},"4":{"start":{"line":26,"column":23},"end":{"line":26,"column":46}},"5":{"start":{"line":27,"column":22},"end":{"line":27,"column":41}},"6":{"start":{"line":28,"column":57},"end":{"line":28,"column":80}},"7":{"start":{"line":32,"column":8},"end":{"line":32,"column":26}},"8":{"start":{"line":33,"column":24},"end":{"line":33,"column":49}},"9":{"start":{"line":36,"column":25},"end":{"line":36,"column":34}},"10":{"start":{"line":37,"column":22},"end":{"line":37,"column":54}},"11":{"start":{"line":39,"column":25},"end":{"line":39,"column":29}},"12":{"start":{"line":40,"column":8},"end":{"line":61,"column":9}},"13":{"start":{"line":42,"column":16},"end":{"line":42,"column":87}},"14":{"start":{"line":43,"column":16},"end":{"line":43,"column":22}},"15":{"start":{"line":45,"column":16},"end":{"line":45,"column":85}},"16":{"start":{"line":46,"column":16},"end":{"line":46,"column":22}},"17":{"start":{"line":48,"column":16},"end":{"line":48,"column":86}},"18":{"start":{"line":49,"column":16},"end":{"line":49,"column":22}},"19":{"start":{"line":51,"column":16},"end":{"line":51,"column":84}},"20":{"start":{"line":52,"column":16},"end":{"line":52,"column":22}},"21":{"start":{"line":54,"column":16},"end":{"line":54,"column":85}},"22":{"start":{"line":55,"column":16},"end":{"line":55,"column":22}},"23":{"start":{"line":57,"column":16},"end":{"line":57,"column":84}},"24":{"start":{"line":58,"column":16},"end":{"line":58,"column":22}},"25":{"start":{"line":60,"column":16},"end":{"line":60,"column":77}},"26":{"start":{"line":63,"column":8},"end":{"line":63,"column":26}},"27":{"start":{"line":67,"column":8},"end":{"line":96,"column":9}},"28":{"start":{"line":68,"column":29},"end":{"line":68,"column":48}},"29":{"start":{"line":69,"column":26},"end":{"line":69,"column":58}},"30":{"start":{"line":71,"column":29},"end":{"line":71,"column":33}},"31":{"start":{"line":72,"column":12},"end":{"line":93,"column":13}},"32":{"start":{"line":74,"column":20},"end":{"line":74,"column":91}},"33":{"start":{"line":75,"column":20},"end":{"line":75,"column":26}},"34":{"start":{"line":77,"column":20},"end":{"line":77,"column":89}},"35":{"start":{"line":78,"column":20},"end":{"line":78,"column":26}},"36":{"start":{"line":80,"column":20},"end":{"line":80,"column":90}},"37":{"start":{"line":81,"column":20},"end":{"line":81,"column":26}},"38":{"start":{"line":83,"column":20},"end":{"line":83,"column":88}},"39":{"start":{"line":84,"column":20},"end":{"line":84,"column":26}},"40":{"start":{"line":86,"column":20},"end":{"line":86,"column":89}},"41":{"start":{"line":87,"column":20},"end":{"line":87,"column":26}},"42":{"start":{"line":89,"column":20},"end":{"line":89,"column":88}},"43":{"start":{"line":90,"column":20},"end":{"line":90,"column":26}},"44":{"start":{"line":92,"column":20},"end":{"line":92,"column":81}},"45":{"start":{"line":95,"column":12},"end":{"line":95,"column":30}},"46":{"start":{"line":98,"column":8},"end":{"line":98,"column":85}},"47":{"start":{"line":99,"column":8},"end":{"line":99,"column":20}},"48":{"start":{"line":104,"column":12},"end":{"line":104,"column":46}},"49":{"start":{"line":105,"column":12},"end":{"line":105,"column":44}},"50":{"start":{"line":106,"column":12},"end":{"line":106,"column":44}},"51":{"start":{"line":108,"column":12},"end":{"line":111,"column":19}},"52":{"start":{"line":109,"column":16},"end":{"line":109,"column":51}},"53":{"start":{"line":110,"column":16},"end":{"line":110,"column":40}},"54":{"start":{"line":113,"column":12},"end":{"line":113,"column":61}},"55":{"start":{"line":114,"column":12},"end":{"line":114,"column":40}},"56":{"start":{"line":115,"column":12},"end":{"line":115,"column":29}},"57":{"start":{"line":116,"column":12},"end":{"line":116,"column":27}},"58":{"start":{"line":117,"column":12},"end":{"line":117,"column":29}},"59":{"start":{"line":118,"column":12},"end":{"line":118,"column":30}},"60":{"start":{"line":119,"column":12},"end":{"line":119,"column":27}},"61":{"start":{"line":120,"column":12},"end":{"line":120,"column":31}},"62":{"start":{"line":121,"column":12},"end":{"line":123,"column":14}},"63":{"start":{"line":124,"column":12},"end":{"line":130,"column":14}},"64":{"start":{"line":134,"column":27},"end":{"line":138,"column":13}},"65":{"start":{"line":140,"column":12},"end":{"line":149,"column":13}},"66":{"start":{"line":141,"column":33},"end":{"line":141,"column":45}},"67":{"start":{"line":142,"column":30},"end":{"line":142,"column":62}},"68":{"start":{"line":143,"column":33},"end":{"line":143,"column":78}},"69":{"start":{"line":144,"column":16},"end":{"line":144,"column":76}},"70":{"start":{"line":145,"column":16},"end":{"line":145,"column":57}},"71":{"start":{"line":146,"column":16},"end":{"line":146,"column":50}},"72":{"start":{"line":148,"column":16},"end":{"line":148,"column":43}},"73":{"start":{"line":151,"column":12},"end":{"line":159,"column":13}},"74":{"start":{"line":152,"column":33},"end":{"line":152,"column":45}},"75":{"start":{"line":153,"column":35},"end":{"line":153,"column":80}},"76":{"start":{"line":154,"column":16},"end":{"line":154,"column":84}},"77":{"start":{"line":155,"column":16},"end":{"line":155,"column":63}},"78":{"start":{"line":156,"column":16},"end":{"line":156,"column":52}},"79":{"start":{"line":158,"column":16},"end":{"line":158,"column":47}},"80":{"start":{"line":161,"column":12},"end":{"line":172,"column":13}},"81":{"start":{"line":162,"column":33},"end":{"line":162,"column":45}},"82":{"start":{"line":163,"column":35},"end":{"line":163,"column":80}},"83":{"start":{"line":166,"column":16},"end":{"line":171,"column":17}},"84":{"start":{"line":167,"column":20},"end":{"line":167,"column":49}},"85":{"start":{"line":168,"column":20},"end":{"line":168,"column":56}},"86":{"start":{"line":170,"column":20},"end":{"line":170,"column":51}},"87":{"start":{"line":174,"column":12},"end":{"line":174,"column":26}},"88":{"start":{"line":178,"column":25},"end":{"line":194,"column":13}},"89":{"start":{"line":179,"column":54},"end":{"line":179,"column":68}},"90":{"start":{"line":179,"column":85},"end":{"line":179,"column":99}},"91":{"start":{"line":182,"column":24},"end":{"line":182,"column":51}},"92":{"start":{"line":183,"column":24},"end":{"line":183,"column":43}},"93":{"start":{"line":185,"column":39},"end":{"line":185,"column":53}},"94":{"start":{"line":186,"column":36},"end":{"line":186,"column":50}},"95":{"start":{"line":189,"column":24},"end":{"line":189,"column":51}},"96":{"start":{"line":190,"column":24},"end":{"line":190,"column":43}},"97":{"start":{"line":192,"column":37},"end":{"line":192,"column":49}},"98":{"start":{"line":193,"column":34},"end":{"line":193,"column":46}},"99":{"start":{"line":196,"column":12},"end":{"line":196,"column":24}},"100":{"start":{"line":200,"column":31},"end":{"line":200,"column":35}},"101":{"start":{"line":201,"column":27},"end":{"line":201,"column":51}},"102":{"start":{"line":202,"column":25},"end":{"line":202,"column":47}},"103":{"start":{"line":204,"column":28},"end":{"line":204,"column":59}},"104":{"start":{"line":205,"column":28},"end":{"line":208,"column":13}},"105":{"start":{"line":210,"column":12},"end":{"line":222,"column":13}},"106":{"start":{"line":211,"column":16},"end":{"line":213,"column":17}},"107":{"start":{"line":212,"column":20},"end":{"line":212,"column":29}},"108":{"start":{"line":215,"column":34},"end":{"line":215,"column":51}},"109":{"start":{"line":216,"column":16},"end":{"line":218,"column":17}},"110":{"start":{"line":217,"column":20},"end":{"line":217,"column":29}},"111":{"start":{"line":220,"column":16},"end":{"line":220,"column":44}},"112":{"start":{"line":221,"column":16},"end":{"line":221,"column":45}},"113":{"start":{"line":224,"column":33},"end":{"line":224,"column":35}},"114":{"start":{"line":225,"column":29},"end":{"line":225,"column":81}},"115":{"start":{"line":227,"column":12},"end":{"line":233,"column":15}},"116":{"start":{"line":228,"column":16},"end":{"line":232,"column":17}},"117":{"start":{"line":229,"column":34},"end":{"line":229,"column":53}},"118":{"start":{"line":230,"column":40},"end":{"line":230,"column":88}},"119":{"start":{"line":231,"column":20},"end":{"line":231,"column":51}},"120":{"start":{"line":235,"column":12},"end":{"line":235,"column":32}},"121":{"start":{"line":239,"column":12},"end":{"line":239,"column":75}},"122":{"start":{"line":240,"column":12},"end":{"line":240,"column":45}},"123":{"start":{"line":240,"column":38},"end":{"line":240,"column":45}},"124":{"start":{"line":241,"column":36},"end":{"line":250,"column":14}},"125":{"start":{"line":242,"column":16},"end":{"line":242,"column":74}},"126":{"start":{"line":243,"column":31},"end":{"line":243,"column":59}},"127":{"start":{"line":244,"column":16},"end":{"line":248,"column":17}},"128":{"start":{"line":245,"column":20},"end":{"line":247,"column":22}},"129":{"start":{"line":249,"column":16},"end":{"line":249,"column":30}},"130":{"start":{"line":252,"column":30},"end":{"line":252,"column":32}},"131":{"start":{"line":253,"column":41},"end":{"line":253,"column":56}},"132":{"start":{"line":254,"column":12},"end":{"line":256,"column":13}},"133":{"start":{"line":255,"column":16},"end":{"line":255,"column":83}},"134":{"start":{"line":258,"column":12},"end":{"line":260,"column":13}},"135":{"start":{"line":259,"column":16},"end":{"line":259,"column":80}},"136":{"start":{"line":262,"column":36},"end":{"line":265,"column":18}},"137":{"start":{"line":263,"column":16},"end":{"line":263,"column":54}},"138":{"start":{"line":264,"column":16},"end":{"line":264,"column":35}},"139":{"start":{"line":267,"column":12},"end":{"line":365,"column":13}},"140":{"start":{"line":267,"column":25},"end":{"line":267,"column":26}},"141":{"start":{"line":269,"column":31},"end":{"line":269,"column":49}},"142":{"start":{"line":270,"column":30},"end":{"line":270,"column":45}},"143":{"start":{"line":271,"column":16},"end":{"line":275,"column":17}},"144":{"start":{"line":272,"column":20},"end":{"line":274,"column":22}},"145":{"start":{"line":277,"column":16},"end":{"line":279,"column":17}},"146":{"start":{"line":278,"column":20},"end":{"line":278,"column":118}},"147":{"start":{"line":282,"column":16},"end":{"line":364,"column":17}},"148":{"start":{"line":284,"column":20},"end":{"line":286,"column":21}},"149":{"start":{"line":285,"column":24},"end":{"line":285,"column":93}},"150":{"start":{"line":288,"column":20},"end":{"line":306,"column":22}},"151":{"start":{"line":298,"column":28},"end":{"line":303,"column":29}},"152":{"start":{"line":299,"column":32},"end":{"line":302,"column":35}},"153":{"start":{"line":304,"column":28},"end":{"line":304,"column":47}},"154":{"start":{"line":310,"column":20},"end":{"line":314,"column":21}},"155":{"start":{"line":311,"column":24},"end":{"line":311,"column":106}},"156":{"start":{"line":312,"column":24},"end":{"line":312,"column":67}},"157":{"start":{"line":313,"column":24},"end":{"line":313,"column":60}},"158":{"start":{"line":315,"column":23},"end":{"line":364,"column":17}},"159":{"start":{"line":318,"column":39},"end":{"line":318,"column":41}},"160":{"start":{"line":319,"column":20},"end":{"line":358,"column":21}},"161":{"start":{"line":320,"column":38},"end":{"line":320,"column":61}},"162":{"start":{"line":322,"column":24},"end":{"line":329,"column":25}},"163":{"start":{"line":324,"column":28},"end":{"line":326,"column":29}},"164":{"start":{"line":325,"column":32},"end":{"line":325,"column":41}},"165":{"start":{"line":328,"column":28},"end":{"line":328,"column":97}},"166":{"start":{"line":333,"column":48},"end":{"line":333,"column":53}},"167":{"start":{"line":334,"column":24},"end":{"line":339,"column":25}},"168":{"start":{"line":335,"column":28},"end":{"line":338,"column":29}},"169":{"start":{"line":336,"column":32},"end":{"line":336,"column":57}},"170":{"start":{"line":337,"column":32},"end":{"line":337,"column":78}},"171":{"start":{"line":341,"column":24},"end":{"line":357,"column":26}},"172":{"start":{"line":350,"column":32},"end":{"line":353,"column":35}},"173":{"start":{"line":355,"column":32},"end":{"line":355,"column":51}},"174":{"start":{"line":360,"column":20},"end":{"line":363,"column":22}},"175":{"start":{"line":367,"column":34},"end":{"line":367,"column":39}},"176":{"start":{"line":368,"column":12},"end":{"line":376,"column":13}},"177":{"start":{"line":368,"column":70},"end":{"line":368,"column":77}},"178":{"start":{"line":370,"column":16},"end":{"line":370,"column":78}},"179":{"start":{"line":371,"column":16},"end":{"line":375,"column":17}},"180":{"start":{"line":372,"column":20},"end":{"line":372,"column":44}},"181":{"start":{"line":374,"column":20},"end":{"line":374,"column":26}},"182":{"start":{"line":378,"column":29},"end":{"line":378,"column":41}},"183":{"start":{"line":379,"column":26},"end":{"line":398,"column":13}},"184":{"start":{"line":382,"column":58},"end":{"line":382,"column":64}},"185":{"start":{"line":389,"column":20},"end":{"line":394,"column":21}},"186":{"start":{"line":390,"column":24},"end":{"line":393,"column":27}},"187":{"start":{"line":396,"column":20},"end":{"line":396,"column":39}},"188":{"start":{"line":400,"column":31},"end":{"line":400,"column":76}},"189":{"start":{"line":401,"column":12},"end":{"line":401,"column":41}},"190":{"start":{"line":402,"column":12},"end":{"line":402,"column":48}},"191":{"start":{"line":405,"column":12},"end":{"line":407,"column":13}},"192":{"start":{"line":406,"column":16},"end":{"line":406,"column":38}},"193":{"start":{"line":409,"column":12},"end":{"line":425,"column":14}},"194":{"start":{"line":412,"column":20},"end":{"line":412,"column":46}},"195":{"start":{"line":413,"column":20},"end":{"line":415,"column":21}},"196":{"start":{"line":414,"column":24},"end":{"line":414,"column":47}},"197":{"start":{"line":418,"column":20},"end":{"line":418,"column":47}},"198":{"start":{"line":419,"column":20},"end":{"line":421,"column":21}},"199":{"start":{"line":420,"column":24},"end":{"line":420,"column":46}},"200":{"start":{"line":423,"column":52},"end":{"line":423,"column":67}},"201":{"start":{"line":429,"column":12},"end":{"line":429,"column":76}},"202":{"start":{"line":430,"column":12},"end":{"line":430,"column":61}},"203":{"start":{"line":432,"column":27},"end":{"line":432,"column":61}},"204":{"start":{"line":433,"column":12},"end":{"line":435,"column":13}},"205":{"start":{"line":434,"column":16},"end":{"line":434,"column":115}},"206":{"start":{"line":437,"column":12},"end":{"line":439,"column":13}},"207":{"start":{"line":438,"column":16},"end":{"line":438,"column":23}},"208":{"start":{"line":441,"column":30},"end":{"line":441,"column":80}},"209":{"start":{"line":441,"column":72},"end":{"line":441,"column":79}},"210":{"start":{"line":442,"column":12},"end":{"line":444,"column":13}},"211":{"start":{"line":443,"column":16},"end":{"line":443,"column":23}},"212":{"start":{"line":446,"column":36},"end":{"line":449,"column":18}},"213":{"start":{"line":447,"column":16},"end":{"line":447,"column":54}},"214":{"start":{"line":448,"column":16},"end":{"line":448,"column":35}},"215":{"start":{"line":451,"column":29},"end":{"line":451,"column":44}},"216":{"start":{"line":452,"column":29},"end":{"line":470,"column":13}},"217":{"start":{"line":460,"column":20},"end":{"line":465,"column":21}},"218":{"start":{"line":461,"column":24},"end":{"line":464,"column":27}},"219":{"start":{"line":467,"column":20},"end":{"line":467,"column":39}},"220":{"start":{"line":472,"column":25},"end":{"line":478,"column":13}},"221":{"start":{"line":480,"column":25},"end":{"line":480,"column":57}},"222":{"start":{"line":481,"column":12},"end":{"line":481,"column":31}},"223":{"start":{"line":483,"column":12},"end":{"line":483,"column":67}},"224":{"start":{"line":484,"column":12},"end":{"line":493,"column":15}},"225":{"start":{"line":485,"column":16},"end":{"line":485,"column":32}},"226":{"start":{"line":486,"column":16},"end":{"line":490,"column":17}},"227":{"start":{"line":487,"column":20},"end":{"line":487,"column":72}},"228":{"start":{"line":488,"column":23},"end":{"line":490,"column":17}},"229":{"start":{"line":489,"column":20},"end":{"line":489,"column":72}},"230":{"start":{"line":492,"column":16},"end":{"line":492,"column":29}},"231":{"start":{"line":494,"column":12},"end":{"line":494,"column":39}},"232":{"start":{"line":497,"column":12},"end":{"line":500,"column":13}},"233":{"start":{"line":497,"column":45},"end":{"line":497,"column":70}},"234":{"start":{"line":498,"column":16},"end":{"line":498,"column":71}},"235":{"start":{"line":499,"column":16},"end":{"line":499,"column":63}},"236":{"start":{"line":501,"column":12},"end":{"line":501,"column":63}},"237":{"start":{"line":503,"column":27},"end":{"line":503,"column":39}},"238":{"start":{"line":504,"column":30},"end":{"line":504,"column":74}},"239":{"start":{"line":505,"column":12},"end":{"line":505,"column":40}},"240":{"start":{"line":506,"column":12},"end":{"line":506,"column":47}},"241":{"start":{"line":508,"column":12},"end":{"line":508,"column":36}},"242":{"start":{"line":509,"column":30},"end":{"line":509,"column":74}},"243":{"start":{"line":510,"column":12},"end":{"line":510,"column":40}},"244":{"start":{"line":511,"column":12},"end":{"line":511,"column":47}},"245":{"start":{"line":514,"column":12},"end":{"line":514,"column":34}},"246":{"start":{"line":516,"column":12},"end":{"line":530,"column":14}},"247":{"start":{"line":519,"column":20},"end":{"line":519,"column":43}},"248":{"start":{"line":520,"column":20},"end":{"line":520,"column":45}},"249":{"start":{"line":521,"column":20},"end":{"line":521,"column":45}},"250":{"start":{"line":524,"column":20},"end":{"line":524,"column":42}},"251":{"start":{"line":525,"column":20},"end":{"line":525,"column":46}},"252":{"start":{"line":526,"column":20},"end":{"line":526,"column":46}},"253":{"start":{"line":534,"column":12},"end":{"line":534,"column":75}},"254":{"start":{"line":536,"column":36},"end":{"line":543,"column":14}},"255":{"start":{"line":537,"column":16},"end":{"line":537,"column":74}},"256":{"start":{"line":538,"column":31},"end":{"line":538,"column":59}},"257":{"start":{"line":539,"column":16},"end":{"line":541,"column":17}},"258":{"start":{"line":540,"column":20},"end":{"line":540,"column":119}},"259":{"start":{"line":542,"column":16},"end":{"line":542,"column":30}},"260":{"start":{"line":545,"column":29},"end":{"line":545,"column":58}},"261":{"start":{"line":546,"column":31},"end":{"line":546,"column":76}},"262":{"start":{"line":546,"column":63},"end":{"line":546,"column":75}},"263":{"start":{"line":547,"column":12},"end":{"line":549,"column":13}},"264":{"start":{"line":548,"column":16},"end":{"line":548,"column":40}},"265":{"start":{"line":550,"column":31},"end":{"line":550,"column":76}},"266":{"start":{"line":550,"column":63},"end":{"line":550,"column":75}},"267":{"start":{"line":552,"column":12},"end":{"line":566,"column":14}},"268":{"start":{"line":555,"column":20},"end":{"line":557,"column":23}},"269":{"start":{"line":556,"column":24},"end":{"line":556,"column":55}},"270":{"start":{"line":560,"column":20},"end":{"line":562,"column":23}},"271":{"start":{"line":561,"column":24},"end":{"line":561,"column":55}},"272":{"start":{"line":564,"column":48},"end":{"line":564,"column":63}},"273":{"start":{"line":568,"column":12},"end":{"line":568,"column":28}},"274":{"start":{"line":572,"column":12},"end":{"line":604,"column":13}},"275":{"start":{"line":574,"column":16},"end":{"line":577,"column":17}},"276":{"start":{"line":574,"column":33},"end":{"line":574,"column":43}},"277":{"start":{"line":575,"column":20},"end":{"line":575,"column":44}},"278":{"start":{"line":576,"column":20},"end":{"line":576,"column":42}},"279":{"start":{"line":578,"column":35},"end":{"line":578,"column":39}},"280":{"start":{"line":579,"column":16},"end":{"line":590,"column":19}},"281":{"start":{"line":580,"column":20},"end":{"line":589,"column":21}},"282":{"start":{"line":581,"column":24},"end":{"line":588,"column":25}},"283":{"start":{"line":582,"column":28},"end":{"line":584,"column":29}},"284":{"start":{"line":583,"column":32},"end":{"line":583,"column":118}},"285":{"start":{"line":583,"column":86},"end":{"line":583,"column":116}},"286":{"start":{"line":585,"column":31},"end":{"line":588,"column":25}},"287":{"start":{"line":586,"column":42},"end":{"line":586,"column":63}},"288":{"start":{"line":587,"column":28},"end":{"line":587,"column":72}},"289":{"start":{"line":587,"column":46},"end":{"line":587,"column":70}},"290":{"start":{"line":591,"column":19},"end":{"line":604,"column":13}},"291":{"start":{"line":593,"column":16},"end":{"line":593,"column":33}},"292":{"start":{"line":594,"column":16},"end":{"line":594,"column":31}},"293":{"start":{"line":595,"column":16},"end":{"line":595,"column":33}},"294":{"start":{"line":596,"column":16},"end":{"line":596,"column":34}},"295":{"start":{"line":597,"column":16},"end":{"line":597,"column":31}},"296":{"start":{"line":599,"column":16},"end":{"line":599,"column":34}},"297":{"start":{"line":602,"column":16},"end":{"line":603,"column":97}},"298":{"start":{"line":608,"column":27},"end":{"line":608,"column":29}},"299":{"start":{"line":609,"column":29},"end":{"line":638,"column":13}},"300":{"start":{"line":640,"column":26},"end":{"line":640,"column":62}},"301":{"start":{"line":641,"column":12},"end":{"line":644,"column":13}},"302":{"start":{"line":642,"column":33},"end":{"line":642,"column":38}},"303":{"start":{"line":643,"column":16},"end":{"line":643,"column":68}},"304":{"start":{"line":646,"column":12},"end":{"line":705,"column":13}},"305":{"start":{"line":647,"column":16},"end":{"line":649,"column":17}},"306":{"start":{"line":648,"column":20},"end":{"line":648,"column":29}},"307":{"start":{"line":651,"column":33},"end":{"line":651,"column":37}},"308":{"start":{"line":652,"column":16},"end":{"line":660,"column":17}},"309":{"start":{"line":653,"column":20},"end":{"line":653,"column":41}},"310":{"start":{"line":654,"column":23},"end":{"line":660,"column":17}},"311":{"start":{"line":655,"column":20},"end":{"line":655,"column":41}},"312":{"start":{"line":656,"column":23},"end":{"line":660,"column":17}},"313":{"start":{"line":657,"column":20},"end":{"line":657,"column":39}},"314":{"start":{"line":659,"column":20},"end":{"line":659,"column":88}},"315":{"start":{"line":662,"column":30},"end":{"line":662,"column":47}},"316":{"start":{"line":663,"column":16},"end":{"line":704,"column":17}},"317":{"start":{"line":664,"column":20},"end":{"line":664,"column":41}},"318":{"start":{"line":665,"column":20},"end":{"line":665,"column":45}},"319":{"start":{"line":666,"column":20},"end":{"line":666,"column":42}},"320":{"start":{"line":668,"column":42},"end":{"line":668,"column":48}},"321":{"start":{"line":669,"column":20},"end":{"line":669,"column":59}},"322":{"start":{"line":671,"column":20},"end":{"line":703,"column":21}},"323":{"start":{"line":672,"column":42},"end":{"line":674,"column":45}},"324":{"start":{"line":673,"column":44},"end":{"line":673,"column":51}},"325":{"start":{"line":674,"column":41},"end":{"line":674,"column":44}},"326":{"start":{"line":676,"column":43},"end":{"line":676,"column":55}},"327":{"start":{"line":677,"column":38},"end":{"line":677,"column":43}},"328":{"start":{"line":679,"column":24},"end":{"line":692,"column":25}},"329":{"start":{"line":680,"column":28},"end":{"line":684,"column":29}},"330":{"start":{"line":681,"column":53},"end":{"line":681,"column":80}},"331":{"start":{"line":682,"column":32},"end":{"line":682,"column":75}},"332":{"start":{"line":683,"column":32},"end":{"line":683,"column":68}},"333":{"start":{"line":685,"column":28},"end":{"line":685,"column":71}},"334":{"start":{"line":686,"column":28},"end":{"line":686,"column":52}},"335":{"start":{"line":688,"column":28},"end":{"line":691,"column":29}},"336":{"start":{"line":689,"column":32},"end":{"line":689,"column":57}},"337":{"start":{"line":690,"column":32},"end":{"line":690,"column":54}},"338":{"start":{"line":694,"column":40},"end":{"line":694,"column":71}},"339":{"start":{"line":695,"column":24},"end":{"line":699,"column":25}},"340":{"start":{"line":696,"column":49},"end":{"line":696,"column":73}},"341":{"start":{"line":697,"column":28},"end":{"line":697,"column":71}},"342":{"start":{"line":698,"column":28},"end":{"line":698,"column":64}},"343":{"start":{"line":701,"column":24},"end":{"line":701,"column":49}},"344":{"start":{"line":702,"column":24},"end":{"line":702,"column":46}},"345":{"start":{"line":707,"column":12},"end":{"line":717,"column":13}},"346":{"start":{"line":708,"column":16},"end":{"line":716,"column":17}},"347":{"start":{"line":709,"column":20},"end":{"line":715,"column":21}},"348":{"start":{"line":710,"column":24},"end":{"line":712,"column":25}},"349":{"start":{"line":711,"column":28},"end":{"line":711,"column":85}},"350":{"start":{"line":714,"column":24},"end":{"line":714,"column":57}},"351":{"start":{"line":719,"column":12},"end":{"line":719,"column":49}},"352":{"start":{"line":723,"column":12},"end":{"line":723,"column":73}},"353":{"start":{"line":724,"column":32},"end":{"line":728,"column":13}},"354":{"start":{"line":731,"column":31},"end":{"line":731,"column":38}},"355":{"start":{"line":732,"column":30},"end":{"line":732,"column":53}},"356":{"start":{"line":734,"column":16},"end":{"line":734,"column":73}},"357":{"start":{"line":735,"column":16},"end":{"line":735,"column":74}},"358":{"start":{"line":737,"column":16},"end":{"line":740,"column":19}},"359":{"start":{"line":742,"column":16},"end":{"line":742,"column":35}},"360":{"start":{"line":745,"column":12},"end":{"line":825,"column":13}},"361":{"start":{"line":746,"column":16},"end":{"line":746,"column":74}},"362":{"start":{"line":747,"column":16},"end":{"line":747,"column":86}},"363":{"start":{"line":748,"column":16},"end":{"line":748,"column":77}},"364":{"start":{"line":749,"column":16},"end":{"line":749,"column":87}},"365":{"start":{"line":750,"column":16},"end":{"line":750,"column":84}},"366":{"start":{"line":751,"column":16},"end":{"line":751,"column":73}},"367":{"start":{"line":753,"column":35},"end":{"line":753,"column":106}},"368":{"start":{"line":754,"column":40},"end":{"line":757,"column":22}},"369":{"start":{"line":755,"column":20},"end":{"line":755,"column":58}},"370":{"start":{"line":756,"column":20},"end":{"line":756,"column":39}},"371":{"start":{"line":760,"column":16},"end":{"line":824,"column":17}},"372":{"start":{"line":761,"column":20},"end":{"line":766,"column":23}},"373":{"start":{"line":768,"column":20},"end":{"line":768,"column":87}},"374":{"start":{"line":769,"column":20},"end":{"line":769,"column":79}},"375":{"start":{"line":770,"column":20},"end":{"line":770,"column":83}},"376":{"start":{"line":771,"column":20},"end":{"line":771,"column":91}},"377":{"start":{"line":772,"column":20},"end":{"line":772,"column":111}},"378":{"start":{"line":772,"column":57},"end":{"line":772,"column":109}},"379":{"start":{"line":774,"column":20},"end":{"line":776,"column":21}},"380":{"start":{"line":775,"column":24},"end":{"line":775,"column":83}},"381":{"start":{"line":778,"column":20},"end":{"line":782,"column":21}},"382":{"start":{"line":779,"column":24},"end":{"line":781,"column":26}},"383":{"start":{"line":784,"column":20},"end":{"line":823,"column":21}},"384":{"start":{"line":785,"column":24},"end":{"line":797,"column":27}},"385":{"start":{"line":798,"column":27},"end":{"line":823,"column":21}},"386":{"start":{"line":799,"column":24},"end":{"line":818,"column":27}},"387":{"start":{"line":800,"column":68},"end":{"line":800,"column":106}},"388":{"start":{"line":808,"column":76},"end":{"line":808,"column":113}},"389":{"start":{"line":820,"column":24},"end":{"line":822,"column":26}},"390":{"start":{"line":829,"column":29},"end":{"line":829,"column":53}},"391":{"start":{"line":830,"column":34},"end":{"line":830,"column":95}},"392":{"start":{"line":832,"column":12},"end":{"line":849,"column":13}},"393":{"start":{"line":833,"column":16},"end":{"line":848,"column":18}},"394":{"start":{"line":836,"column":24},"end":{"line":838,"column":27}},"395":{"start":{"line":837,"column":28},"end":{"line":837,"column":50}},"396":{"start":{"line":841,"column":24},"end":{"line":844,"column":27}},"397":{"start":{"line":842,"column":28},"end":{"line":842,"column":51}},"398":{"start":{"line":843,"column":28},"end":{"line":843,"column":56}},"399":{"start":{"line":846,"column":50},"end":{"line":846,"column":65}},"400":{"start":{"line":851,"column":12},"end":{"line":851,"column":64}},"401":{"start":{"line":851,"column":48},"end":{"line":851,"column":62}},"402":{"start":{"line":855,"column":12},"end":{"line":855,"column":76}},"403":{"start":{"line":856,"column":12},"end":{"line":856,"column":63}},"404":{"start":{"line":857,"column":12},"end":{"line":857,"column":63}},"405":{"start":{"line":859,"column":34},"end":{"line":859,"column":38}},"406":{"start":{"line":860,"column":31},"end":{"line":860,"column":35}},"407":{"start":{"line":861,"column":12},"end":{"line":876,"column":13}},"408":{"start":{"line":862,"column":16},"end":{"line":862,"column":74}},"409":{"start":{"line":863,"column":16},"end":{"line":865,"column":17}},"410":{"start":{"line":864,"column":20},"end":{"line":864,"column":29}},"411":{"start":{"line":867,"column":31},"end":{"line":867,"column":59}},"412":{"start":{"line":868,"column":16},"end":{"line":870,"column":17}},"413":{"start":{"line":869,"column":20},"end":{"line":869,"column":119}},"414":{"start":{"line":871,"column":33},"end":{"line":871,"column":96}},"415":{"start":{"line":872,"column":16},"end":{"line":875,"column":17}},"416":{"start":{"line":873,"column":20},"end":{"line":873,"column":47}},"417":{"start":{"line":874,"column":20},"end":{"line":874,"column":41}},"418":{"start":{"line":878,"column":12},"end":{"line":881,"column":14}},"419":{"start":{"line":885,"column":25},"end":{"line":885,"column":55}},"420":{"start":{"line":886,"column":30},"end":{"line":886,"column":98}},"421":{"start":{"line":886,"column":52},"end":{"line":886,"column":68}},"422":{"start":{"line":886,"column":82},"end":{"line":886,"column":98}},"423":{"start":{"line":887,"column":27},"end":{"line":887,"column":81}},"424":{"start":{"line":887,"column":49},"end":{"line":887,"column":58}},"425":{"start":{"line":887,"column":72},"end":{"line":887,"column":81}},"426":{"start":{"line":888,"column":12},"end":{"line":912,"column":13}},"427":{"start":{"line":888,"column":29},"end":{"line":888,"column":38}},"428":{"start":{"line":889,"column":16},"end":{"line":891,"column":17}},"429":{"start":{"line":889,"column":79},"end":{"line":889,"column":93}},"430":{"start":{"line":890,"column":20},"end":{"line":890,"column":29}},"431":{"start":{"line":892,"column":16},"end":{"line":894,"column":17}},"432":{"start":{"line":892,"column":73},"end":{"line":892,"column":85}},"433":{"start":{"line":893,"column":20},"end":{"line":893,"column":29}},"434":{"start":{"line":895,"column":39},"end":{"line":895,"column":84}},"435":{"start":{"line":895,"column":69},"end":{"line":895,"column":83}},"436":{"start":{"line":896,"column":28},"end":{"line":896,"column":33}},"437":{"start":{"line":897,"column":16},"end":{"line":907,"column":17}},"438":{"start":{"line":898,"column":38},"end":{"line":898,"column":67}},"439":{"start":{"line":899,"column":44},"end":{"line":899,"column":53}},"440":{"start":{"line":900,"column":33},"end":{"line":900,"column":61}},"441":{"start":{"line":901,"column":38},"end":{"line":901,"column":56}},"442":{"start":{"line":902,"column":38},"end":{"line":902,"column":59}},"443":{"start":{"line":903,"column":20},"end":{"line":906,"column":21}},"444":{"start":{"line":904,"column":24},"end":{"line":904,"column":37}},"445":{"start":{"line":905,"column":24},"end":{"line":905,"column":30}},"446":{"start":{"line":909,"column":16},"end":{"line":909,"column":36}},"447":{"start":{"line":909,"column":27},"end":{"line":909,"column":36}},"448":{"start":{"line":911,"column":16},"end":{"line":911,"column":29}},"449":{"start":{"line":914,"column":12},"end":{"line":914,"column":24}},"450":{"start":{"line":918,"column":25},"end":{"line":918,"column":55}},"451":{"start":{"line":919,"column":31},"end":{"line":919,"column":54}},"452":{"start":{"line":920,"column":33},"end":{"line":920,"column":104}},"453":{"start":{"line":922,"column":30},"end":{"line":922,"column":98}},"454":{"start":{"line":922,"column":52},"end":{"line":922,"column":68}},"455":{"start":{"line":922,"column":82},"end":{"line":922,"column":98}},"456":{"start":{"line":923,"column":27},"end":{"line":923,"column":81}},"457":{"start":{"line":923,"column":49},"end":{"line":923,"column":58}},"458":{"start":{"line":923,"column":72},"end":{"line":923,"column":81}},"459":{"start":{"line":924,"column":12},"end":{"line":953,"column":13}},"460":{"start":{"line":924,"column":29},"end":{"line":924,"column":38}},"461":{"start":{"line":928,"column":35},"end":{"line":935,"column":17}},"462":{"start":{"line":930,"column":43},"end":{"line":930,"column":57}},"463":{"start":{"line":931,"column":40},"end":{"line":931,"column":56}},"464":{"start":{"line":933,"column":41},"end":{"line":933,"column":53}},"465":{"start":{"line":934,"column":38},"end":{"line":934,"column":52}},"466":{"start":{"line":936,"column":31},"end":{"line":940,"column":54}},"467":{"start":{"line":938,"column":24},"end":{"line":939,"column":57}},"468":{"start":{"line":940,"column":39},"end":{"line":940,"column":53}},"469":{"start":{"line":941,"column":16},"end":{"line":941,"column":110}},"470":{"start":{"line":941,"column":57},"end":{"line":941,"column":73}},"471":{"start":{"line":941,"column":93},"end":{"line":941,"column":107}},"472":{"start":{"line":944,"column":16},"end":{"line":946,"column":17}},"473":{"start":{"line":945,"column":20},"end":{"line":945,"column":29}},"474":{"start":{"line":949,"column":33},"end":{"line":949,"column":83}},"475":{"start":{"line":950,"column":16},"end":{"line":952,"column":17}},"476":{"start":{"line":951,"column":20},"end":{"line":951,"column":33}},"477":{"start":{"line":955,"column":12},"end":{"line":955,"column":24}},"478":{"start":{"line":959,"column":4},"end":{"line":959,"column":32}}},"fnMap":{"0":{"name":"(anonymous_0)","decl":{"start":{"line":5,"column":1},"end":{"line":5,"column":2}},"loc":{"start":{"line":5,"column":7},"end":{"line":960,"column":1}},"line":5},"1":{"name":"shapeFactory","decl":{"start":{"line":35,"column":13},"end":{"line":35,"column":25}},"loc":{"start":{"line":35,"column":58},"end":{"line":64,"column":5}},"line":35},"2":{"name":"trackFactory","decl":{"start":{"line":66,"column":13},"end":{"line":66,"column":25}},"loc":{"start":{"line":66,"column":58},"end":{"line":100,"column":5}},"line":66},"3":{"name":"(anonymous_3)","decl":{"start":{"line":103,"column":8},"end":{"line":103,"column":9}},"loc":{"start":{"line":103,"column":26},"end":{"line":131,"column":9}},"line":103},"4":{"name":"(anonymous_4)","decl":{"start":{"line":108,"column":45},"end":{"line":108,"column":46}},"loc":{"start":{"line":108,"column":74},"end":{"line":111,"column":13}},"line":108},"5":{"name":"(anonymous_5)","decl":{"start":{"line":133,"column":8},"end":{"line":133,"column":9}},"loc":{"start":{"line":133,"column":21},"end":{"line":175,"column":9}},"line":133},"6":{"name":"(anonymous_6)","decl":{"start":{"line":177,"column":8},"end":{"line":177,"column":9}},"loc":{"start":{"line":177,"column":17},"end":{"line":197,"column":9}},"line":177},"7":{"name":"(anonymous_7)","decl":{"start":{"line":179,"column":43},"end":{"line":179,"column":44}},"loc":{"start":{"line":179,"column":54},"end":{"line":179,"column":68}},"line":179},"8":{"name":"(anonymous_8)","decl":{"start":{"line":179,"column":74},"end":{"line":179,"column":75}},"loc":{"start":{"line":179,"column":85},"end":{"line":179,"column":99}},"line":179},"9":{"name":"(anonymous_9)","decl":{"start":{"line":181,"column":28},"end":{"line":181,"column":29}},"loc":{"start":{"line":181,"column":52},"end":{"line":184,"column":21}},"line":181},"10":{"name":"(anonymous_10)","decl":{"start":{"line":185,"column":28},"end":{"line":185,"column":29}},"loc":{"start":{"line":185,"column":39},"end":{"line":185,"column":53}},"line":185},"11":{"name":"(anonymous_11)","decl":{"start":{"line":186,"column":25},"end":{"line":186,"column":26}},"loc":{"start":{"line":186,"column":36},"end":{"line":186,"column":50}},"line":186},"12":{"name":"(anonymous_12)","decl":{"start":{"line":188,"column":28},"end":{"line":188,"column":29}},"loc":{"start":{"line":188,"column":52},"end":{"line":191,"column":21}},"line":188},"13":{"name":"(anonymous_13)","decl":{"start":{"line":192,"column":28},"end":{"line":192,"column":29}},"loc":{"start":{"line":192,"column":37},"end":{"line":192,"column":49}},"line":192},"14":{"name":"(anonymous_14)","decl":{"start":{"line":193,"column":25},"end":{"line":193,"column":26}},"loc":{"start":{"line":193,"column":34},"end":{"line":193,"column":46}},"line":193},"15":{"name":"(anonymous_15)","decl":{"start":{"line":199,"column":8},"end":{"line":199,"column":9}},"loc":{"start":{"line":199,"column":39},"end":{"line":236,"column":9}},"line":199},"16":{"name":"(anonymous_16)","decl":{"start":{"line":227,"column":33},"end":{"line":227,"column":34}},"loc":{"start":{"line":227,"column":53},"end":{"line":233,"column":13}},"line":227},"17":{"name":"(anonymous_17)","decl":{"start":{"line":238,"column":8},"end":{"line":238,"column":9}},"loc":{"start":{"line":238,"column":28},"end":{"line":426,"column":9}},"line":238},"18":{"name":"(anonymous_18)","decl":{"start":{"line":241,"column":53},"end":{"line":241,"column":54}},"loc":{"start":{"line":241,"column":64},"end":{"line":250,"column":13}},"line":241},"19":{"name":"(anonymous_19)","decl":{"start":{"line":262,"column":60},"end":{"line":262,"column":61}},"loc":{"start":{"line":262,"column":88},"end":{"line":265,"column":13}},"line":262},"20":{"name":"(anonymous_20)","decl":{"start":{"line":296,"column":74},"end":{"line":296,"column":75}},"loc":{"start":{"line":296,"column":99},"end":{"line":305,"column":25}},"line":296},"21":{"name":"(anonymous_21)","decl":{"start":{"line":349,"column":91},"end":{"line":349,"column":92}},"loc":{"start":{"line":349,"column":116},"end":{"line":356,"column":29}},"line":349},"22":{"name":"(anonymous_22)","decl":{"start":{"line":368,"column":60},"end":{"line":368,"column":61}},"loc":{"start":{"line":368,"column":70},"end":{"line":368,"column":77}},"line":368},"23":{"name":"(anonymous_23)","decl":{"start":{"line":382,"column":47},"end":{"line":382,"column":48}},"loc":{"start":{"line":382,"column":58},"end":{"line":382,"column":64}},"line":382},"24":{"name":"(anonymous_24)","decl":{"start":{"line":388,"column":75},"end":{"line":388,"column":76}},"loc":{"start":{"line":388,"column":100},"end":{"line":397,"column":17}},"line":388},"25":{"name":"(anonymous_25)","decl":{"start":{"line":411,"column":16},"end":{"line":411,"column":17}},"loc":{"start":{"line":411,"column":22},"end":{"line":416,"column":17}},"line":411},"26":{"name":"(anonymous_26)","decl":{"start":{"line":417,"column":16},"end":{"line":417,"column":17}},"loc":{"start":{"line":417,"column":22},"end":{"line":422,"column":17}},"line":417},"27":{"name":"(anonymous_27)","decl":{"start":{"line":423,"column":40},"end":{"line":423,"column":41}},"loc":{"start":{"line":423,"column":52},"end":{"line":423,"column":67}},"line":423},"28":{"name":"(anonymous_28)","decl":{"start":{"line":428,"column":8},"end":{"line":428,"column":9}},"loc":{"start":{"line":428,"column":34},"end":{"line":531,"column":9}},"line":428},"29":{"name":"(anonymous_29)","decl":{"start":{"line":441,"column":62},"end":{"line":441,"column":63}},"loc":{"start":{"line":441,"column":72},"end":{"line":441,"column":79}},"line":441},"30":{"name":"(anonymous_30)","decl":{"start":{"line":446,"column":67},"end":{"line":446,"column":68}},"loc":{"start":{"line":446,"column":95},"end":{"line":449,"column":13}},"line":446},"31":{"name":"(anonymous_31)","decl":{"start":{"line":459,"column":71},"end":{"line":459,"column":72}},"loc":{"start":{"line":459,"column":96},"end":{"line":468,"column":17}},"line":459},"32":{"name":"(anonymous_32)","decl":{"start":{"line":484,"column":32},"end":{"line":484,"column":33}},"loc":{"start":{"line":484,"column":43},"end":{"line":493,"column":13}},"line":484},"33":{"name":"(anonymous_33)","decl":{"start":{"line":497,"column":34},"end":{"line":497,"column":35}},"loc":{"start":{"line":497,"column":45},"end":{"line":497,"column":70}},"line":497},"34":{"name":"(anonymous_34)","decl":{"start":{"line":518,"column":16},"end":{"line":518,"column":17}},"loc":{"start":{"line":518,"column":22},"end":{"line":522,"column":17}},"line":518},"35":{"name":"(anonymous_35)","decl":{"start":{"line":523,"column":16},"end":{"line":523,"column":17}},"loc":{"start":{"line":523,"column":22},"end":{"line":527,"column":17}},"line":523},"36":{"name":"(anonymous_36)","decl":{"start":{"line":533,"column":8},"end":{"line":533,"column":9}},"loc":{"start":{"line":533,"column":35},"end":{"line":569,"column":9}},"line":533},"37":{"name":"(anonymous_37)","decl":{"start":{"line":536,"column":53},"end":{"line":536,"column":54}},"loc":{"start":{"line":536,"column":64},"end":{"line":543,"column":13}},"line":536},"38":{"name":"(anonymous_38)","decl":{"start":{"line":546,"column":51},"end":{"line":546,"column":52}},"loc":{"start":{"line":546,"column":63},"end":{"line":546,"column":75}},"line":546},"39":{"name":"(anonymous_39)","decl":{"start":{"line":550,"column":51},"end":{"line":550,"column":52}},"loc":{"start":{"line":550,"column":63},"end":{"line":550,"column":75}},"line":550},"40":{"name":"(anonymous_40)","decl":{"start":{"line":554,"column":16},"end":{"line":554,"column":17}},"loc":{"start":{"line":554,"column":22},"end":{"line":558,"column":17}},"line":554},"41":{"name":"(anonymous_41)","decl":{"start":{"line":555,"column":44},"end":{"line":555,"column":45}},"loc":{"start":{"line":555,"column":61},"end":{"line":557,"column":21}},"line":555},"42":{"name":"(anonymous_42)","decl":{"start":{"line":559,"column":16},"end":{"line":559,"column":17}},"loc":{"start":{"line":559,"column":22},"end":{"line":563,"column":17}},"line":559},"43":{"name":"(anonymous_43)","decl":{"start":{"line":560,"column":44},"end":{"line":560,"column":45}},"loc":{"start":{"line":560,"column":61},"end":{"line":562,"column":21}},"line":560},"44":{"name":"(anonymous_44)","decl":{"start":{"line":564,"column":36},"end":{"line":564,"column":37}},"loc":{"start":{"line":564,"column":48},"end":{"line":564,"column":63}},"line":564},"45":{"name":"(anonymous_45)","decl":{"start":{"line":571,"column":8},"end":{"line":571,"column":9}},"loc":{"start":{"line":571,"column":59},"end":{"line":605,"column":9}},"line":571},"46":{"name":"(anonymous_46)","decl":{"start":{"line":579,"column":31},"end":{"line":579,"column":32}},"loc":{"start":{"line":579,"column":42},"end":{"line":590,"column":17}},"line":579},"47":{"name":"(anonymous_47)","decl":{"start":{"line":607,"column":8},"end":{"line":607,"column":9}},"loc":{"start":{"line":607,"column":21},"end":{"line":720,"column":9}},"line":607},"48":{"name":"(anonymous_48)","decl":{"start":{"line":673,"column":34},"end":{"line":673,"column":35}},"loc":{"start":{"line":673,"column":44},"end":{"line":673,"column":51}},"line":673},"49":{"name":"(anonymous_49)","decl":{"start":{"line":674,"column":33},"end":{"line":674,"column":34}},"loc":{"start":{"line":674,"column":41},"end":{"line":674,"column":44}},"line":674},"50":{"name":"(anonymous_50)","decl":{"start":{"line":722,"column":8},"end":{"line":722,"column":9}},"loc":{"start":{"line":722,"column":26},"end":{"line":852,"column":9}},"line":722},"51":{"name":"convertAttributes","decl":{"start":{"line":730,"column":21},"end":{"line":730,"column":38}},"loc":{"start":{"line":730,"column":60},"end":{"line":743,"column":13}},"line":730},"52":{"name":"(anonymous_52)","decl":{"start":{"line":754,"column":70},"end":{"line":754,"column":71}},"loc":{"start":{"line":754,"column":98},"end":{"line":757,"column":17}},"line":754},"53":{"name":"(anonymous_53)","decl":{"start":{"line":772,"column":47},"end":{"line":772,"column":48}},"loc":{"start":{"line":772,"column":57},"end":{"line":772,"column":109}},"line":772},"54":{"name":"(anonymous_54)","decl":{"start":{"line":800,"column":58},"end":{"line":800,"column":59}},"loc":{"start":{"line":800,"column":68},"end":{"line":800,"column":106}},"line":800},"55":{"name":"(anonymous_55)","decl":{"start":{"line":808,"column":66},"end":{"line":808,"column":67}},"loc":{"start":{"line":808,"column":76},"end":{"line":808,"column":113}},"line":808},"56":{"name":"(anonymous_56)","decl":{"start":{"line":835,"column":20},"end":{"line":835,"column":21}},"loc":{"start":{"line":835,"column":26},"end":{"line":839,"column":21}},"line":835},"57":{"name":"(anonymous_57)","decl":{"start":{"line":836,"column":46},"end":{"line":836,"column":47}},"loc":{"start":{"line":836,"column":58},"end":{"line":838,"column":25}},"line":836},"58":{"name":"(anonymous_58)","decl":{"start":{"line":840,"column":20},"end":{"line":840,"column":21}},"loc":{"start":{"line":840,"column":26},"end":{"line":845,"column":21}},"line":840},"59":{"name":"(anonymous_59)","decl":{"start":{"line":841,"column":46},"end":{"line":841,"column":47}},"loc":{"start":{"line":841,"column":58},"end":{"line":844,"column":25}},"line":841},"60":{"name":"(anonymous_60)","decl":{"start":{"line":846,"column":38},"end":{"line":846,"column":39}},"loc":{"start":{"line":846,"column":50},"end":{"line":846,"column":65}},"line":846},"61":{"name":"(anonymous_61)","decl":{"start":{"line":851,"column":37},"end":{"line":851,"column":38}},"loc":{"start":{"line":851,"column":48},"end":{"line":851,"column":62}},"line":851},"62":{"name":"(anonymous_62)","decl":{"start":{"line":854,"column":8},"end":{"line":854,"column":9}},"loc":{"start":{"line":854,"column":35},"end":{"line":882,"column":9}},"line":854},"63":{"name":"(anonymous_63)","decl":{"start":{"line":884,"column":8},"end":{"line":884,"column":9}},"loc":{"start":{"line":884,"column":40},"end":{"line":915,"column":9}},"line":884},"64":{"name":"(anonymous_64)","decl":{"start":{"line":886,"column":41},"end":{"line":886,"column":42}},"loc":{"start":{"line":886,"column":52},"end":{"line":886,"column":68}},"line":886},"65":{"name":"(anonymous_65)","decl":{"start":{"line":886,"column":71},"end":{"line":886,"column":72}},"loc":{"start":{"line":886,"column":82},"end":{"line":886,"column":98}},"line":886},"66":{"name":"(anonymous_66)","decl":{"start":{"line":887,"column":38},"end":{"line":887,"column":39}},"loc":{"start":{"line":887,"column":49},"end":{"line":887,"column":58}},"line":887},"67":{"name":"(anonymous_67)","decl":{"start":{"line":887,"column":61},"end":{"line":887,"column":62}},"loc":{"start":{"line":887,"column":72},"end":{"line":887,"column":81}},"line":887},"68":{"name":"(anonymous_68)","decl":{"start":{"line":889,"column":68},"end":{"line":889,"column":69}},"loc":{"start":{"line":889,"column":79},"end":{"line":889,"column":93}},"line":889},"69":{"name":"(anonymous_69)","decl":{"start":{"line":892,"column":64},"end":{"line":892,"column":65}},"loc":{"start":{"line":892,"column":73},"end":{"line":892,"column":85}},"line":892},"70":{"name":"(anonymous_70)","decl":{"start":{"line":895,"column":58},"end":{"line":895,"column":59}},"loc":{"start":{"line":895,"column":69},"end":{"line":895,"column":83}},"line":895},"71":{"name":"(anonymous_71)","decl":{"start":{"line":917,"column":8},"end":{"line":917,"column":9}},"loc":{"start":{"line":917,"column":44},"end":{"line":956,"column":9}},"line":917},"72":{"name":"(anonymous_72)","decl":{"start":{"line":922,"column":41},"end":{"line":922,"column":42}},"loc":{"start":{"line":922,"column":52},"end":{"line":922,"column":68}},"line":922},"73":{"name":"(anonymous_73)","decl":{"start":{"line":922,"column":71},"end":{"line":922,"column":72}},"loc":{"start":{"line":922,"column":82},"end":{"line":922,"column":98}},"line":922},"74":{"name":"(anonymous_74)","decl":{"start":{"line":923,"column":38},"end":{"line":923,"column":39}},"loc":{"start":{"line":923,"column":49},"end":{"line":923,"column":58}},"line":923},"75":{"name":"(anonymous_75)","decl":{"start":{"line":923,"column":61},"end":{"line":923,"column":62}},"loc":{"start":{"line":923,"column":72},"end":{"line":923,"column":81}},"line":923},"76":{"name":"(anonymous_76)","decl":{"start":{"line":930,"column":32},"end":{"line":930,"column":33}},"loc":{"start":{"line":930,"column":43},"end":{"line":930,"column":57}},"line":930},"77":{"name":"(anonymous_77)","decl":{"start":{"line":931,"column":29},"end":{"line":931,"column":30}},"loc":{"start":{"line":931,"column":40},"end":{"line":931,"column":56}},"line":931},"78":{"name":"(anonymous_78)","decl":{"start":{"line":933,"column":32},"end":{"line":933,"column":33}},"loc":{"start":{"line":933,"column":41},"end":{"line":933,"column":53}},"line":933},"79":{"name":"(anonymous_79)","decl":{"start":{"line":934,"column":29},"end":{"line":934,"column":30}},"loc":{"start":{"line":934,"column":38},"end":{"line":934,"column":52}},"line":934},"80":{"name":"(anonymous_80)","decl":{"start":{"line":937,"column":28},"end":{"line":937,"column":29}},"loc":{"start":{"line":938,"column":24},"end":{"line":939,"column":57}},"line":938},"81":{"name":"(anonymous_81)","decl":{"start":{"line":940,"column":28},"end":{"line":940,"column":29}},"loc":{"start":{"line":940,"column":39},"end":{"line":940,"column":53}},"line":940},"82":{"name":"(anonymous_82)","decl":{"start":{"line":941,"column":46},"end":{"line":941,"column":47}},"loc":{"start":{"line":941,"column":57},"end":{"line":941,"column":73}},"line":941},"83":{"name":"(anonymous_83)","decl":{"start":{"line":941,"column":82},"end":{"line":941,"column":83}},"loc":{"start":{"line":941,"column":93},"end":{"line":941,"column":107}},"line":941}},"branchMap":{"0":{"loc":{"start":{"line":40,"column":8},"end":{"line":61,"column":9}},"type":"switch","locations":[{"start":{"line":41,"column":12},"end":{"line":43,"column":22}},{"start":{"line":44,"column":12},"end":{"line":46,"column":22}},{"start":{"line":47,"column":12},"end":{"line":49,"column":22}},{"start":{"line":50,"column":12},"end":{"line":52,"column":22}},{"start":{"line":53,"column":12},"end":{"line":55,"column":22}},{"start":{"line":56,"column":12},"end":{"line":58,"column":22}},{"start":{"line":59,"column":12},"end":{"line":60,"column":77}}],"line":40},"1":{"loc":{"start":{"line":67,"column":8},"end":{"line":96,"column":9}},"type":"if","locations":[{"start":{"line":67,"column":8},"end":{"line":96,"column":9}},{"start":{},"end":{}}],"line":67},"2":{"loc":{"start":{"line":72,"column":12},"end":{"line":93,"column":13}},"type":"switch","locations":[{"start":{"line":73,"column":16},"end":{"line":75,"column":26}},{"start":{"line":76,"column":16},"end":{"line":78,"column":26}},{"start":{"line":79,"column":16},"end":{"line":81,"column":26}},{"start":{"line":82,"column":16},"end":{"line":84,"column":26}},{"start":{"line":85,"column":16},"end":{"line":87,"column":26}},{"start":{"line":88,"column":16},"end":{"line":90,"column":26}},{"start":{"line":91,"column":16},"end":{"line":92,"column":81}}],"line":72},"3":{"loc":{"start":{"line":144,"column":44},"end":{"line":144,"column":75}},"type":"binary-expr","locations":[{"start":{"line":144,"column":44},"end":{"line":144,"column":69}},{"start":{"line":144,"column":73},"end":{"line":144,"column":75}}],"line":144},"4":{"loc":{"start":{"line":154,"column":48},"end":{"line":154,"column":83}},"type":"binary-expr","locations":[{"start":{"line":154,"column":48},"end":{"line":154,"column":77}},{"start":{"line":154,"column":81},"end":{"line":154,"column":83}}],"line":154},"5":{"loc":{"start":{"line":166,"column":16},"end":{"line":171,"column":17}},"type":"if","locations":[{"start":{"line":166,"column":16},"end":{"line":171,"column":17}},{"start":{},"end":{}}],"line":166},"6":{"loc":{"start":{"line":201,"column":27},"end":{"line":201,"column":51}},"type":"binary-expr","locations":[{"start":{"line":201,"column":27},"end":{"line":201,"column":45}},{"start":{"line":201,"column":49},"end":{"line":201,"column":51}}],"line":201},"7":{"loc":{"start":{"line":202,"column":25},"end":{"line":202,"column":47}},"type":"binary-expr","locations":[{"start":{"line":202,"column":25},"end":{"line":202,"column":41}},{"start":{"line":202,"column":45},"end":{"line":202,"column":47}}],"line":202},"8":{"loc":{"start":{"line":211,"column":16},"end":{"line":213,"column":17}},"type":"if","locations":[{"start":{"line":211,"column":16},"end":{"line":213,"column":17}},{"start":{},"end":{}}],"line":211},"9":{"loc":{"start":{"line":216,"column":16},"end":{"line":218,"column":17}},"type":"if","locations":[{"start":{"line":216,"column":16},"end":{"line":218,"column":17}},{"start":{},"end":{}}],"line":216},"10":{"loc":{"start":{"line":216,"column":20},"end":{"line":216,"column":74}},"type":"binary-expr","locations":[{"start":{"line":216,"column":20},"end":{"line":216,"column":30}},{"start":{"line":216,"column":34},"end":{"line":216,"column":51}},{"start":{"line":216,"column":55},"end":{"line":216,"column":74}}],"line":216},"11":{"loc":{"start":{"line":228,"column":16},"end":{"line":232,"column":17}},"type":"if","locations":[{"start":{"line":228,"column":16},"end":{"line":232,"column":17}},{"start":{},"end":{}}],"line":228},"12":{"loc":{"start":{"line":228,"column":20},"end":{"line":228,"column":76}},"type":"binary-expr","locations":[{"start":{"line":228,"column":20},"end":{"line":228,"column":35}},{"start":{"line":228,"column":39},"end":{"line":228,"column":76}}],"line":228},"13":{"loc":{"start":{"line":240,"column":12},"end":{"line":240,"column":45}},"type":"if","locations":[{"start":{"line":240,"column":12},"end":{"line":240,"column":45}},{"start":{},"end":{}}],"line":240},"14":{"loc":{"start":{"line":244,"column":16},"end":{"line":248,"column":17}},"type":"if","locations":[{"start":{"line":244,"column":16},"end":{"line":248,"column":17}},{"start":{},"end":{}}],"line":244},"15":{"loc":{"start":{"line":254,"column":12},"end":{"line":256,"column":13}},"type":"if","locations":[{"start":{"line":254,"column":12},"end":{"line":256,"column":13}},{"start":{},"end":{}}],"line":254},"16":{"loc":{"start":{"line":258,"column":12},"end":{"line":260,"column":13}},"type":"if","locations":[{"start":{"line":258,"column":12},"end":{"line":260,"column":13}},{"start":{},"end":{}}],"line":258},"17":{"loc":{"start":{"line":271,"column":16},"end":{"line":275,"column":17}},"type":"if","locations":[{"start":{"line":271,"column":16},"end":{"line":275,"column":17}},{"start":{},"end":{}}],"line":271},"18":{"loc":{"start":{"line":277,"column":16},"end":{"line":279,"column":17}},"type":"if","locations":[{"start":{"line":277,"column":16},"end":{"line":279,"column":17}},{"start":{},"end":{}}],"line":277},"19":{"loc":{"start":{"line":282,"column":16},"end":{"line":364,"column":17}},"type":"if","locations":[{"start":{"line":282,"column":16},"end":{"line":364,"column":17}},{"start":{"line":315,"column":23},"end":{"line":364,"column":17}}],"line":282},"20":{"loc":{"start":{"line":284,"column":20},"end":{"line":286,"column":21}},"type":"if","locations":[{"start":{"line":284,"column":20},"end":{"line":286,"column":21}},{"start":{},"end":{}}],"line":284},"21":{"loc":{"start":{"line":284,"column":24},"end":{"line":284,"column":85}},"type":"binary-expr","locations":[{"start":{"line":284,"column":24},"end":{"line":284,"column":49}},{"start":{"line":284,"column":53},"end":{"line":284,"column":85}}],"line":284},"22":{"loc":{"start":{"line":298,"column":28},"end":{"line":303,"column":29}},"type":"if","locations":[{"start":{"line":298,"column":28},"end":{"line":303,"column":29}},{"start":{},"end":{}}],"line":298},"23":{"loc":{"start":{"line":298,"column":32},"end":{"line":298,"column":92}},"type":"binary-expr","locations":[{"start":{"line":298,"column":32},"end":{"line":298,"column":57}},{"start":{"line":298,"column":61},"end":{"line":298,"column":92}}],"line":298},"24":{"loc":{"start":{"line":310,"column":20},"end":{"line":314,"column":21}},"type":"if","locations":[{"start":{"line":310,"column":20},"end":{"line":314,"column":21}},{"start":{},"end":{}}],"line":310},"25":{"loc":{"start":{"line":310,"column":24},"end":{"line":310,"column":94}},"type":"binary-expr","locations":[{"start":{"line":310,"column":24},"end":{"line":310,"column":56}},{"start":{"line":310,"column":60},"end":{"line":310,"column":94}}],"line":310},"26":{"loc":{"start":{"line":315,"column":23},"end":{"line":364,"column":17}},"type":"if","locations":[{"start":{"line":315,"column":23},"end":{"line":364,"column":17}},{"start":{"line":359,"column":23},"end":{"line":364,"column":17}}],"line":315},"27":{"loc":{"start":{"line":322,"column":24},"end":{"line":329,"column":25}},"type":"if","locations":[{"start":{"line":322,"column":24},"end":{"line":329,"column":25}},{"start":{},"end":{}}],"line":322},"28":{"loc":{"start":{"line":322,"column":28},"end":{"line":322,"column":81}},"type":"binary-expr","locations":[{"start":{"line":322,"column":28},"end":{"line":322,"column":49}},{"start":{"line":322,"column":53},"end":{"line":322,"column":81}}],"line":322},"29":{"loc":{"start":{"line":324,"column":28},"end":{"line":326,"column":29}},"type":"if","locations":[{"start":{"line":324,"column":28},"end":{"line":326,"column":29}},{"start":{},"end":{}}],"line":324},"30":{"loc":{"start":{"line":335,"column":28},"end":{"line":338,"column":29}},"type":"if","locations":[{"start":{"line":335,"column":28},"end":{"line":338,"column":29}},{"start":{},"end":{}}],"line":335},"31":{"loc":{"start":{"line":335,"column":32},"end":{"line":335,"column":106}},"type":"binary-expr","locations":[{"start":{"line":335,"column":32},"end":{"line":335,"column":55}},{"start":{"line":335,"column":59},"end":{"line":335,"column":106}}],"line":335},"32":{"loc":{"start":{"line":349,"column":40},"end":{"line":356,"column":39}},"type":"cond-expr","locations":[{"start":{"line":349,"column":60},"end":{"line":356,"column":34}},{"start":{"line":356,"column":37},"end":{"line":356,"column":39}}],"line":349},"33":{"loc":{"start":{"line":370,"column":34},"end":{"line":370,"column":77}},"type":"binary-expr","locations":[{"start":{"line":370,"column":34},"end":{"line":370,"column":49}},{"start":{"line":370,"column":53},"end":{"line":370,"column":77}}],"line":370},"34":{"loc":{"start":{"line":371,"column":16},"end":{"line":375,"column":17}},"type":"if","locations":[{"start":{"line":371,"column":16},"end":{"line":375,"column":17}},{"start":{"line":373,"column":23},"end":{"line":375,"column":17}}],"line":371},"35":{"loc":{"start":{"line":371,"column":20},"end":{"line":371,"column":64}},"type":"binary-expr","locations":[{"start":{"line":371,"column":20},"end":{"line":371,"column":36}},{"start":{"line":371,"column":40},"end":{"line":371,"column":64}}],"line":371},"36":{"loc":{"start":{"line":389,"column":20},"end":{"line":394,"column":21}},"type":"if","locations":[{"start":{"line":389,"column":20},"end":{"line":394,"column":21}},{"start":{},"end":{}}],"line":389},"37":{"loc":{"start":{"line":433,"column":12},"end":{"line":435,"column":13}},"type":"if","locations":[{"start":{"line":433,"column":12},"end":{"line":435,"column":13}},{"start":{},"end":{}}],"line":433},"38":{"loc":{"start":{"line":437,"column":12},"end":{"line":439,"column":13}},"type":"if","locations":[{"start":{"line":437,"column":12},"end":{"line":439,"column":13}},{"start":{},"end":{}}],"line":437},"39":{"loc":{"start":{"line":442,"column":12},"end":{"line":444,"column":13}},"type":"if","locations":[{"start":{"line":442,"column":12},"end":{"line":444,"column":13}},{"start":{},"end":{}}],"line":442},"40":{"loc":{"start":{"line":460,"column":20},"end":{"line":465,"column":21}},"type":"if","locations":[{"start":{"line":460,"column":20},"end":{"line":465,"column":21}},{"start":{},"end":{}}],"line":460},"41":{"loc":{"start":{"line":486,"column":16},"end":{"line":490,"column":17}},"type":"if","locations":[{"start":{"line":486,"column":16},"end":{"line":490,"column":17}},{"start":{"line":488,"column":23},"end":{"line":490,"column":17}}],"line":486},"42":{"loc":{"start":{"line":488,"column":23},"end":{"line":490,"column":17}},"type":"if","locations":[{"start":{"line":488,"column":23},"end":{"line":490,"column":17}},{"start":{},"end":{}}],"line":488},"43":{"loc":{"start":{"line":497,"column":12},"end":{"line":500,"column":13}},"type":"if","locations":[{"start":{"line":497,"column":12},"end":{"line":500,"column":13}},{"start":{},"end":{}}],"line":497},"44":{"loc":{"start":{"line":539,"column":16},"end":{"line":541,"column":17}},"type":"if","locations":[{"start":{"line":539,"column":16},"end":{"line":541,"column":17}},{"start":{},"end":{}}],"line":539},"45":{"loc":{"start":{"line":545,"column":29},"end":{"line":545,"column":58}},"type":"cond-expr","locations":[{"start":{"line":545,"column":37},"end":{"line":545,"column":38}},{"start":{"line":545,"column":41},"end":{"line":545,"column":58}}],"line":545},"46":{"loc":{"start":{"line":572,"column":12},"end":{"line":604,"column":13}},"type":"if","locations":[{"start":{"line":572,"column":12},"end":{"line":604,"column":13}},{"start":{"line":591,"column":19},"end":{"line":604,"column":13}}],"line":572},"47":{"loc":{"start":{"line":572,"column":16},"end":{"line":572,"column":66}},"type":"binary-expr","locations":[{"start":{"line":572,"column":16},"end":{"line":572,"column":40}},{"start":{"line":572,"column":44},"end":{"line":572,"column":66}}],"line":572},"48":{"loc":{"start":{"line":580,"column":20},"end":{"line":589,"column":21}},"type":"if","locations":[{"start":{"line":580,"column":20},"end":{"line":589,"column":21}},{"start":{},"end":{}}],"line":580},"49":{"loc":{"start":{"line":581,"column":24},"end":{"line":588,"column":25}},"type":"if","locations":[{"start":{"line":581,"column":24},"end":{"line":588,"column":25}},{"start":{"line":585,"column":31},"end":{"line":588,"column":25}}],"line":581},"50":{"loc":{"start":{"line":583,"column":32},"end":{"line":583,"column":118}},"type":"if","locations":[{"start":{"line":583,"column":32},"end":{"line":583,"column":118}},{"start":{},"end":{}}],"line":583},"51":{"loc":{"start":{"line":583,"column":36},"end":{"line":583,"column":82}},"type":"binary-expr","locations":[{"start":{"line":583,"column":36},"end":{"line":583,"column":58}},{"start":{"line":583,"column":62},"end":{"line":583,"column":82}}],"line":583},"52":{"loc":{"start":{"line":585,"column":31},"end":{"line":588,"column":25}},"type":"if","locations":[{"start":{"line":585,"column":31},"end":{"line":588,"column":25}},{"start":{},"end":{}}],"line":585},"53":{"loc":{"start":{"line":587,"column":28},"end":{"line":587,"column":72}},"type":"if","locations":[{"start":{"line":587,"column":28},"end":{"line":587,"column":72}},{"start":{},"end":{}}],"line":587},"54":{"loc":{"start":{"line":591,"column":19},"end":{"line":604,"column":13}},"type":"if","locations":[{"start":{"line":591,"column":19},"end":{"line":604,"column":13}},{"start":{"line":600,"column":19},"end":{"line":604,"column":13}}],"line":591},"55":{"loc":{"start":{"line":591,"column":23},"end":{"line":591,"column":73}},"type":"binary-expr","locations":[{"start":{"line":591,"column":23},"end":{"line":591,"column":47}},{"start":{"line":591,"column":51},"end":{"line":591,"column":73}}],"line":591},"56":{"loc":{"start":{"line":647,"column":16},"end":{"line":649,"column":17}},"type":"if","locations":[{"start":{"line":647,"column":16},"end":{"line":649,"column":17}},{"start":{},"end":{}}],"line":647},"57":{"loc":{"start":{"line":652,"column":16},"end":{"line":660,"column":17}},"type":"if","locations":[{"start":{"line":652,"column":16},"end":{"line":660,"column":17}},{"start":{"line":654,"column":23},"end":{"line":660,"column":17}}],"line":652},"58":{"loc":{"start":{"line":654,"column":23},"end":{"line":660,"column":17}},"type":"if","locations":[{"start":{"line":654,"column":23},"end":{"line":660,"column":17}},{"start":{"line":656,"column":23},"end":{"line":660,"column":17}}],"line":654},"59":{"loc":{"start":{"line":656,"column":23},"end":{"line":660,"column":17}},"type":"if","locations":[{"start":{"line":656,"column":23},"end":{"line":660,"column":17}},{"start":{"line":658,"column":23},"end":{"line":660,"column":17}}],"line":656},"60":{"loc":{"start":{"line":663,"column":16},"end":{"line":704,"column":17}},"type":"if","locations":[{"start":{"line":663,"column":16},"end":{"line":704,"column":17}},{"start":{"line":667,"column":23},"end":{"line":704,"column":17}}],"line":663},"61":{"loc":{"start":{"line":671,"column":20},"end":{"line":703,"column":21}},"type":"if","locations":[{"start":{"line":671,"column":20},"end":{"line":703,"column":21}},{"start":{"line":700,"column":27},"end":{"line":703,"column":21}}],"line":671},"62":{"loc":{"start":{"line":680,"column":28},"end":{"line":684,"column":29}},"type":"if","locations":[{"start":{"line":680,"column":28},"end":{"line":684,"column":29}},{"start":{},"end":{}}],"line":680},"63":{"loc":{"start":{"line":688,"column":28},"end":{"line":691,"column":29}},"type":"if","locations":[{"start":{"line":688,"column":28},"end":{"line":691,"column":29}},{"start":{},"end":{}}],"line":688},"64":{"loc":{"start":{"line":695,"column":24},"end":{"line":699,"column":25}},"type":"if","locations":[{"start":{"line":695,"column":24},"end":{"line":699,"column":25}},{"start":{},"end":{}}],"line":695},"65":{"loc":{"start":{"line":695,"column":28},"end":{"line":695,"column":89}},"type":"binary-expr","locations":[{"start":{"line":695,"column":28},"end":{"line":695,"column":54}},{"start":{"line":695,"column":58},"end":{"line":695,"column":89}}],"line":695},"66":{"loc":{"start":{"line":709,"column":20},"end":{"line":715,"column":21}},"type":"if","locations":[{"start":{"line":709,"column":20},"end":{"line":715,"column":21}},{"start":{"line":713,"column":27},"end":{"line":715,"column":21}}],"line":709},"67":{"loc":{"start":{"line":749,"column":50},"end":{"line":749,"column":69}},"type":"binary-expr","locations":[{"start":{"line":749,"column":50},"end":{"line":749,"column":64}},{"start":{"line":749,"column":68},"end":{"line":749,"column":69}}],"line":749},"68":{"loc":{"start":{"line":760,"column":16},"end":{"line":824,"column":17}},"type":"if","locations":[{"start":{"line":760,"column":16},"end":{"line":824,"column":17}},{"start":{"line":767,"column":23},"end":{"line":824,"column":17}}],"line":760},"69":{"loc":{"start":{"line":778,"column":20},"end":{"line":782,"column":21}},"type":"if","locations":[{"start":{"line":778,"column":20},"end":{"line":782,"column":21}},{"start":{},"end":{}}],"line":778},"70":{"loc":{"start":{"line":784,"column":20},"end":{"line":823,"column":21}},"type":"if","locations":[{"start":{"line":784,"column":20},"end":{"line":823,"column":21}},{"start":{"line":798,"column":27},"end":{"line":823,"column":21}}],"line":784},"71":{"loc":{"start":{"line":791,"column":38},"end":{"line":791,"column":61}},"type":"binary-expr","locations":[{"start":{"line":791,"column":38},"end":{"line":791,"column":52}},{"start":{"line":791,"column":56},"end":{"line":791,"column":61}}],"line":791},"72":{"loc":{"start":{"line":793,"column":38},"end":{"line":793,"column":57}},"type":"binary-expr","locations":[{"start":{"line":793,"column":38},"end":{"line":793,"column":52}},{"start":{"line":793,"column":56},"end":{"line":793,"column":57}}],"line":793},"73":{"loc":{"start":{"line":798,"column":27},"end":{"line":823,"column":21}},"type":"if","locations":[{"start":{"line":798,"column":27},"end":{"line":823,"column":21}},{"start":{"line":819,"column":27},"end":{"line":823,"column":21}}],"line":798},"74":{"loc":{"start":{"line":810,"column":46},"end":{"line":810,"column":69}},"type":"binary-expr","locations":[{"start":{"line":810,"column":46},"end":{"line":810,"column":60}},{"start":{"line":810,"column":64},"end":{"line":810,"column":69}}],"line":810},"75":{"loc":{"start":{"line":813,"column":46},"end":{"line":813,"column":65}},"type":"binary-expr","locations":[{"start":{"line":813,"column":46},"end":{"line":813,"column":60}},{"start":{"line":813,"column":64},"end":{"line":813,"column":65}}],"line":813},"76":{"loc":{"start":{"line":832,"column":12},"end":{"line":849,"column":13}},"type":"if","locations":[{"start":{"line":832,"column":12},"end":{"line":849,"column":13}},{"start":{},"end":{}}],"line":832},"77":{"loc":{"start":{"line":863,"column":16},"end":{"line":865,"column":17}},"type":"if","locations":[{"start":{"line":863,"column":16},"end":{"line":865,"column":17}},{"start":{},"end":{}}],"line":863},"78":{"loc":{"start":{"line":863,"column":20},"end":{"line":863,"column":88}},"type":"binary-expr","locations":[{"start":{"line":863,"column":20},"end":{"line":863,"column":33}},{"start":{"line":863,"column":37},"end":{"line":863,"column":49}},{"start":{"line":863,"column":53},"end":{"line":863,"column":88}}],"line":863},"79":{"loc":{"start":{"line":868,"column":16},"end":{"line":870,"column":17}},"type":"if","locations":[{"start":{"line":868,"column":16},"end":{"line":870,"column":17}},{"start":{},"end":{}}],"line":868},"80":{"loc":{"start":{"line":872,"column":16},"end":{"line":875,"column":17}},"type":"if","locations":[{"start":{"line":872,"column":16},"end":{"line":875,"column":17}},{"start":{},"end":{}}],"line":872},"81":{"loc":{"start":{"line":872,"column":20},"end":{"line":872,"column":97}},"type":"binary-expr","locations":[{"start":{"line":872,"column":20},"end":{"line":872,"column":37}},{"start":{"line":872,"column":42},"end":{"line":872,"column":66}},{"start":{"line":872,"column":70},"end":{"line":872,"column":96}}],"line":872},"82":{"loc":{"start":{"line":886,"column":30},"end":{"line":886,"column":98}},"type":"cond-expr","locations":[{"start":{"line":886,"column":41},"end":{"line":886,"column":68}},{"start":{"line":886,"column":71},"end":{"line":886,"column":98}}],"line":886},"83":{"loc":{"start":{"line":887,"column":27},"end":{"line":887,"column":81}},"type":"cond-expr","locations":[{"start":{"line":887,"column":38},"end":{"line":887,"column":58}},{"start":{"line":887,"column":61},"end":{"line":887,"column":81}}],"line":887},"84":{"loc":{"start":{"line":889,"column":16},"end":{"line":891,"column":17}},"type":"if","locations":[{"start":{"line":889,"column":16},"end":{"line":891,"column":17}},{"start":{},"end":{}}],"line":889},"85":{"loc":{"start":{"line":889,"column":20},"end":{"line":889,"column":94}},"type":"binary-expr","locations":[{"start":{"line":889,"column":20},"end":{"line":889,"column":40}},{"start":{"line":889,"column":44},"end":{"line":889,"column":94}}],"line":889},"86":{"loc":{"start":{"line":892,"column":16},"end":{"line":894,"column":17}},"type":"if","locations":[{"start":{"line":892,"column":16},"end":{"line":894,"column":17}},{"start":{},"end":{}}],"line":892},"87":{"loc":{"start":{"line":892,"column":20},"end":{"line":892,"column":86}},"type":"binary-expr","locations":[{"start":{"line":892,"column":20},"end":{"line":892,"column":38}},{"start":{"line":892,"column":42},"end":{"line":892,"column":86}}],"line":892},"88":{"loc":{"start":{"line":900,"column":33},"end":{"line":900,"column":61}},"type":"cond-expr","locations":[{"start":{"line":900,"column":49},"end":{"line":900,"column":54}},{"start":{"line":900,"column":57},"end":{"line":900,"column":61}}],"line":900},"89":{"loc":{"start":{"line":903,"column":20},"end":{"line":906,"column":21}},"type":"if","locations":[{"start":{"line":903,"column":20},"end":{"line":906,"column":21}},{"start":{},"end":{}}],"line":903},"90":{"loc":{"start":{"line":903,"column":24},"end":{"line":903,"column":75}},"type":"binary-expr","locations":[{"start":{"line":903,"column":24},"end":{"line":903,"column":38}},{"start":{"line":903,"column":43},"end":{"line":903,"column":61}},{"start":{"line":903,"column":65},"end":{"line":903,"column":74}}],"line":903},"91":{"loc":{"start":{"line":909,"column":16},"end":{"line":909,"column":36}},"type":"if","locations":[{"start":{"line":909,"column":16},"end":{"line":909,"column":36}},{"start":{},"end":{}}],"line":909},"92":{"loc":{"start":{"line":920,"column":33},"end":{"line":920,"column":104}},"type":"binary-expr","locations":[{"start":{"line":920,"column":33},"end":{"line":920,"column":66}},{"start":{"line":920,"column":70},"end":{"line":920,"column":104}}],"line":920},"93":{"loc":{"start":{"line":922,"column":30},"end":{"line":922,"column":98}},"type":"cond-expr","locations":[{"start":{"line":922,"column":41},"end":{"line":922,"column":68}},{"start":{"line":922,"column":71},"end":{"line":922,"column":98}}],"line":922},"94":{"loc":{"start":{"line":923,"column":27},"end":{"line":923,"column":81}},"type":"cond-expr","locations":[{"start":{"line":923,"column":38},"end":{"line":923,"column":58}},{"start":{"line":923,"column":61},"end":{"line":923,"column":81}}],"line":923},"95":{"loc":{"start":{"line":929,"column":21},"end":{"line":929,"column":67}},"type":"cond-expr","locations":[{"start":{"line":929,"column":44},"end":{"line":929,"column":62}},{"start":{"line":929,"column":65},"end":{"line":929,"column":67}}],"line":929},"96":{"loc":{"start":{"line":932,"column":21},"end":{"line":932,"column":63}},"type":"cond-expr","locations":[{"start":{"line":932,"column":42},"end":{"line":932,"column":58}},{"start":{"line":932,"column":61},"end":{"line":932,"column":63}}],"line":932},"97":{"loc":{"start":{"line":938,"column":24},"end":{"line":939,"column":57}},"type":"binary-expr","locations":[{"start":{"line":938,"column":24},"end":{"line":938,"column":45}},{"start":{"line":938,"column":49},"end":{"line":938,"column":68}},{"start":{"line":939,"column":24},"end":{"line":939,"column":41}},{"start":{"line":939,"column":45},"end":{"line":939,"column":57}}],"line":938},"98":{"loc":{"start":{"line":944,"column":16},"end":{"line":946,"column":17}},"type":"if","locations":[{"start":{"line":944,"column":16},"end":{"line":946,"column":17}},{"start":{},"end":{}}],"line":944},"99":{"loc":{"start":{"line":950,"column":16},"end":{"line":952,"column":17}},"type":"if","locations":[{"start":{"line":950,"column":16},"end":{"line":952,"column":17}},{"start":{},"end":{}}],"line":950}},"s":{"0":10,"1":10,"2":10,"3":10,"4":10,"5":10,"6":10,"7":10,"8":10,"9":1181,"10":1181,"11":1181,"12":1181,"13":900,"14":900,"15":163,"16":161,"17":39,"18":39,"19":39,"20":39,"21":1,"22":1,"23":39,"24":39,"25":0,"26":1179,"27":94,"28":94,"29":94,"30":94,"31":94,"32":37,"33":37,"34":29,"35":29,"36":0,"37":0,"38":0,"39":0,"40
[...]
"column":32},"end":{"line":76,"column":9}},"line":74},"9":{"name":"getProjects","decl":{"start":{"line":78,"column":23},"end":{"line":78,"column":34}},"loc":{"start":{"line":78,"column":48},"end":{"line":94,"column":9}},"line":78},"10":{"name":"(anonymous_10)","decl":{"start":{"line":80,"column":60},"end":{"line":80,"column":61}},"loc":{"start":{"line":80,"column":67},"end":{"line":91,"column":13}},"line":80},"11":{"name":"saveProject","decl":{"start":{"line":96,"column":23},"end":{"line":96,"column":34}},"loc":{"start":{"line":96,"column":52},"end":{"line":110,"column":9}},"line":96},"12":{"name":"(anonymous_12)","decl":{"start":{"line":97,"column":60},"end":{"line":97,"column":61}},"loc":{"start":{"line":97,"column":73},"end":{"line":97,"column":90}},"line":97},"13":{"name":"(anonymous_13)","decl":{"start":{"line":104,"column":64},"end":{"line":104,"column":65}},"loc":{"start":{"line":104,"column":75},"end":{"line":104,"column":89}},"line":104},"14":{"name":"createProject","decl":{"start":{"line":112,"column":23},"end":{"line":112,"column":36}},"loc":{"start":{"line":112,"column":50},"end":{"line":130,"column":9}},"line":112},"15":{"name":"(anonymous_15)","decl":{"start":{"line":113,"column":65},"end":{"line":113,"column":66}},"loc":{"start":{"line":113,"column":73},"end":{"line":113,"column":78}},"line":113},"16":{"name":"deleteProject","decl":{"start":{"line":132,"column":23},"end":{"line":132,"column":36}},"loc":{"start":{"line":132,"column":41},"end":{"line":138,"column":9}},"line":132},"17":{"name":"(anonymous_17)","decl":{"start":{"line":134,"column":44},"end":{"line":134,"column":45}},"loc":{"start":{"line":134,"column":52},"end":{"line":134,"column":64}},"line":134},"18":{"name":"getTasks","decl":{"start":{"line":140,"column":23},"end":{"line":140,"column":31}},"loc":{"start":{"line":140,"column":45},"end":{"line":157,"column":9}},"line":140},"19":{"name":"(anonymous_19)","decl":{"start":{"line":143,"column":57},"end":{"line":143,"column":58}},"loc":{"start":{"line":143,"column":64},"end":{"line":154,"column":13}},"line":143},"20":{"name":"saveTask","decl":{"start":{"line":159,"column":23},"end":{"line":159,"column":31}},"loc":{"start":{"line":159,"column":46},"end":{"line":176,"column":9}},"line":159},"21":{"name":"(anonymous_21)","decl":{"start":{"line":160,"column":57},"end":{"line":160,"column":58}},"loc":{"start":{"line":160,"column":67},"end":{"line":160,"column":81}},"line":160},"22":{"name":"(anonymous_22)","decl":{"start":{"line":167,"column":61},"end":{"line":167,"column":62}},"loc":{"start":{"line":167,"column":72},"end":{"line":167,"column":86}},"line":167},"23":{"name":"createTask","decl":{"start":{"line":178,"column":23},"end":{"line":178,"column":33}},"loc":{"start":{"line":178,"column":44},"end":{"line":205,"column":9}},"line":178},"24":{"name":"(anonymous_24)","decl":{"start":{"line":179,"column":62},"end":{"line":179,"column":63}},"loc":{"start":{"line":179,"column":70},"end":{"line":179,"column":75}},"line":179},"25":{"name":"deleteTask","decl":{"start":{"line":207,"column":23},"end":{"line":207,"column":33}},"loc":{"start":{"line":207,"column":38},"end":{"line":213,"column":9}},"line":207},"26":{"name":"(anonymous_26)","decl":{"start":{"line":209,"column":38},"end":{"line":209,"column":39}},"loc":{"start":{"line":209,"column":46},"end":{"line":209,"column":58}},"line":209},"27":{"name":"getJobs","decl":{"start":{"line":215,"column":23},"end":{"line":215,"column":30}},"loc":{"start":{"line":215,"column":44},"end":{"line":245,"column":9}},"line":215},"28":{"name":"(anonymous_28)","decl":{"start":{"line":218,"column":24},"end":{"line":218,"column":25}},"loc":{"start":{"line":218,"column":39},"end":{"line":237,"column":17}},"line":218},"29":{"name":"(anonymous_29)","decl":{"start":{"line":238,"column":24},"end":{"line":238,"column":25}},"loc":{"start":{"line":238,"column":33},"end":{"line":238,"column":46}},"line":238},"30":{"name":"saveJob","decl":{"start":{"line":247,"column":23},"end":{"line":247,"column":30}},"loc":{"start":{"line":247,"column":44},"end":{"line":270,"column":9}},"line":247},"31":{"name":"(anonymous_31)","decl":{"start":{"line":249,"column":24},"end":{"line":249,"column":25}},"loc":{"start":{"line":249,"column":39},"end":{"line":257,"column":17}},"line":249},"32":{"name":"(anonymous_32)","decl":{"start":{"line":258,"column":24},"end":{"line":258,"column":25}},"loc":{"start":{"line":258,"column":33},"end":{"line":258,"column":46}},"line":258},"33":{"name":"getUsers","decl":{"start":{"line":272,"column":23},"end":{"line":272,"column":31}},"loc":{"start":{"line":272,"column":34},"end":{"line":274,"column":9}},"line":272},"34":{"name":"getSelf","decl":{"start":{"line":276,"column":23},"end":{"line":276,"column":30}},"loc":{"start":{"line":276,"column":33},"end":{"line":278,"column":9}},"line":276},"35":{"name":"getPreview","decl":{"start":{"line":280,"column":23},"end":{"line":280,"column":33}},"loc":{"start":{"line":280,"column":36},"end":{"line":282,"column":9}},"line":280},"36":{"name":"getData","decl":{"start":{"line":284,"column":23},"end":{"line":284,"column":30}},"loc":{"start":{"line":284,"column":33},"end":{"line":286,"column":9}},"line":284},"37":{"name":"getMeta","decl":{"start":{"line":288,"column":23},"end":{"line":288,"column":30}},"loc":{"start":{"line":288,"column":45},"end":{"line":294,"column":9}},"line":288},"38":{"name":"saveMeta","decl":{"start":{"line":296,"column":23},"end":{"line":296,"column":31}},"loc":{"start":{"line":296,"column":52},"end":{"line":315,"column":9}},"line":296},"39":{"name":"(anonymous_39)","decl":{"start":{"line":307,"column":57},"end":{"line":307,"column":58}},"loc":{"start":{"line":307,"column":68},"end":{"line":307,"column":82}},"line":307},"40":{"name":"getAnnotations","decl":{"start":{"line":317,"column":23},"end":{"line":317,"column":37}},"loc":{"start":{"line":317,"column":51},"end":{"line":327,"column":9}},"line":317},"41":{"name":"updateAnnotations","decl":{"start":{"line":329,"column":23},"end":{"line":329,"column":40}},"loc":{"start":{"line":329,"column":68},"end":{"line":357,"column":9}},"line":329},"42":{"name":"(anonymous_42)","decl":{"start":{"line":340,"column":25},"end":{"line":340,"column":26}},"loc":{"start":{"line":340,"column":33},"end":{"line":343,"column":21}},"line":340},"43":{"name":"getCloudStorages","decl":{"start":{"line":359,"column":23},"end":{"line":359,"column":39}},"loc":{"start":{"line":359,"column":53},"end":{"line":372,"column":9}},"line":359},"44":{"name":"(anonymous_44)","decl":{"start":{"line":361,"column":65},"end":{"line":361,"column":66}},"loc":{"start":{"line":361,"column":75},"end":{"line":370,"column":13}},"line":361},"45":{"name":"updateCloudStorage","decl":{"start":{"line":374,"column":23},"end":{"line":374,"column":41}},"loc":{"start":{"line":374,"column":64},"end":{"line":386,"column":9}},"line":374},"46":{"name":"(anonymous_46)","decl":{"start":{"line":375,"column":69},"end":{"line":375,"column":70}},"loc":{"start":{"line":375,"column":79},"end":{"line":375,"column":93}},"line":375},"47":{"name":"createCloudStorage","decl":{"start":{"line":388,"column":23},"end":{"line":388,"column":41}},"loc":{"start":{"line":388,"column":60},"end":{"line":405,"column":9}},"line":388},"48":{"name":"(anonymous_48)","decl":{"start":{"line":389,"column":70},"end":{"line":389,"column":71}},"loc":{"start":{"line":389,"column":80},"end":{"line":389,"column":87}},"line":389},"49":{"name":"deleteCloudStorage","decl":{"start":{"line":407,"column":23},"end":{"line":407,"column":41}},"loc":{"start":{"line":407,"column":46},"end":{"line":413,"column":9}},"line":407},"50":{"name":"(anonymous_50)","decl":{"start":{"line":409,"column":59},"end":{"line":409,"column":60}},"loc":{"start":{"line":409,"column":69},"end":{"line":409,"column":83}},"line":409}},"branchMap":{"0":{"loc":{"start":{"line":18,"column":34},"end":{"line":18,"column":49}},"type":"default-arg","locations":[{"start":{"line":18,"column":47},"end":{"line":18,"column":49}}],"line":18},"1":{"loc":{"start":{"line":24,"column":8},"end":{"line":30,"column":9}},"type":"if","locations":[{"start":{"line":24,"column":8},"end":{"line":30,"column":9}},{"start":{},"end":{}}],"line":24},"2":{"loc":{"start":{"line":25,"column":12},"end":{"line":29,"column":13}},"type":"if","locations":[{"start":{"line":25,"column":12},"end":{"line":29,"column":13}},{"start":{"line":27,"column":19},"end":{"line":29,"column":13}}],"line":25},"3":{"loc":{"start":{"line":46,"column":12},"end":{"line":57,"column":13}},"type":"if","locations":[{"start":{"line":46,"column":12},"end":{"line":57,"column":13}},{"start":{},"end":{}}],"line":46},"4":{"loc":{"start":{"line":51,"column":20},"end":{"line":55,"column":21}},"type":"if","locations":[{"start":{"line":51,"column":20},"end":{"line":55,"column":21}},{"start":{"line":53,"column":27},"end":{"line":55,"column":21}}],"line":51},"5":{"loc":{"start":{"line":51,"column":24},"end":{"line":51,"column":65}},"type":"binary-expr","locations":[{"start":{"line":51,"column":24},"end":{"line":51,"column":34}},{"start":{"line":51,"column":38},"end":{"line":51,"column":65}}],"line":51},"6":{"loc":{"start":{"line":78,"column":35},"end":{"line":78,"column":46}},"type":"default-arg","locations":[{"start":{"line":78,"column":44},"end":{"line":78,"column":46}}],"line":78},"7":{"loc":{"start":{"line":82,"column":20},"end":{"line":87,"column":21}},"type":"if","locations":[{"start":{"line":82,"column":20},"end":{"line":87,"column":21}},{"start":{},"end":{}}],"line":82},"8":{"loc":{"start":{"line":84,"column":24},"end":{"line":86,"column":25}},"type":"if","locations":[{"start":{"line":84,"column":24},"end":{"line":86,"column":25}},{"start":{},"end":{}}],"line":84},"9":{"loc":{"start":{"line":99,"column":16},"end":{"line":108,"column":17}},"type":"if","locations":[{"start":{"line":99,"column":16},"end":{"line":108,"column":17}},{"start":{},"end":{}}],"line":99},"10":{"loc":{"start":{"line":100,"column":20},"end":{"line":101,"column":70}},"type":"binary-expr","locations":[{"start":{"line":100,"column":20},"end":{"line":100,"column":75}},{"start":{"line":101,"column":20},"end":{"line":101,"column":70}}],"line":100},"11":{"loc":{"start":{"line":103,"column":20},"end":{"line":107,"column":21}},"type":"if","locations":[{"start":{"line":103,"column":20},"end":{"line":107,"column":21}},{"start":{"line":105,"column":27},"end":{"line":107,"column":21}}],"line":103},"12":{"loc":{"start":{"line":135,"column":12},"end":{"line":137,"column":13}},"type":"if","locations":[{"start":{"line":135,"column":12},"end":{"line":137,"column":13}},{"start":{},"end":{}}],"line":135},"13":{"loc":{"start":{"line":140,"column":32},"end":{"line":140,"column":43}},"type":"default-arg","locations":[{"start":{"line":140,"column":41},"end":{"line":140,"column":43}}],"line":140},"14":{"loc":{"start":{"line":145,"column":20},"end":{"line":150,"column":21}},"type":"if","locations":[{"start":{"line":145,"column":20},"end":{"line":150,"column":21}},{"start":{},"end":{}}],"line":145},"15":{"loc":{"start":{"line":147,"column":24},"end":{"line":149,"column":25}},"type":"if","locations":[{"start":{"line":147,"column":24},"end":{"line":149,"column":25}},{"start":{},"end":{}}],"line":147},"16":{"loc":{"start":{"line":162,"column":16},"end":{"line":171,"column":17}},"type":"if","locations":[{"start":{"line":162,"column":16},"end":{"line":171,"column":17}},{"start":{},"end":{}}],"line":162},"17":{"loc":{"start":{"line":163,"column":20},"end":{"line":164,"column":70}},"type":"binary-expr","locations":[{"start":{"line":163,"column":20},"end":{"line":163,"column":72}},{"start":{"line":164,"column":20},"end":{"line":164,"column":70}}],"line":163},"18":{"loc":{"start":{"line":166,"column":20},"end":{"line":170,"column":21}},"type":"if","locations":[{"start":{"line":166,"column":20},"end":{"line":170,"column":21}},{"start":{"line":168,"column":27},"end":{"line":170,"column":21}}],"line":166},"19":{"loc":{"start":{"line":184,"column":28},"end":{"line":184,"column":55}},"type":"binary-expr","locations":[{"start":{"line":184,"column":28},"end":{"line":184,"column":47}},{"start":{"line":184,"column":51},"end":{"line":184,"column":55}}],"line":184},"20":{"loc":{"start":{"line":195,"column":25},"end":{"line":195,"column":64}},"type":"cond-expr","locations":[{"start":{"line":195,"column":44},"end":{"line":195,"column":60}},{"start":{"line":195,"column":63},"end":{"line":195,"column":64}}],"line":195},"21":{"loc":{"start":{"line":196,"column":30},"end":{"line":196,"column":82}},"type":"cond-expr","locations":[{"start":{"line":196,"column":54},"end":{"line":196,"column":75}},{"start":{"line":196,"column":78},"end":{"line":196,"column":82}}],"line":196},"22":{"loc":{"start":{"line":210,"column":12},"end":{"line":212,"column":13}},"type":"if","locations":[{"start":{"line":210,"column":12},"end":{"line":212,"column":13}},{"start":{},"end":{}}],"line":210},"23":{"loc":{"start":{"line":215,"column":31},"end":{"line":215,"column":42}},"type":"default-arg","locations":[{"start":{"line":215,"column":40},"end":{"line":215,"column":42}}],"line":215},"24":{"loc":{"start":{"line":216,"column":23},"end":{"line":216,"column":40}},"type":"binary-expr","locations":[{"start":{"line":216,"column":23},"end":{"line":216,"column":32}},{"start":{"line":216,"column":36},"end":{"line":216,"column":40}}],"line":216},"25":{"loc":{"start":{"line":241,"column":16},"end":{"line":243,"column":17}},"type":"binary-expr","locations":[{"start":{"line":241,"column":16},"end":{"line":241,"column":23}},{"start":{"line":241,"column":27},"end":{"line":243,"column":17}}],"line":241},"26":{"loc":{"start":{"line":261,"column":16},"end":{"line":266,"column":17}},"type":"if","locations":[{"start":{"line":261,"column":16},"end":{"line":266,"column":17}},{"start":{},"end":{}}],"line":261},"27":{"loc":{"start":{"line":262,"column":20},"end":{"line":263,"column":70}},"type":"binary-expr","locations":[{"start":{"line":262,"column":20},"end":{"line":262,"column":71}},{"start":{"line":263,"column":20},"end":{"line":263,"column":70}}],"line":262},"28":{"loc":{"start":{"line":289,"column":12},"end":{"line":291,"column":13}},"type":"if","locations":[{"start":{"line":289,"column":12},"end":{"line":291,"column":13}},{"start":{},"end":{}}],"line":289},"29":{"loc":{"start":{"line":297,"column":12},"end":{"line":299,"column":13}},"type":"if","locations":[{"start":{"line":297,"column":12},"end":{"line":299,"column":13}},{"start":{},"end":{}}],"line":297},"30":{"loc":{"start":{"line":302,"column":16},"end":{"line":311,"column":17}},"type":"if","locations":[{"start":{"line":302,"column":16},"end":{"line":311,"column":17}},{"start":{},"end":{}}],"line":302},"31":{"loc":{"start":{"line":303,"column":20},"end":{"line":304,"column":70}},"type":"binary-expr","locations":[{"start":{"line":303,"column":20},"end":{"line":303,"column":68}},{"start":{"line":304,"column":20},"end":{"line":304,"column":70}}],"line":303},"32":{"loc":{"start":{"line":306,"column":20},"end":{"line":310,"column":21}},"type":"if","locations":[{"start":{"line":306,"column":20},"end":{"line":310,"column":21}},{"start":{"line":308,"column":27},"end":{"line":310,"column":21}}],"line":306},"33":{"loc":{"start":{"line":318,"column":12},"end":{"line":320,"column":13}},"type":"if","locations":[{"start":{"line":318,"column":12},"end":{"line":320,"column":13}},{"start":{},"end":{}}],"line":318},"34":{"loc":{"start":{"line":322,"column":12},"end":{"line":324,"column":13}},"type":"if","locations":[{"start":{"line":322,"column":12},"end":{"line":324,"column":13}},{"start":{},"end":{}}],"line":322},"35":{"loc":{"start":{"line":335,"column":12},"end":{"line":346,"column":13}},"type":"if","locations":[{"start":{"line":335,"column":12},"end":{"line":346,"column":13}},{"start":{},"end":{}}],"line":335},"36":{"loc":{"start":{"line":348,"column":12},"end":{"line":350,"column":13}},"type":"if","locations":[{"start":{"line":348,"column":12},"end":{"line":350,"column":13}},{"start":{},"end":{}}],"line":348},"37":{"loc":{"start":{"line":352,"column":12},"end":{"line":354,"column":13}},"type":"if","locations":[{"start":{"line":352,"column":12},"end":{"line":354,"column":13}},{"start":{},"end":{}}],"line":352},"38":{"loc":{"start":{"line":359,"column":40},"end":{"line":359,"column":51}},"type":"default-arg","locations":[{"start":{"line":359,"column":49},"end":{"line":359,"column":51}}],"line":359},"39":{"loc":{"start":{"line":363,"column":20},"end":{"line":367,"column":21}},"type":"if","locations":[{"start":{"line":363,"column":20},"end":{"line":367,"column":21}},{"start":{},"end":{}}],"line":363},"40":{"loc":{"start":{"line":364,"column":24},"end":{"line":366,"column":25}},"type":"if","locations":[{"start":{"line":364,"column":24},"end":{"line":366,"column":25}},{"start":{},"end":{}}],"line":364},"41":{"loc":{"start":{"line":376,"column":12},"end":{"line":385,"column":13}},"type":"if","locations":[{"start":{"line":376,"column":12},"end":{"line":385,"column":13}},{"start":{},"end":{}}],"line":376},"42":{"loc":{"start":{"line":378,"column":20},"end":{"line":383,"column":21}},"type":"if","locations":[{"start":{"line":378,"column":20},"end":{"line":383,"column":21}},{"start":{},"end":{}}],"line":378},"43":{"loc":{"start":{"line":379,"column":24},"end":{"line":380,"column":84}},"type":"binary-expr","locations":[{"start":{"line":379,"column":24},"end":{"line":379,"column":84}},{"start":{"line":380,"column":28},"end":{"line":380,"column":84}}],"line":379},"44":{"loc":{"start":{"line":410,"column":12},"end":{"line":412,"column":13}},"type":"if","locations":[{"start":{"line":410,"column":12},"end":{"line":412,"column":13}},{"start":{},"end":{}}],"line":410}},"s":{"0":10,"1":99,"2":99,"3":99,"4":95,"5":95,"6":95,"7":93,"8":2,"9":99,"10":1,"11":3,"12":3,"13":2,"14":2,"15":2,"16":10,"17":2,"18":1,"19":1,"20":2,"21":3,"22":0,"23":0,"24":0,"25":11,"26":11,"27":24,"28":20,"29":20,"30":13,"31":11,"32":11,"33":2,"34":4,"35":2,"36":2,"37":2,"38":2,"39":3,"40":0,"41":1,"42":2,"43":1,"44":1,"45":1,"46":1,"47":1,"48":3,"49":1,"50":1,"51":77,"52":77,"53":471,"54":465,"55":465,"56":394,"57":77,"58":77,"59":4,"60":25,"61":4,"62":7,"63":7,"64":2,"65":9,"66":5,"67":4,"68":4,"69":2,"70":13,"71":2,"72":2,"73":2,"74":1,"75":1,"76":8,"77":1,"78":1,"79":28,"80":28,"81":168,"82":476,"83":476,"84":476,"85":476,"86":476,"87":476,"88":476,"89":476,"90":476,"91":476,"92":476,"93":476,"94":168,"95":476,"96":28,"97":1,"98":6,"99":17,"100":17,"101":6,"102":17,"103":1,"104":2,"105":2,"106":1,"107":1,"108":1,"109":2,"110":0,"111":130,"112":0,"113":130,"114":0,"115":0,"116":0,"117":0,"118":0,"119":0,"120":0,"121":0,"122":0,"123":0,"124":69,"125":48,"126":21,"127":21,"128":0,"129":30,"130":30,"131":10,"132":10,"133":4,"134":4,"135":10,"136":20,"137":10,"138":10,"139":10,"140":0,"141":11,"142":11,"143":37,"144":34,"145":34,"146":27,"147":10,"148":11,"149":2,"150":6,"151":2,"152":2,"153":10,"154":10,"155":1,"156":3,"157":1,"158":1,"159":1,"160":1,"161":1,"162":2,"163":1,"164":1,"165":10,"166":10,"167":10},"f":{"0":99,"1":10,"2":1,"3":3,"4":10,"5":3,"6":0,"7":0,"8":0,"9":11,"10":24,"11":2,"12":4,"13":3,"14":1,"15":2,"16":1,"17":3,"18":77,"19":471,"20":4,"21":25,"22":9,"23":2,"24":13,"25":1,"26":8,"27":28,"28":168,"29":476,"30":1,"31":6,"32":17,"33":1,"34":1,"35":2,"36":0,"37":130,"38":0,"39":0,"40":69,"41":30,"42":4,"43":11,"44":37,"45":2,"46":6,"47":1,"48":3,"49":1,"50":2},"b":{"0":[99],"1":[95,0],"2":[93,2],"3":[2,1],"4":[1,1],"5":[2,1],"6":[0],"7":[20,0],"8":[13,7],"9":[2,0],"10":[2,2],"11":[2,0],"12":[1,0],"13":[0],"14":[465,0],"15":[394,71],"16":[7,0],"17":[7,7],"18":[2,5],"19":[2,1],"20":[0,2],"21":[0,2],"22":[1,0],"23":[0],"24":[28,0],"25":[28,0],"26":[2,0],"27":[2,2],"28":[0,130],"29":[0,0],"30":[0,0],"31":[0,0],"32":[0,0],"33":[48,21],"34":[21,0],"35":[10,20],"36":[10,10],"37":[10,0],"38":[0],"39":[34,0],"40":[27,7],"41":[2,0],"42":[10,0],"43":[10,10],"44":[1,0]},"_coverageSchema":"1a1c01bbd47fc00a2c39e90264f33305004495a9","hash":"ecf2c64d1d56306a93cad44f9f805c63bfea58cd"}
}
