TN:
SF:cvat-core/src/annotation-formats.js
FN:5,(anonymous_0)
FN:12,(anonymous_1)
FN:30,(anonymous_2)
FN:40,(anonymous_3)
FN:50,(anonymous_4)
FN:60,(anonymous_5)
FN:70,(anonymous_6)
FN:82,(anonymous_7)
FN:100,(anonymous_8)
FN:110,(anonymous_9)
FN:120,(anonymous_10)
FN:130,(anonymous_11)
FN:140,(anonymous_12)
FN:152,(anonymous_13)
FN:154,(anonymous_14)
FN:155,(anonymous_15)
FN:168,(anonymous_16)
FN:178,(anonymous_17)
FNF:18
FNH:8
FNDA:10,(anonymous_0)
FNDA:9,(anonymous_1)
FNDA:0,(anonymous_2)
FNDA:0,(anonymous_3)
FNDA:0,(anonymous_4)
FNDA:0,(anonymous_5)
FNDA:0,(anonymous_6)
FNDA:12,(anonymous_7)
FNDA:0,(anonymous_8)
FNDA:0,(anonymous_9)
FNDA:0,(anonymous_10)
FNDA:0,(anonymous_11)
FNDA:0,(anonymous_12)
FNDA:3,(anonymous_13)
FNDA:12,(anonymous_14)
FNDA:9,(anonymous_15)
FNDA:1,(anonymous_16)
FNDA:1,(anonymous_17)
DA:5,10
DA:13,9
DA:21,9
DA:30,0
DA:40,0
DA:50,0
DA:60,0
DA:70,0
DA:83,12
DA:91,12
DA:100,0
DA:110,0
DA:120,0
DA:130,0
DA:140,0
DA:153,3
DA:154,12
DA:155,9
DA:159,3
DA:168,1
DA:178,1
DA:184,10
LF:22
LH:12
BRF:0
BRH:0
end_of_record
TN:
SF:cvat-core/src/annotations-collection.js
FN:5,(anonymous_0)
FN:35,shapeFactory
FN:66,trackFactory
FN:103,(anonymous_3)
FN:108,(anonymous_4)
FN:133,(anonymous_5)
FN:177,(anonymous_6)
FN:179,(anonymous_7)
FN:179,(anonymous_8)
FN:181,(anonymous_9)
FN:185,(anonymous_10)
FN:186,(anonymous_11)
FN:188,(anonymous_12)
FN:192,(anonymous_13)
FN:193,(anonymous_14)
FN:199,(anonymous_15)
FN:227,(anonymous_16)
FN:238,(anonymous_17)
FN:241,(anonymous_18)
FN:262,(anonymous_19)
FN:296,(anonymous_20)
FN:349,(anonymous_21)
FN:368,(anonymous_22)
FN:382,(anonymous_23)
FN:388,(anonymous_24)
FN:411,(anonymous_25)
FN:417,(anonymous_26)
FN:423,(anonymous_27)
FN:428,(anonymous_28)
FN:441,(anonymous_29)
FN:446,(anonymous_30)
FN:459,(anonymous_31)
FN:484,(anonymous_32)
FN:497,(anonymous_33)
FN:518,(anonymous_34)
FN:523,(anonymous_35)
FN:533,(anonymous_36)
FN:536,(anonymous_37)
FN:546,(anonymous_38)
FN:550,(anonymous_39)
FN:554,(anonymous_40)
FN:555,(anonymous_41)
FN:559,(anonymous_42)
FN:560,(anonymous_43)
FN:564,(anonymous_44)
FN:571,(anonymous_45)
FN:579,(anonymous_46)
FN:607,(anonymous_47)
FN:673,(anonymous_48)
FN:674,(anonymous_49)
FN:722,(anonymous_50)
FN:730,convertAttributes
FN:754,(anonymous_52)
FN:772,(anonymous_53)
FN:800,(anonymous_54)
FN:808,(anonymous_55)
FN:835,(anonymous_56)
FN:836,(anonymous_57)
FN:840,(anonymous_58)
FN:841,(anonymous_59)
FN:846,(anonymous_60)
FN:851,(anonymous_61)
FN:854,(anonymous_62)
FN:884,(anonymous_63)
FN:886,(anonymous_64)
FN:886,(anonymous_65)
FN:887,(anonymous_66)
FN:887,(anonymous_67)
FN:889,(anonymous_68)
FN:892,(anonymous_69)
FN:895,(anonymous_70)
FN:917,(anonymous_71)
FN:922,(anonymous_72)
FN:922,(anonymous_73)
FN:923,(anonymous_74)
FN:923,(anonymous_75)
FN:930,(anonymous_76)
FN:931,(anonymous_77)
FN:933,(anonymous_78)
FN:934,(anonymous_79)
FN:937,(anonymous_80)
FN:940,(anonymous_81)
FN:941,(anonymous_82)
FN:941,(anonymous_83)
FNF:84
FNH:58
FNDA:10,(anonymous_0)
FNDA:1181,shapeFactory
FNDA:94,trackFactory
FNDA:69,(anonymous_3)
FNDA:253,(anonymous_4)
FNDA:79,(anonymous_5)
FNDA:182,(anonymous_6)
FNDA:240,(anonymous_7)
FNDA:234,(anonymous_8)
FNDA:900,(anonymous_9)
FNDA:2962,(anonymous_10)
FNDA:2956,(anonymous_11)
FNDA:2,(anonymous_12)
FNDA:2,(anonymous_13)
FNDA:2,(anonymous_14)
FNDA:86,(anonymous_15)
FNDA:542,(anonymous_16)
FNDA:7,(anonymous_17)
FNDA:14,(anonymous_18)
FNDA:0,(anonymous_19)
FNDA:0,(anonymous_20)
FNDA:0,(anonymous_21)
FNDA:4,(anonymous_22)
FNDA:6,(anonymous_23)
FNDA:0,(anonymous_24)
FNDA:0,(anonymous_25)
FNDA:0,(anonymous_26)
FNDA:4,(anonymous_27)
FNDA:3,(anonymous_28)
FNDA:4,(anonymous_29)
FNDA:10,(anonymous_30)
FNDA:10,(anonymous_31)
FNDA:6,(anonymous_32)
FNDA:4,(anonymous_33)
FNDA:0,(anonymous_34)
FNDA:0,(anonymous_35)
FNDA:4,(anonymous_36)
FNDA:38,(anonymous_37)
FNDA:24,(anonymous_38)
FNDA:24,(anonymous_39)
FNDA:0,(anonymous_40)
FNDA:0,(anonymous_41)
FNDA:0,(anonymous_42)
FNDA:0,(anonymous_43)
FNDA:24,(anonymous_44)
FNDA:4,(anonymous_45)
FNDA:0,(anonymous_46)
FNDA:2,(anonymous_47)
FNDA:5,(anonymous_48)
FNDA:8,(anonymous_49)
FNDA:20,(anonymous_50)
FNDA:3,convertAttributes
FNDA:18,(anonymous_52)
FNDA:0,(anonymous_53)
FNDA:0,(anonymous_54)
FNDA:0,(anonymous_55)
FNDA:1,(anonymous_56)
FNDA:1,(anonymous_57)
FNDA:1,(anonymous_58)
FNDA:1,(anonymous_59)
FNDA:8,(anonymous_60)
FNDA:8,(anonymous_61)
FNDA:14,(anonymous_62)
FNDA:0,(anonymous_63)
FNDA:0,(anonymous_64)
FNDA:0,(anonymous_65)
FNDA:0,(anonymous_66)
FNDA:0,(anonymous_67)
FNDA:0,(anonymous_68)
FNDA:0,(anonymous_69)
FNDA:0,(anonymous_70)
FNDA:11,(anonymous_71)
FNDA:2019,(anonymous_72)
FNDA:0,(anonymous_73)
FNDA:2008,(anonymous_74)
FNDA:0,(anonymous_75)
FNDA:9,(anonymous_76)
FNDA:9,(anonymous_77)
FNDA:6,(anonymous_78)
FNDA:6,(anonymous_79)
FNDA:2015,(anonymous_80)
FNDA:484,(anonymous_81)
FNDA:484,(anonymous_82)
FNDA:484,(anonymous_83)
DA:5,10
DA:23,10
DA:24,10
DA:25,10
DA:26,10
DA:27,10
DA:28,10
DA:32,10
DA:33,10
DA:36,1181
DA:37,1181
DA:39,1181
DA:40,1181
DA:42,900
DA:43,900
DA:45,163
DA:46,161
DA:48,39
DA:49,39
DA:51,39
DA:52,39
DA:54,1
DA:55,1
DA:57,39
DA:58,39
DA:60,0
DA:63,1179
DA:67,94
DA:68,94
DA:69,94
DA:71,94
DA:72,94
DA:74,37
DA:75,37
DA:77,29
DA:78,29
DA:80,0
DA:81,0
DA:83,0
DA:84,0
DA:86,28
DA:87,28
DA:89,0
DA:90,0
DA:92,0
DA:95,94
DA:98,0
DA:99,0
DA:104,69
DA:105,69
DA:106,69
DA:108,69
DA:109,253
DA:110,253
DA:113,69
DA:114,69
DA:115,69
DA:116,69
DA:117,69
DA:118,69
DA:119,69
DA:120,69
DA:121,69
DA:124,69
DA:134,79
DA:140,79
DA:141,1
DA:142,1
DA:143,1
DA:144,1
DA:145,1
DA:146,1
DA:148,1
DA:151,79
DA:152,1181
DA:153,1181
DA:154,1179
DA:155,1179
DA:156,1179
DA:158,1179
DA:161,77
DA:162,88
DA:163,88
DA:166,88
DA:167,88
DA:168,88
DA:170,88
DA:174,77
DA:178,182
DA:179,240
DA:182,900
DA:183,900
DA:185,2962
DA:186,2956
DA:189,2
DA:190,2
DA:192,2
DA:193,2
DA:196,182
DA:200,86
DA:201,86
DA:202,86
DA:204,86
DA:205,86
DA:210,86
DA:211,586
DA:212,10
DA:215,576
DA:216,576
DA:217,34
DA:220,542
DA:221,542
DA:224,86
DA:225,86
DA:227,86
DA:228,542
DA:229,541
DA:230,541
DA:231,541
DA:235,86
DA:239,7
DA:240,7
DA:241,7
DA:242,14
DA:243,13
DA:244,13
DA:245,1
DA:249,12
DA:252,5
DA:253,5
DA:254,5
DA:255,1
DA:258,4
DA:259,0
DA:262,4
DA:263,0
DA:264,0
DA:267,4
DA:269,8
DA:270,8
DA:271,8
DA:272,2
DA:277,6
DA:278,0
DA:282,6
DA:284,6
DA:285,0
DA:288,6
DA:298,0
DA:299,0
DA:304,0
DA:310,6
DA:311,6
DA:312,6
DA:313,6
DA:315,0
DA:318,0
DA:319,0
DA:320,0
DA:322,0
DA:324,0
DA:325,0
DA:328,0
DA:333,0
DA:334,0
DA:335,0
DA:336,0
DA:337,0
DA:341,0
DA:350,0
DA:355,0
DA:360,0
DA:367,2
DA:368,4
DA:370,2
DA:371,2
DA:372,0
DA:374,2
DA:378,2
DA:379,2
DA:382,6
DA:389,0
DA:390,0
DA:396,0
DA:400,2
DA:401,2
DA:402,2
DA:405,2
DA:406,4
DA:409,2
DA:412,0
DA:413,0
DA:414,0
DA:418,0
DA:419,0
DA:420,0
DA:423,4
DA:429,3
DA:430,3
DA:432,2
DA:433,2
DA:434,0
DA:437,2
DA:438,0
DA:441,4
DA:442,2
DA:443,0
DA:446,2
DA:447,10
DA:448,10
DA:451,2
DA:452,2
DA:460,10
DA:461,6
DA:467,10
DA:472,2
DA:480,2
DA:481,2
DA:483,2
DA:484,2
DA:485,6
DA:486,6
DA:487,2
DA:488,4
DA:489,4
DA:492,6
DA:494,2
DA:497,4
DA:498,2
DA:499,2
DA:501,2
DA:503,2
DA:504,2
DA:505,2
DA:506,2
DA:508,2
DA:509,2
DA:510,2
DA:511,2
DA:514,2
DA:516,2
DA:519,0
DA:520,0
DA:521,0
DA:524,0
DA:525,0
DA:526,0
DA:534,4
DA:536,4
DA:537,38
DA:538,37
DA:539,37
DA:540,1
DA:542,36
DA:545,2
DA:546,24
DA:547,2
DA:548,24
DA:550,24
DA:552,2
DA:555,0
DA:556,0
DA:560,0
DA:561,0
DA:564,24
DA:568,2
DA:572,4
DA:574,0
DA:575,0
DA:576,0
DA:578,0
DA:579,0
DA:580,0
DA:581,0
DA:582,0
DA:583,0
DA:585,0
DA:586,0
DA:587,0
DA:591,4
DA:593,4
DA:594,4
DA:595,4
DA:596,4
DA:597,4
DA:599,4
DA:602,0
DA:608,2
DA:609,2
DA:640,2
DA:641,2
DA:642,8
DA:643,8
DA:646,2
DA:647,33
DA:648,0
DA:651,33
DA:652,33
DA:653,30
DA:654,3
DA:655,3
DA:656,0
DA:657,0
DA:659,0
DA:662,33
DA:663,33
DA:664,0
DA:665,0
DA:666,0
DA:668,33
DA:669,33
DA:671,33
DA:672,3
DA:673,5
DA:674,8
DA:676,3
DA:677,3
DA:679,3
DA:680,8
DA:681,5
DA:682,5
DA:683,5
DA:685,8
DA:686,8
DA:688,8
DA:689,7
DA:690,7
DA:694,3
DA:695,3
DA:696,2
DA:697,2
DA:698,2
DA:701,30
DA:702,30
DA:707,2
DA:708,8
DA:709,80
DA:710,48
DA:711,96
DA:714,32
DA:719,2
DA:723,20
DA:724,20
DA:731,3
DA:732,3
DA:734,3
DA:735,0
DA:737,0
DA:742,0
DA:745,20
DA:746,20
DA:747,20
DA:748,20
DA:749,19
DA:750,19
DA:751,19
DA:753,16
DA:754,13
DA:755,18
DA:756,18
DA:760,13
DA:761,0
DA:768,13
DA:769,13
DA:770,13
DA:771,13
DA:772,13
DA:774,13
DA:775,55
DA:778,12
DA:779,1
DA:784,11
DA:785,8
DA:798,3
DA:799,2
DA:800,0
DA:808,0
DA:820,1
DA:829,10
DA:830,8
DA:832,8
DA:833,8
DA:836,1
DA:837,1
DA:841,1
DA:842,1
DA:843,1
DA:846,8
DA:851,8
DA:855,14
DA:856,14
DA:857,11
DA:859,11
DA:860,11
DA:861,11
DA:862,133
DA:863,132
DA:864,0
DA:867,132
DA:868,132
DA:869,0
DA:871,132
DA:872,132
DA:873,14
DA:874,14
DA:878,10
DA:885,0
DA:886,0
DA:887,0
DA:888,0
DA:889,0
DA:890,0
DA:892,0
DA:893,0
DA:895,0
DA:896,0
DA:897,0
DA:898,0
DA:899,0
DA:900,0
DA:901,0
DA:902,0
DA:903,0
DA:904,0
DA:905,0
DA:909,0
DA:911,0
DA:914,0
DA:918,11
DA:919,11
DA:920,11
DA:922,2019
DA:923,2008
DA:924,11
DA:928,2015
DA:930,9
DA:931,9
DA:933,6
DA:934,6
DA:936,2015
DA:938,2015
DA:940,484
DA:941,2015
DA:944,2015
DA:945,1544
DA:949,471
DA:950,471
DA:951,7
DA:955,4
DA:959,10
LF:450
LH:342
BRDA:40,0,0,900
BRDA:40,0,1,163
BRDA:40,0,2,39
BRDA:40,0,3,39
BRDA:40,0,4,1
BRDA:40,0,5,39
BRDA:40,0,6,0
BRDA:67,1,0,94
BRDA:67,1,1,0
BRDA:72,2,0,37
BRDA:72,2,1,29
BRDA:72,2,2,0
BRDA:72,2,3,0
BRDA:72,2,4,28
BRDA:72,2,5,0
BRDA:72,2,6,0
BRDA:144,3,0,1
BRDA:144,3,1,1
BRDA:154,4,0,1179
BRDA:154,4,1,357
BRDA:166,5,0,88
BRDA:166,5,1,0
BRDA:201,6,0,86
BRDA:201,6,1,35
BRDA:202,7,0,86
BRDA:202,7,1,86
BRDA:211,8,0,10
BRDA:211,8,1,576
BRDA:216,9,0,34
BRDA:216,9,1,542
BRDA:216,10,0,576
BRDA:216,10,1,576
BRDA:216,10,2,36
BRDA:228,11,0,541
BRDA:228,11,1,1
BRDA:228,12,0,542
BRDA:228,12,1,2
BRDA:240,13,0,0
BRDA:240,13,1,7
BRDA:244,14,0,1
BRDA:244,14,1,12
BRDA:254,15,0,1
BRDA:254,15,1,4
BRDA:258,16,0,0
BRDA:258,16,1,4
BRDA:271,17,0,2
BRDA:271,17,1,6
BRDA:277,18,0,0
BRDA:277,18,1,6
BRDA:282,19,0,6
BRDA:282,19,1,0
BRDA:284,20,0,0
BRDA:284,20,1,6
BRDA:284,21,0,6
BRDA:284,21,1,2
BRDA:298,22,0,0
BRDA:298,22,1,0
BRDA:298,23,0,0
BRDA:298,23,1,0
BRDA:310,24,0,6
BRDA:310,24,1,0
BRDA:310,25,0,6
BRDA:310,25,1,6
BRDA:315,26,0,0
BRDA:315,26,1,0
BRDA:322,27,0,0
BRDA:322,27,1,0
BRDA:322,28,0,0
BRDA:322,28,1,0
BRDA:324,29,0,0
BRDA:324,29,1,0
BRDA:335,30,0,0
BRDA:335,30,1,0
BRDA:335,31,0,0
BRDA:335,31,1,0
BRDA:349,32,0,0
BRDA:349,32,1,0
BRDA:370,33,0,2
BRDA:370,33,1,2
BRDA:371,34,0,0
BRDA:371,34,1,2
BRDA:371,35,0,2
BRDA:371,35,1,2
BRDA:389,36,0,0
BRDA:389,36,1,0
BRDA:433,37,0,0
BRDA:433,37,1,2
BRDA:437,38,0,0
BRDA:437,38,1,2
BRDA:442,39,0,0
BRDA:442,39,1,2
BRDA:460,40,0,6
BRDA:460,40,1,4
BRDA:486,41,0,2
BRDA:486,41,1,4
BRDA:488,42,0,4
BRDA:488,42,1,0
BRDA:497,43,0,2
BRDA:497,43,1,0
BRDA:539,44,0,1
BRDA:539,44,1,36
BRDA:545,45,0,0
BRDA:545,45,1,2
BRDA:572,46,0,0
BRDA:572,46,1,4
BRDA:572,47,0,4
BRDA:572,47,1,0
BRDA:580,48,0,0
BRDA:580,48,1,0
BRDA:581,49,0,0
BRDA:581,49,1,0
BRDA:583,50,0,0
BRDA:583,50,1,0
BRDA:583,51,0,0
BRDA:583,51,1,0
BRDA:585,52,0,0
BRDA:585,52,1,0
BRDA:587,53,0,0
BRDA:587,53,1,0
BRDA:591,54,0,4
BRDA:591,54,1,0
BRDA:591,55,0,4
BRDA:591,55,1,4
BRDA:647,56,0,0
BRDA:647,56,1,33
BRDA:652,57,0,30
BRDA:652,57,1,3
BRDA:654,58,0,3
BRDA:654,58,1,0
BRDA:656,59,0,0
BRDA:656,59,1,0
BRDA:663,60,0,0
BRDA:663,60,1,33
BRDA:671,61,0,3
BRDA:671,61,1,30
BRDA:680,62,0,5
BRDA:680,62,1,3
BRDA:688,63,0,7
BRDA:688,63,1,1
BRDA:695,64,0,2
BRDA:695,64,1,1
BRDA:695,65,0,3
BRDA:695,65,1,3
BRDA:709,66,0,48
BRDA:709,66,1,32
BRDA:749,67,0,19
BRDA:749,67,1,19
BRDA:760,68,0,0
BRDA:760,68,1,13
BRDA:778,69,0,1
BRDA:778,69,1,11
BRDA:784,70,0,8
BRDA:784,70,1,3
BRDA:791,71,0,8
BRDA:791,71,1,1
BRDA:793,72,0,8
BRDA:793,72,1,8
BRDA:798,73,0,2
BRDA:798,73,1,1
BRDA:810,74,0,2
BRDA:810,74,1,1
BRDA:813,75,0,2
BRDA:813,75,1,2
BRDA:832,76,0,8
BRDA:832,76,1,0
BRDA:863,77,0,0
BRDA:863,77,1,132
BRDA:863,78,0,132
BRDA:863,78,1,132
BRDA:863,78,2,132
BRDA:868,79,0,0
BRDA:868,79,1,132
BRDA:872,80,0,14
BRDA:872,80,1,118
BRDA:872,81,0,132
BRDA:872,81,1,35
BRDA:872,81,2,24
BRDA:886,82,0,0
BRDA:886,82,1,0
BRDA:887,83,0,0
BRDA:887,83,1,0
BRDA:889,84,0,0
BRDA:889,84,1,0
BRDA:889,85,0,0
BRDA:889,85,1,0
BRDA:892,86,0,0
BRDA:892,86,1,0
BRDA:892,87,0,0
BRDA:892,87,1,0
BRDA:900,88,0,0
BRDA:900,88,1,0
BRDA:903,89,0,0
BRDA:903,89,1,0
BRDA:903,90,0,0
BRDA:903,90,1,0
BRDA:903,90,2,0
BRDA:909,91,0,0
BRDA:909,91,1,0
BRDA:920,92,0,11
BRDA:920,92,1,8
BRDA:922,93,0,11
BRDA:922,93,1,0
BRDA:923,94,0,11
BRDA:923,94,1,0
BRDA:929,95,0,9
BRDA:929,95,1,2006
BRDA:932,96,0,6
BRDA:932,96,1,2009
BRDA:938,97,0,2015
BRDA:938,97,1,2006
BRDA:938,97,2,1995
BRDA:938,97,3,1991
BRDA:944,98,0,1544
BRDA:944,98,1,471
BRDA:950,99,0,7
BRDA:950,99,1,464
BRF:216
BRH:129
end_of_record
TN:
SF:cvat-core/src/annotations-filter.js
FN:8,adjustName
FN:13,(anonymous_1)
FN:14,(anonymous_2)
FN:15,(anonymous_3)
FN:27,(anonymous_4)
FN:42,(anonymous_5)
FN:70,(anonymous_6)
FN:74,(anonymous_7)
FN:75,(anonymous_8)
FNF:9
FNH:9
FNDA:512,adjustName
FNDA:472,(anonymous_1)
FNDA:473,(anonymous_2)
FNDA:39,(anonymous_3)
FNDA:1878,(anonymous_4)
FNDA:39,(anonymous_5)
FNDA:557,(anonymous_6)
FNDA:473,(anonymous_7)
FNDA:473,(anonymous_8)
DA:5,10
DA:6,10
DA:9,512
DA:14,472
DA:15,473
DA:16,39
DA:17,39
DA:20,473
DA:21,473
DA:22,473
DA:23,473
DA:24,473
DA:26,473
DA:27,467
DA:28,1878
DA:30,939
DA:31,939
DA:34,939
DA:35,939
DA:38,467
DA:41,473
DA:42,473
DA:43,39
DA:44,39
DA:45,39
DA:46,2
DA:47,37
DA:48,12
DA:50,39
DA:51,39
DA:54,473
DA:67,472
DA:71,557
DA:72,472
DA:73,472
DA:74,473
DA:75,473
DA:79,10
LF:38
LH:38
BRDA:26,0,0,467
BRDA:26,0,1,6
BRDA:28,1,0,939
BRDA:28,1,1,939
BRDA:45,2,0,2
BRDA:45,2,1,37
BRDA:47,3,0,12
BRDA:47,3,1,25
BRDA:71,4,0,85
BRDA:71,4,1,472
BRF:10
BRH:10
end_of_record
TN:
SF:cvat-core/src/annotations-history.js
FN:8,(anonymous_0)
FN:13,(anonymous_1)
FN:17,(anonymous_2)
FN:19,(anonymous_3)
FN:20,(anonymous_4)
FN:24,(anonymous_5)
FN:39,(anonymous_6)
FN:55,(anonymous_7)
FN:71,(anonymous_8)
FNF:9
FNH:5
FNDA:69,(anonymous_0)
FNDA:0,(anonymous_1)
FNDA:0,(anonymous_2)
FNDA:0,(anonymous_3)
FNDA:0,(anonymous_4)
FNDA:43,(anonymous_5)
FNDA:1,(anonymous_6)
FNDA:1,(anonymous_7)
FNDA:69,(anonymous_8)
DA:5,10
DA:9,69
DA:10,69
DA:14,0
DA:18,0
DA:19,0
DA:20,0
DA:25,43
DA:26,43
DA:34,43
DA:35,43
DA:36,43
DA:40,1
DA:41,1
DA:42,1
DA:43,1
DA:44,1
DA:45,1
DA:46,1
DA:48,0
DA:52,1
DA:56,1
DA:57,1
DA:58,1
DA:59,1
DA:60,1
DA:61,1
DA:62,1
DA:64,0
DA:68,1
DA:72,69
DA:73,69
DA:77,10
LF:33
LH:27
BRDA:25,0,0,0
BRDA:25,0,1,43
BRDA:43,1,0,1
BRDA:43,1,1,0
BRDA:59,2,0,1
BRDA:59,2,1,0
BRF:6
BRH:3
end_of_record
TN:
SF:cvat-core/src/annotations-objects.js
FN:5,(anonymous_0)
FN:19,objectStateFactory
FN:32,checkNumberOfPoints
FN:62,findAngleDiff
FN:73,checkShapeArea
FN:108,rotatePoint
FN:116,fitPoints
FN:118,(anonymous_7)
FN:138,validateAttributeValue
FN:162,(anonymous_9)
FN:176,(anonymous_10)
FN:184,(anonymous_11)
FN:190,(anonymous_12)
FN:197,(anonymous_13)
FN:206,(anonymous_14)
FN:212,(anonymous_15)
FN:216,(anonymous_16)
FN:227,(anonymous_17)
FN:233,(anonymous_18)
FN:237,(anonymous_19)
FN:248,(anonymous_20)
FN:254,(anonymous_21)
FN:258,(anonymous_22)
FN:269,(anonymous_23)
FN:292,(anonymous_24)
FN:297,(anonymous_25)
FN:307,(anonymous_26)
FN:318,(anonymous_27)
FN:322,(anonymous_28)
FN:331,(anonymous_29)
FN:338,(anonymous_30)
FN:361,(anonymous_31)
FN:428,(anonymous_32)
FN:437,(anonymous_33)
FN:438,(anonymous_34)
FN:444,(anonymous_35)
FN:450,(anonymous_36)
FN:455,(anonymous_37)
FN:469,(anonymous_38)
FN:478,(anonymous_39)
FN:482,(anonymous_40)
FN:488,(anonymous_41)
FN:492,(anonymous_42)
FN:503,(anonymous_43)
FN:507,(anonymous_44)
FN:511,(anonymous_45)
FN:517,(anonymous_46)
FN:526,(anonymous_47)
FN:534,(anonymous_48)
FN:551,(anonymous_49)
FN:579,(anonymous_50)
FN:589,(anonymous_51)
FN:595,(anonymous_52)
FN:610,(anonymous_53)
FN:618,(anonymous_54)
FN:623,(anonymous_55)
FN:636,(anonymous_56)
FN:644,(anonymous_57)
FN:649,(anonymous_58)
FN:662,(anonymous_59)
FN:724,(anonymous_60)
FN:726,(anonymous_61)
FN:734,(anonymous_62)
FN:745,(anonymous_63)
FN:746,(anonymous_64)
FN:758,(anonymous_65)
FN:768,(anonymous_66)
FN:777,(anonymous_67)
FN:799,(anonymous_68)
FN:830,(anonymous_69)
FN:831,(anonymous_70)
FN:869,(anonymous_71)
FN:880,(anonymous_72)
FN:896,(anonymous_73)
FN:901,(anonymous_74)
FN:916,(anonymous_75)
FN:924,(anonymous_76)
FN:932,(anonymous_77)
FN:945,(anonymous_78)
FN:947,(anonymous_79)
FN:1005,(anonymous_80)
FN:1014,(anonymous_81)
FN:1026,(anonymous_82)
FN:1029,(anonymous_83)
FN:1038,(anonymous_84)
FN:1052,(anonymous_85)
FN:1080,(anonymous_86)
FN:1110,(anonymous_87)
FN:1140,(anonymous_88)
FN:1170,(anonymous_89)
FN:1211,(anonymous_90)
FN:1274,(anonymous_91)
FN:1321,(anonymous_92)
FN:1329,(anonymous_93)
FN:1341,(anonymous_94)
FN:1361,(anonymous_95)
FN:1398,(anonymous_96)
FN:1405,(anonymous_97)
FN:1422,(anonymous_98)
FN:1429,(anonymous_99)
FN:1434,(anonymous_100)
FN:1455,(anonymous_101)
FN:1456,(anonymous_102)
FN:1478,(anonymous_103)
FN:1485,(anonymous_104)
FN:1491,(anonymous_105)
FN:1492,position
FN:1556,(anonymous_107)
FN:1562,(anonymous_108)
FN:1600,(anonymous_109)
FN:1606,(anonymous_110)
FN:1620,(anonymous_111)
FN:1628,(anonymous_112)
FN:1630,makeHullPresorted
FN:1672,POINT_COMPARATOR
FN:1685,(anonymous_115)
FN:1686,isLeft
FN:1711,(anonymous_117)
FN:1742,(anonymous_118)
FN:1751,(anonymous_119)
FN:1752,(anonymous_120)
FN:1754,(anonymous_121)
FN:1767,(anonymous_122)
FN:1776,(anonymous_123)
FN:1777,(anonymous_124)
FN:1780,(anonymous_125)
FN:1793,(anonymous_126)
FN:1800,(anonymous_127)
FN:1811,toArray
FN:1812,(anonymous_129)
FN:1818,toPoints
FN:1819,(anonymous_131)
FN:1831,curveLength
FN:1832,(anonymous_133)
FN:1839,curveToOffsetVec
FN:1843,(anonymous_135)
FN:1853,findNearestPair
FN:1865,matchLeftRight
FN:1874,matchRightLeft
FN:1877,(anonymous_139)
FN:1878,(anonymous_140)
FN:1887,(anonymous_141)
FN:1894,reduceInterpolation
FN:1895,averagePoint
FN:1909,computeDistance
FN:1913,minimizeSegment
FN:1947,(anonymous_146)
FN:1950,leftSegment
FN:1965,rightSegment
FN:2032,(anonymous_149)
FN:2033,(anonymous_150)
FN:2034,(anonymous_151)
FN:2060,(anonymous_152)
FN:2068,(anonymous_153)
FN:2089,(anonymous_154)
FN:2099,(anonymous_155)
FN:2107,(anonymous_156)
FN:2112,(anonymous_157)
FN:2132,(anonymous_158)
FN:2142,(anonymous_159)
FN:2143,(anonymous_160)
FN:2146,(anonymous_161)
FNF:162
FNH:107
FNDA:10,(anonymous_0)
FNDA:558,objectStateFactory
FNDA:1441,checkNumberOfPoints
FNDA:138,findAngleDiff
FNDA:11,checkShapeArea
FNDA:66,rotatePoint
FNDA:13,fitPoints
FNDA:46,(anonymous_7)
FNDA:6,validateAttributeValue
FNDA:1276,(anonymous_9)
FNDA:183,(anonymous_10)
FNDA:0,(anonymous_11)
FNDA:0,(anonymous_12)
FNDA:24,(anonymous_13)
FNDA:4,(anonymous_14)
FNDA:0,(anonymous_15)
FNDA:0,(anonymous_16)
FNDA:0,(anonymous_17)
FNDA:0,(anonymous_18)
FNDA:0,(anonymous_19)
FNDA:0,(anonymous_20)
FNDA:0,(anonymous_21)
FNDA:0,(anonymous_22)
FNDA:1,(anonymous_23)
FNDA:0,(anonymous_24)
FNDA:0,(anonymous_25)
FNDA:0,(anonymous_26)
FNDA:0,(anonymous_27)
FNDA:0,(anonymous_28)
FNDA:28,(anonymous_29)
FNDA:71,(anonymous_30)
FNDA:0,(anonymous_31)
FNDA:1278,(anonymous_32)
FNDA:16,(anonymous_33)
FNDA:85,(anonymous_34)
FNDA:5,(anonymous_35)
FNDA:0,(anonymous_36)
FNDA:0,(anonymous_37)
FNDA:1275,(anonymous_38)
FNDA:0,(anonymous_39)
FNDA:0,(anonymous_40)
FNDA:0,(anonymous_41)
FNDA:0,(anonymous_42)
FNDA:0,(anonymous_43)
FNDA:0,(anonymous_44)
FNDA:0,(anonymous_45)
FNDA:1181,(anonymous_46)
FNDA:2956,(anonymous_47)
FNDA:24,(anonymous_48)
FNDA:476,(anonymous_49)
FNDA:2,(anonymous_50)
FNDA:0,(anonymous_51)
FNDA:0,(anonymous_52)
FNDA:4,(anonymous_53)
FNDA:0,(anonymous_54)
FNDA:0,(anonymous_55)
FNDA:0,(anonymous_56)
FNDA:0,(anonymous_57)
FNDA:0,(anonymous_58)
FNDA:11,(anonymous_59)
FNDA:94,(anonymous_60)
FNDA:247,(anonymous_61)
FNDA:134,(anonymous_62)
FNDA:236,(anonymous_63)
FNDA:1160,(anonymous_64)
FNDA:1160,(anonymous_65)
FNDA:623,(anonymous_66)
FNDA:306,(anonymous_67)
FNDA:618,(anonymous_68)
FNDA:618,(anonymous_69)
FNDA:1329,(anonymous_70)
FNDA:618,(anonymous_71)
FNDA:711,(anonymous_72)
FNDA:1,(anonymous_73)
FNDA:3,(anonymous_74)
FNDA:3,(anonymous_75)
FNDA:0,(anonymous_76)
FNDA:0,(anonymous_77)
FNDA:1,(anonymous_78)
FNDA:5,(anonymous_79)
FNDA:0,(anonymous_80)
FNDA:0,(anonymous_81)
FNDA:7,(anonymous_82)
FNDA:0,(anonymous_83)
FNDA:0,(anonymous_84)
FNDA:2,(anonymous_85)
FNDA:1,(anonymous_86)
FNDA:2,(anonymous_87)
FNDA:0,(anonymous_88)
FNDA:2,(anonymous_89)
FNDA:18,(anonymous_90)
FNDA:618,(anonymous_91)
FNDA:2,(anonymous_92)
FNDA:4,(anonymous_93)
FNDA:6,(anonymous_94)
FNDA:0,(anonymous_95)
FNDA:900,(anonymous_96)
FNDA:66,(anonymous_97)
FNDA:1,(anonymous_98)
FNDA:0,(anonymous_99)
FNDA:0,(anonymous_100)
FNDA:0,(anonymous_101)
FNDA:0,(anonymous_102)
FNDA:241,(anonymous_103)
FNDA:163,(anonymous_104)
FNDA:33,(anonymous_105)
FNDA:38,position
FNDA:39,(anonymous_107)
FNDA:11,(anonymous_108)
FNDA:39,(anonymous_109)
FNDA:11,(anonymous_110)
FNDA:39,(anonymous_111)
FNDA:11,(anonymous_112)
FNDA:11,makeHullPresorted
FNDA:132,POINT_COMPARATOR
FNDA:11,(anonymous_115)
FNDA:10,isLeft
FNDA:11,(anonymous_117)
FNDA:37,(anonymous_118)
FNDA:108,(anonymous_119)
FNDA:432,(anonymous_120)
FNDA:432,(anonymous_121)
FNDA:28,(anonymous_122)
FNDA:30,(anonymous_123)
FNDA:120,(anonymous_124)
FNDA:120,(anonymous_125)
FNDA:29,(anonymous_126)
FNDA:3,(anonymous_127)
FNDA:1,toArray
FNDA:77,(anonymous_129)
FNDA:2,toPoints
FNDA:240,(anonymous_131)
FNDA:6,curveLength
FNDA:230,(anonymous_133)
FNDA:2,curveToOffsetVec
FNDA:118,(anonymous_135)
FNDA:116,findNearestPair
FNDA:1,matchLeftRight
FNDA:1,matchRightLeft
FNDA:4,(anonymous_139)
FNDA:4,(anonymous_140)
FNDA:0,(anonymous_141)
FNDA:1,reduceInterpolation
FNDA:0,averagePoint
FNDA:108,computeDistance
FNDA:4,minimizeSegment
FNDA:116,(anonymous_146)
FNDA:4,leftSegment
FNDA:0,rightSegment
FNDA:116,(anonymous_149)
FNDA:115,(anonymous_150)
FNDA:116,(anonymous_151)
FNDA:29,(anonymous_152)
FNDA:3,(anonymous_153)
FNDA:0,(anonymous_154)
FNDA:0,(anonymous_155)
FNDA:0,(anonymous_156)
FNDA:0,(anonymous_157)
FNDA:0,(anonymous_158)
FNDA:0,(anonymous_159)
FNDA:0,(anonymous_160)
FNDA:0,(anonymous_161)
DA:5,10
DA:6,10
DA:7,10
DA:10,10
DA:12,10
DA:14,10
DA:16,10
DA:20,558
DA:23,558
DA:29,558
DA:33,1441
DA:34,1018
DA:35,0
DA:37,423
DA:38,248
DA:39,2
DA:41,175
DA:42,40
DA:43,0
DA:45,135
DA:46,39
DA:47,0
DA:49,96
DA:50,39
DA:51,0
DA:53,57
DA:54,57
DA:55,0
DA:58,0
DA:63,138
DA:64,138
DA:65,138
DA:68,1
DA:70,138
DA:74,11
DA:75,11
DA:77,11
DA:78,0
DA:81,11
DA:82,0
DA:83,0
DA:84,0
DA:87,11
DA:88,11
DA:89,11
DA:90,11
DA:92,11
DA:93,22
DA:94,22
DA:95,22
DA:96,22
DA:99,11
DA:100,1
DA:101,1
DA:104,10
DA:105,10
DA:109,66
DA:110,66
DA:111,66
DA:112,66
DA:113,66
DA:117,13
DA:118,46
DA:120,11
DA:122,2
DA:125,9
DA:127,9
DA:128,18
DA:129,18
DA:130,18
DA:131,18
DA:132,18
DA:135,9
DA:139,6
DA:140,6
DA:142,6
DA:143,1
DA:146,5
DA:147,1
DA:150,4
DA:151,1
DA:154,3
DA:155,1
DA:158,2
DA:163,1276
DA:164,1276
DA:165,1276
DA:166,1276
DA:167,1276
DA:168,1276
DA:169,1276
DA:170,1276
DA:171,1276
DA:172,1276
DA:173,1276
DA:174,1276
DA:175,1276
DA:176,1276
DA:177,183
DA:178,183
DA:180,1276
DA:185,0
DA:186,0
DA:188,0
DA:191,0
DA:192,0
DA:197,24
DA:201,1276
DA:203,1276
DA:207,4
DA:208,4
DA:210,4
DA:213,0
DA:214,0
DA:217,0
DA:218,0
DA:224,4
DA:228,0
DA:229,0
DA:231,0
DA:234,0
DA:235,0
DA:238,0
DA:239,0
DA:245,0
DA:249,0
DA:250,0
DA:252,0
DA:255,0
DA:256,0
DA:259,0
DA:260,0
DA:266,0
DA:270,1
DA:271,1
DA:272,1
DA:273,1
DA:274,1
DA:275,1
DA:278,1
DA:279,0
DA:280,0
DA:284,0
DA:288,1
DA:290,1
DA:293,0
DA:294,0
DA:295,0
DA:298,0
DA:299,0
DA:300,0
DA:308,0
DA:310,0
DA:311,0
DA:314,0
DA:316,0
DA:319,0
DA:320,0
DA:323,0
DA:324,0
DA:332,28
DA:334,28
DA:335,8
DA:338,26
DA:339,71
DA:340,71
DA:343,26
DA:344,3
DA:345,7
DA:346,7
DA:347,6
DA:348,0
DA:353,1
DA:360,24
DA:361,0
DA:362,0
DA:368,24
DA:369,13
DA:370,13
DA:372,13
DA:373,13
DA:374,11
DA:375,11
DA:376,0
DA:378,11
DA:379,11
DA:380,3
DA:385,22
DA:386,12
DA:389,20
DA:390,3
DA:393,19
DA:394,0
DA:397,19
DA:398,7
DA:401,17
DA:402,0
DA:405,17
DA:406,0
DA:407,0
DA:408,0
DA:412,17
DA:413,0
DA:416,17
DA:417,3
DA:418,2
DA:419,0
DA:425,16
DA:429,1278
DA:430,1278
DA:431,460
DA:432,277
DA:438,85
DA:439,16
DA:440,16
DA:445,5
DA:446,5
DA:448,5
DA:451,0
DA:452,0
DA:453,0
DA:456,0
DA:457,0
DA:464,5
DA:470,1275
DA:471,1275
DA:472,1275
DA:473,1275
DA:474,1275
DA:475,1275
DA:479,0
DA:483,0
DA:484,0
DA:486,0
DA:489,0
DA:490,0
DA:493,0
DA:494,0
DA:500,0
DA:504,0
DA:508,0
DA:512,0
DA:518,1181
DA:519,1181
DA:520,1181
DA:521,1181
DA:522,1181
DA:527,2956
DA:535,24
DA:540,24
DA:552,476
DA:553,0
DA:556,476
DA:580,2
DA:581,2
DA:582,2
DA:583,2
DA:584,2
DA:585,2
DA:587,2
DA:590,0
DA:591,0
DA:592,0
DA:593,0
DA:596,0
DA:597,0
DA:598,0
DA:599,0
DA:605,2
DA:606,2
DA:607,2
DA:611,4
DA:612,4
DA:613,4
DA:614,4
DA:616,4
DA:619,0
DA:620,0
DA:621,0
DA:624,0
DA:625,0
DA:626,0
DA:632,4
DA:633,4
DA:637,0
DA:638,0
DA:639,0
DA:640,0
DA:642,0
DA:645,0
DA:646,0
DA:647,0
DA:650,0
DA:651,0
DA:652,0
DA:658,0
DA:659,0
DA:663,11
DA:664,0
DA:667,11
DA:668,0
DA:671,11
DA:672,11
DA:673,6
DA:676,6
DA:677,1
DA:680,6
DA:681,0
DA:684,6
DA:685,0
DA:688,6
DA:689,2
DA:692,6
DA:693,4
DA:696,6
DA:697,0
DA:700,6
DA:701,1
DA:704,6
DA:705,0
DA:708,6
DA:709,0
DA:712,6
DA:713,0
DA:716,6
DA:717,6
DA:719,6
DA:725,94
DA:726,94
DA:727,247
DA:735,134
DA:736,134
DA:740,247
DA:746,236
DA:747,1160
DA:748,1160
DA:751,236
DA:759,1160
DA:760,696
DA:766,1160
DA:769,623
DA:778,306
DA:779,306
DA:785,306
DA:793,623
DA:802,618
DA:804,618
DA:831,1329
DA:832,618
DA:833,618
DA:834,618
DA:835,618
DA:837,618
DA:838,1329
DA:839,0
DA:842,1329
DA:843,618
DA:845,1329
DA:846,1329
DA:849,1329
DA:851,1329
DA:852,926
DA:853,403
DA:854,202
DA:858,618
DA:859,618
DA:861,618
DA:870,618
DA:873,618
DA:874,622
DA:875,622
DA:880,711
DA:881,618
DA:882,1329
DA:883,995
DA:885,995
DA:886,129
DA:887,129
DA:893,618
DA:897,1
DA:898,1
DA:899,1
DA:901,3
DA:907,1
DA:908,1
DA:909,1
DA:910,3
DA:912,1
DA:914,1
DA:916,3
DA:922,1
DA:925,0
DA:926,0
DA:927,0
DA:928,0
DA:930,0
DA:933,0
DA:934,0
DA:935,0
DA:936,0
DA:938,0
DA:946,1
DA:947,1
DA:948,5
DA:949,5
DA:952,1
DA:953,1
DA:954,1
DA:956,1
DA:957,1
DA:958,1
DA:959,5
DA:960,3
DA:961,2
DA:962,1
DA:972,1
DA:973,1
DA:974,1
DA:981,0
DA:992,1
DA:993,5
DA:994,1
DA:998,1
DA:999,1
DA:1000,1
DA:1003,1
DA:1006,0
DA:1007,0
DA:1008,0
DA:1009,0
DA:1010,0
DA:1012,0
DA:1015,0
DA:1016,0
DA:1017,0
DA:1019,0
DA:1027,7
DA:1030,0
DA:1031,0
DA:1033,0
DA:1035,0
DA:1036,0
DA:1039,0
DA:1040,0
DA:1042,0
DA:1044,0
DA:1045,0
DA:1053,2
DA:1054,2
DA:1055,2
DA:1056,2
DA:1057,2
DA:1058,2
DA:1068,2
DA:1069,2
DA:1070,2
DA:1081,1
DA:1082,1
DA:1083,1
DA:1084,1
DA:1085,1
DA:1086,1
DA:1098,1
DA:1099,1
DA:1100,1
DA:1111,2
DA:1112,2
DA:1113,2
DA:1114,2
DA:1115,2
DA:1116,2
DA:1128,2
DA:1129,2
DA:1130,2
DA:1141,0
DA:1142,0
DA:1143,0
DA:1144,0
DA:1145,0
DA:1146,0
DA:1158,0
DA:1159,0
DA:1160,0
DA:1171,2
DA:1172,2
DA:1174,2
DA:1175,0
DA:1178,2
DA:1179,2
DA:1180,2
DA:1181,2
DA:1194,2
DA:1195,2
DA:1196,0
DA:1198,2
DA:1201,2
DA:1212,18
DA:1213,1
DA:1216,17
DA:1217,17
DA:1218,10
DA:1220,10
DA:1221,1
DA:1224,10
DA:1225,3
DA:1228,10
DA:1229,0
DA:1232,10
DA:1233,0
DA:1236,10
DA:1237,0
DA:1240,10
DA:1241,2
DA:1244,10
DA:1245,1
DA:1248,10
DA:1249,2
DA:1252,10
DA:1253,0
DA:1256,10
DA:1257,1
DA:1260,10
DA:1261,0
DA:1264,10
DA:1265,2
DA:1268,10
DA:1269,10
DA:1271,10
DA:1275,618
DA:1276,618
DA:1277,618
DA:1279,618
DA:1280,141
DA:1290,477
DA:1291,416
DA:1301,61
DA:1302,61
DA:1312,0
DA:1322,2
DA:1330,4
DA:1335,4
DA:1342,6
DA:1343,0
DA:1346,6
DA:1362,0
DA:1363,0
DA:1366,0
DA:1367,0
DA:1370,0
DA:1371,0
DA:1374,0
DA:1375,0
DA:1378,0
DA:1379,0
DA:1382,0
DA:1383,0
DA:1386,0
DA:1387,0
DA:1390,0
DA:1391,0
DA:1393,0
DA:1399,900
DA:1400,900
DA:1401,900
DA:1402,900
DA:1406,66
DA:1407,66
DA:1408,66
DA:1409,66
DA:1411,66
DA:1413,62
DA:1417,4
DA:1423,1
DA:1424,1
DA:1425,1
DA:1426,1
DA:1430,0
DA:1431,0
DA:1432,0
DA:1434,0
DA:1438,0
DA:1440,0
DA:1443,0
DA:1445,0
DA:1455,0
DA:1456,0
DA:1460,0
DA:1461,0
DA:1462,0
DA:1465,0
DA:1466,0
DA:1469,0
DA:1470,0
DA:1473,0
DA:1479,241
DA:1480,241
DA:1486,163
DA:1487,163
DA:1488,163
DA:1493,38
DA:1496,33
DA:1497,33
DA:1499,33
DA:1501,1089
DA:1502,1089
DA:1505,1089
DA:1506,1089
DA:1511,1089
DA:1512,615
DA:1513,19
DA:1514,6
DA:1517,474
DA:1518,19
DA:1519,13
DA:1525,1089
DA:1526,1089
DA:1531,1089
DA:1532,1089
DA:1534,1089
DA:1536,2
DA:1538,1087
DA:1547,33
DA:1548,7
DA:1551,26
DA:1557,39
DA:1558,39
DA:1559,39
DA:1563,11
DA:1564,11
DA:1566,198
DA:1567,198
DA:1570,198
DA:1571,198
DA:1574,198
DA:1577,0
DA:1586,198
DA:1595,11
DA:1601,39
DA:1602,39
DA:1603,39
DA:1607,11
DA:1608,11
DA:1609,88
DA:1610,88
DA:1612,88
DA:1615,11
DA:1621,39
DA:1622,39
DA:1623,39
DA:1624,39
DA:1625,39
DA:1631,11
DA:1637,11
DA:1638,11
DA:1639,88
DA:1640,88
DA:1641,110
DA:1642,110
DA:1643,110
DA:1644,66
DA:1646,88
DA:1648,11
DA:1650,11
DA:1651,11
DA:1652,88
DA:1653,88
DA:1654,110
DA:1655,110
DA:1656,110
DA:1657,66
DA:1659,88
DA:1661,11
DA:1663,11
DA:1668,0
DA:1669,11
DA:1673,132
DA:1674,88
DA:1675,44
DA:1676,44
DA:1677,0
DA:1680,11
DA:1681,11
DA:1682,11
DA:1687,10
DA:1689,11
DA:1690,11
DA:1691,11
DA:1692,66
DA:1693,66
DA:1695,66
DA:1696,12
DA:1697,5
DA:1698,0
DA:1701,54
DA:1702,5
DA:1703,2
DA:1708,11
DA:1712,11
DA:1714,11
DA:1715,88
DA:1718,11
DA:1720,2
DA:1721,2
DA:1722,16
DA:1723,16
DA:1726,16
DA:1730,16
DA:1731,16
DA:1732,16
DA:1733,16
DA:1734,8
DA:1737,2
DA:1743,37
DA:1744,37
DA:1745,37
DA:1746,37
DA:1747,106
DA:1752,432
DA:1753,108
DA:1754,432
DA:1768,28
DA:1769,28
DA:1770,28
DA:1771,28
DA:1772,56
DA:1777,120
DA:1779,30
DA:1780,120
DA:1794,29
DA:1795,29
DA:1796,85
DA:1801,3
DA:1802,2
DA:1812,1
DA:1813,77
DA:1814,77
DA:1819,2
DA:1820,240
DA:1821,120
DA:1827,240
DA:1832,6
DA:1833,230
DA:1834,230
DA:1835,230
DA:1840,2
DA:1841,2
DA:1843,2
DA:1844,118
DA:1845,118
DA:1846,118
DA:1847,118
DA:1850,2
DA:1854,116
DA:1855,116
DA:1856,348
DA:1857,348
DA:1858,184
DA:1862,116
DA:1866,1
DA:1867,1
DA:1868,116
DA:1871,1
DA:1875,1
DA:1876,1
DA:1877,4
DA:1878,4
DA:1879,1
DA:1881,1
DA:1882,0
DA:1883,0
DA:1886,1
DA:1887,116
DA:1888,116
DA:1891,1
DA:1896,0
DA:1897,0
DA:1898,0
DA:1899,0
DA:1900,0
DA:1903,0
DA:1910,108
DA:1914,4
DA:1915,4
DA:1916,4
DA:1917,4
DA:1918,108
DA:1920,108
DA:1921,69
DA:1922,69
DA:1926,4
DA:1928,4
DA:1929,0
DA:1934,0
DA:1935,0
DA:1939,4
DA:1942,1
DA:1943,1
DA:1944,1
DA:1945,1
DA:1947,116
DA:1951,4
DA:1952,4
DA:1954,4
DA:1955,0
DA:1956,0
DA:1959,4
DA:1960,4
DA:1962,4
DA:1966,0
DA:1967,0
DA:1968,0
DA:1969,0
DA:1970,0
DA:1971,0
DA:1973,0
DA:1976,1
DA:1977,1
DA:1978,116
DA:1980,116
DA:1982,115
DA:1983,112
DA:1986,3
DA:1987,3
DA:1988,3
DA:1991,3
DA:1995,1
DA:1999,0
DA:2001,0
DA:2002,0
DA:2003,0
DA:2005,0
DA:2009,0
DA:2014,1
DA:2015,1
DA:2018,1
DA:2023,1
DA:2024,1
DA:2025,1
DA:2026,1
DA:2028,1
DA:2029,1
DA:2031,1
DA:2032,116
DA:2033,115
DA:2035,116
DA:2036,116
DA:2037,116
DA:2038,116
DA:2044,116
DA:2047,1
DA:2049,1
DA:2061,29
DA:2062,29
DA:2063,29
DA:2064,85
DA:2069,3
DA:2074,3
DA:2079,3
DA:2081,3
DA:2090,0
DA:2091,0
DA:2092,0
DA:2093,0
DA:2100,0
DA:2101,0
DA:2102,0
DA:2103,0
DA:2109,0
DA:2110,0
DA:2112,0
DA:2121,0
DA:2133,0
DA:2134,0
DA:2135,0
DA:2136,0
DA:2137,0
DA:2138,0
DA:2143,0
DA:2145,0
DA:2146,0
DA:2155,10
DA:2156,10
DA:2157,10
DA:2158,10
DA:2159,10
DA:2160,10
DA:2162,10
LF:887
LH:634
BRDA:33,0,0,1018
BRDA:33,0,1,423
BRDA:34,1,0,0
BRDA:34,1,1,1018
BRDA:37,2,0,248
BRDA:37,2,1,175
BRDA:38,3,0,2
BRDA:38,3,1,246
BRDA:41,4,0,40
BRDA:41,4,1,135
BRDA:42,5,0,0
BRDA:42,5,1,40
BRDA:45,6,0,39
BRDA:45,6,1,96
BRDA:46,7,0,0
BRDA:46,7,1,39
BRDA:49,8,0,39
BRDA:49,8,1,57
BRDA:50,9,0,0
BRDA:50,9,1,39
BRDA:53,10,0,57
BRDA:53,10,1,0
BRDA:54,11,0,0
BRDA:54,11,1,57
BRDA:65,12,0,1
BRDA:65,12,1,137
BRDA:77,13,0,0
BRDA:77,13,1,11
BRDA:81,14,0,0
BRDA:81,14,1,11
BRDA:99,15,0,1
BRDA:99,15,1,10
BRDA:108,16,0,0
BRDA:108,17,0,0
BRDA:120,18,0,2
BRDA:120,18,1,9
BRDA:120,19,0,11
BRDA:120,19,1,11
BRDA:120,19,2,11
BRDA:142,20,0,1
BRDA:142,20,1,5
BRDA:146,21,0,1
BRDA:146,21,1,4
BRDA:147,22,0,1
BRDA:147,22,1,1
BRDA:150,23,0,1
BRDA:150,23,1,3
BRDA:154,24,0,1
BRDA:154,24,1,2
BRDA:185,25,0,0
BRDA:185,25,1,0
BRDA:186,26,0,0
BRDA:186,26,1,0
BRDA:191,27,0,0
BRDA:191,27,1,0
BRDA:191,28,0,0
BRDA:191,28,1,0
BRDA:191,28,2,0
BRDA:280,29,0,0
BRDA:280,29,1,0
BRDA:281,30,0,0
BRDA:281,30,1,0
BRDA:334,31,0,8
BRDA:334,31,1,20
BRDA:343,32,0,3
BRDA:343,32,1,23
BRDA:346,33,0,6
BRDA:346,33,1,1
BRDA:347,34,0,0
BRDA:347,34,1,5
BRDA:360,35,0,0
BRDA:360,35,1,24
BRDA:361,36,0,0
BRDA:361,36,1,0
BRDA:361,37,0,0
BRDA:361,37,1,0
BRDA:368,38,0,13
BRDA:368,38,1,11
BRDA:375,39,0,0
BRDA:375,39,1,11
BRDA:375,40,0,11
BRDA:375,40,1,0
BRDA:378,41,0,11
BRDA:378,41,1,0
BRDA:379,42,0,3
BRDA:379,42,1,8
BRDA:385,43,0,12
BRDA:385,43,1,10
BRDA:389,44,0,3
BRDA:389,44,1,17
BRDA:393,45,0,0
BRDA:393,45,1,19
BRDA:397,46,0,7
BRDA:397,46,1,12
BRDA:401,47,0,0
BRDA:401,47,1,17
BRDA:405,48,0,0
BRDA:405,48,1,17
BRDA:407,49,0,0
BRDA:407,49,1,0
BRDA:412,50,0,0
BRDA:412,50,1,17
BRDA:416,51,0,3
BRDA:416,51,1,14
BRDA:418,52,0,0
BRDA:418,52,1,2
BRDA:418,53,0,2
BRDA:418,53,1,2
BRDA:418,53,2,0
BRDA:431,54,0,277
BRDA:431,54,1,183
BRDA:439,55,0,16
BRDA:439,55,1,0
BRDA:445,56,0,5
BRDA:445,56,1,0
BRDA:445,57,0,5
BRDA:445,57,1,0
BRDA:472,58,0,1275
BRDA:472,58,1,1265
BRDA:520,59,0,1181
BRDA:520,59,1,1181
BRDA:552,60,0,0
BRDA:552,60,1,476
BRDA:663,61,0,0
BRDA:663,61,1,11
BRDA:667,62,0,0
BRDA:667,62,1,11
BRDA:667,63,0,11
BRDA:667,63,1,0
BRDA:676,64,0,1
BRDA:676,64,1,5
BRDA:680,65,0,0
BRDA:680,65,1,6
BRDA:684,66,0,0
BRDA:684,66,1,6
BRDA:688,67,0,2
BRDA:688,67,1,4
BRDA:688,68,0,6
BRDA:688,68,1,3
BRDA:692,69,0,4
BRDA:692,69,1,2
BRDA:696,70,0,0
BRDA:696,70,1,6
BRDA:700,71,0,1
BRDA:700,71,1,5
BRDA:704,72,0,0
BRDA:704,72,1,6
BRDA:708,73,0,0
BRDA:708,73,1,6
BRDA:712,74,0,0
BRDA:712,74,1,6
BRDA:733,75,0,247
BRDA:733,75,1,181
BRDA:759,76,0,696
BRDA:759,76,1,464
BRDA:778,77,0,306
BRDA:778,77,1,0
BRDA:838,78,0,0
BRDA:838,78,1,1329
BRDA:842,79,0,618
BRDA:842,79,1,711
BRDA:845,80,0,1329
BRDA:845,80,1,0
BRDA:851,81,0,926
BRDA:851,81,1,403
BRDA:851,82,0,1329
BRDA:851,82,1,926
BRDA:853,83,0,202
BRDA:853,83,1,201
BRDA:853,84,0,403
BRDA:853,84,1,334
BRDA:858,85,0,107
BRDA:858,85,1,511
BRDA:859,86,0,416
BRDA:859,86,1,202
BRDA:874,87,0,622
BRDA:874,87,1,0
BRDA:882,88,0,995
BRDA:882,88,1,334
BRDA:886,89,0,129
BRDA:886,89,1,0
BRDA:954,90,0,1
BRDA:954,90,1,0
BRDA:959,91,0,3
BRDA:959,91,1,2
BRDA:961,92,0,1
BRDA:961,92,1,1
BRDA:962,93,0,1
BRDA:962,93,1,1
BRDA:962,93,2,1
BRDA:962,93,3,0
BRDA:972,94,0,1
BRDA:972,94,1,0
BRDA:973,95,0,1
BRDA:973,95,1,0
BRDA:993,96,0,1
BRDA:993,96,1,4
BRDA:993,97,0,5
BRDA:993,97,1,2
BRDA:999,98,0,1
BRDA:999,98,1,0
BRDA:1007,99,0,0
BRDA:1007,99,1,0
BRDA:1009,100,0,0
BRDA:1009,100,1,0
BRDA:1016,101,0,0
BRDA:1016,101,1,0
BRDA:1030,102,0,0
BRDA:1030,102,1,0
BRDA:1039,103,0,0
BRDA:1039,103,1,0
BRDA:1057,104,0,1
BRDA:1057,104,1,1
BRDA:1058,105,0,1
BRDA:1058,105,1,1
BRDA:1085,106,0,1
BRDA:1085,106,1,0
BRDA:1086,107,0,1
BRDA:1086,107,1,0
BRDA:1115,108,0,2
BRDA:1115,108,1,0
BRDA:1116,109,0,2
BRDA:1116,109,1,0
BRDA:1145,110,0,0
BRDA:1145,110,1,0
BRDA:1146,111,0,0
BRDA:1146,111,1,0
BRDA:1174,112,0,0
BRDA:1174,112,1,2
BRDA:1174,113,0,2
BRDA:1174,113,1,0
BRDA:1174,113,2,2
BRDA:1174,113,3,2
BRDA:1180,114,0,2
BRDA:1180,114,1,0
BRDA:1181,115,0,0
BRDA:1181,115,1,2
BRDA:1195,116,0,0
BRDA:1195,116,1,2
BRDA:1212,117,0,1
BRDA:1212,117,1,17
BRDA:1212,118,0,18
BRDA:1212,118,1,2
BRDA:1220,119,0,1
BRDA:1220,119,1,9
BRDA:1224,120,0,3
BRDA:1224,120,1,7
BRDA:1228,121,0,0
BRDA:1228,121,1,10
BRDA:1232,122,0,0
BRDA:1232,122,1,10
BRDA:1236,123,0,0
BRDA:1236,123,1,10
BRDA:1240,124,0,2
BRDA:1240,124,1,8
BRDA:1240,125,0,10
BRDA:1240,125,1,4
BRDA:1244,126,0,1
BRDA:1244,126,1,9
BRDA:1248,127,0,2
BRDA:1248,127,1,8
BRDA:1252,128,0,0
BRDA:1252,128,1,10
BRDA:1256,129,0,1
BRDA:1256,129,1,9
BRDA:1260,130,0,0
BRDA:1260,130,1,10
BRDA:1264,131,0,2
BRDA:1264,131,1,8
BRDA:1275,132,0,69
BRDA:1275,132,1,549
BRDA:1276,133,0,202
BRDA:1276,133,1,416
BRDA:1277,134,0,557
BRDA:1277,134,1,61
BRDA:1279,135,0,141
BRDA:1279,135,1,477
BRDA:1279,136,0,618
BRDA:1279,136,1,557
BRDA:1290,137,0,416
BRDA:1290,137,1,61
BRDA:1301,138,0,61
BRDA:1301,138,1,0
BRDA:1342,139,0,0
BRDA:1342,139,1,6
BRDA:1362,140,0,0
BRDA:1362,140,1,0
BRDA:1366,141,0,0
BRDA:1366,141,1,0
BRDA:1366,142,0,0
BRDA:1366,142,1,0
BRDA:1374,143,0,0
BRDA:1374,143,1,0
BRDA:1378,144,0,0
BRDA:1378,144,1,0
BRDA:1382,145,0,0
BRDA:1382,145,1,0
BRDA:1386,146,0,0
BRDA:1386,146,1,0
BRDA:1411,147,0,62
BRDA:1411,147,1,4
BRDA:1411,148,0,66
BRDA:1411,148,1,28
BRDA:1411,148,2,10
BRDA:1411,148,3,6
BRDA:1438,149,0,0
BRDA:1438,149,1,0
BRDA:1443,150,0,0
BRDA:1443,150,1,0
BRDA:1443,151,0,0
BRDA:1443,151,1,0
BRDA:1465,152,0,0
BRDA:1465,152,1,0
BRDA:1466,153,0,0
BRDA:1466,153,1,0
BRDA:1511,154,0,615
BRDA:1511,154,1,474
BRDA:1512,155,0,19
BRDA:1512,155,1,596
BRDA:1513,156,0,6
BRDA:1513,156,1,13
BRDA:1517,157,0,19
BRDA:1517,157,1,455
BRDA:1518,158,0,13
BRDA:1518,158,1,6
BRDA:1534,159,0,2
BRDA:1534,159,1,1087
BRDA:1534,160,0,1089
BRDA:1534,160,1,25
BRDA:1547,161,0,7
BRDA:1547,161,1,26
BRDA:1574,162,0,0
BRDA:1574,162,1,198
BRDA:1574,163,0,198
BRDA:1574,163,1,6
BRDA:1631,164,0,0
BRDA:1631,164,1,11
BRDA:1643,165,0,44
BRDA:1643,165,1,66
BRDA:1656,166,0,44
BRDA:1656,166,1,66
BRDA:1663,167,0,0
BRDA:1663,167,1,11
BRDA:1664,168,0,11
BRDA:1664,168,1,0
BRDA:1664,168,2,0
BRDA:1664,168,3,0
BRDA:1673,169,0,44
BRDA:1673,169,1,88
BRDA:1674,170,0,44
BRDA:1674,170,1,44
BRDA:1675,171,0,0
BRDA:1675,171,1,44
BRDA:1676,172,0,44
BRDA:1676,172,1,0
BRDA:1693,173,0,66
BRDA:1693,173,1,11
BRDA:1695,174,0,12
BRDA:1695,174,1,54
BRDA:1696,175,0,5
BRDA:1696,175,1,7
BRDA:1697,176,0,0
BRDA:1697,176,1,5
BRDA:1701,177,0,5
BRDA:1701,177,1,49
BRDA:1702,178,0,2
BRDA:1702,178,1,3
BRDA:1718,179,0,9
BRDA:1718,179,1,2
BRDA:1723,180,0,16
BRDA:1723,180,1,2
BRDA:1733,181,0,8
BRDA:1733,181,1,8
BRDA:1733,182,0,16
BRDA:1733,182,1,10
BRDA:1733,182,2,10
BRDA:1801,183,0,2
BRDA:1801,183,1,1
BRDA:1820,184,0,120
BRDA:1820,184,1,120
BRDA:1857,185,0,184
BRDA:1857,185,1,164
BRDA:1920,186,0,69
BRDA:1920,186,1,39
BRDA:1928,187,0,0
BRDA:1928,187,1,4
BRDA:1934,188,0,0
BRDA:1934,188,1,0
BRDA:1954,189,0,0
BRDA:1954,189,1,4
BRDA:1978,190,0,116
BRDA:1978,190,1,0
BRDA:1980,191,0,115
BRDA:1980,191,1,1
BRDA:1982,192,0,112
BRDA:1982,192,1,3
BRDA:1999,193,0,0
BRDA:1999,193,1,0
BRDA:2014,194,0,1
BRDA:2014,194,1,0
BRDA:2109,195,0,0
BRDA:2109,195,1,0
BRDA:2109,196,0,0
BRDA:2109,196,1,0
BRF:404
BRH:266
end_of_record
TN:
SF:cvat-core/src/annotations-saver.js
FN:5,(anonymous_0)
FN:11,(anonymous_1)
FN:37,(anonymous_2)
FN:45,(anonymous_3)
FN:50,(anonymous_4)
FN:56,(anonymous_5)
FN:61,(anonymous_6)
FN:66,(anonymous_7)
FN:71,(anonymous_8)
FN:76,(anonymous_9)
FN:134,(anonymous_10)
FN:135,(anonymous_11)
FN:136,(anonymous_12)
FN:151,(anonymous_13)
FN:171,(anonymous_14)
FN:174,(anonymous_15)
FN:175,(anonymous_16)
FN:176,(anonymous_17)
FN:183,(anonymous_18)
FN:191,(anonymous_19)
FN:192,(anonymous_20)
FN:255,(anonymous_21)
FNF:22
FNH:19
FNDA:10,(anonymous_0)
FNDA:69,(anonymous_1)
FNDA:69,(anonymous_2)
FNDA:103,(anonymous_3)
FNDA:30,(anonymous_4)
FNDA:0,(anonymous_5)
FNDA:10,(anonymous_6)
FNDA:10,(anonymous_7)
FNDA:10,(anonymous_8)
FNDA:10,(anonymous_9)
FNDA:94,(anonymous_10)
FNDA:17,(anonymous_11)
FNDA:0,(anonymous_12)
FNDA:10,(anonymous_13)
FNDA:30,(anonymous_14)
FNDA:3,(anonymous_15)
FNDA:7,(anonymous_16)
FNDA:0,(anonymous_17)
FNDA:10,(anonymous_18)
FNDA:10,(anonymous_19)
FNDA:30,(anonymous_20)
FNDA:24,(anonymous_21)
DA:5,10
DA:6,10
DA:7,10
DA:8,10
DA:12,69
DA:13,69
DA:14,69
DA:15,69
DA:16,69
DA:17,69
DA:21,69
DA:23,69
DA:24,69
DA:25,1173
DA:28,69
DA:29,86
DA:32,69
DA:33,1
DA:38,69
DA:46,103
DA:47,103
DA:51,30
DA:53,30
DA:57,0
DA:58,0
DA:62,10
DA:63,10
DA:67,10
DA:68,10
DA:72,10
DA:73,10
DA:77,10
DA:95,10
DA:114,10
DA:115,30
DA:116,111
DA:117,107
DA:118,107
DA:119,107
DA:120,2
DA:122,4
DA:123,4
DA:125,0
DA:133,10
DA:134,94
DA:135,17
DA:136,0
DA:139,10
DA:140,30
DA:141,111
DA:142,4
DA:143,4
DA:148,10
DA:152,10
DA:154,10
DA:156,10
DA:157,0
DA:163,10
DA:164,30
DA:165,4
DA:166,4
DA:173,30
DA:174,3
DA:175,7
DA:176,0
DA:180,30
DA:184,10
DA:185,10
DA:188,30
DA:192,10
DA:193,30
DA:196,10
DA:197,10
DA:198,10
DA:199,0
DA:200,0
DA:201,0
DA:202,0
DA:203,0
DA:205,0
DA:207,0
DA:208,0
DA:209,0
DA:210,0
DA:214,10
DA:216,10
DA:217,10
DA:218,10
DA:219,10
DA:221,10
DA:223,10
DA:224,30
DA:225,4
DA:229,10
DA:230,10
DA:231,10
DA:232,10
DA:234,10
DA:235,30
DA:236,2
DA:240,10
DA:241,10
DA:242,10
DA:243,10
DA:245,10
DA:246,30
DA:247,4
DA:252,10
DA:256,24
DA:260,10
LF:110
LH:94
BRDA:12,0,0,48
BRDA:12,0,1,21
BRDA:116,1,0,107
BRDA:116,1,1,4
BRDA:119,2,0,2
BRDA:119,2,1,105
BRDA:122,3,0,4
BRDA:122,3,1,0
BRDA:141,4,0,4
BRDA:141,4,1,107
BRDA:156,5,0,0
BRDA:156,5,1,10
BRDA:192,6,0,0
BRDA:192,6,1,10
BRDA:198,7,0,0
BRDA:198,7,1,10
BRF:16
BRH:12
end_of_record
TN:
SF:cvat-core/src/annotations.js
FN:5,(anonymous_0)
FN:20,getCache
FN:32,getAnnotationsFromServer
FN:64,closeSession
FN:73,getAnnotations
FN:85,saveAnnotations
FN:96,searchAnnotations
FN:109,searchEmptyFrame
FN:122,mergeAnnotations
FN:135,splitAnnotations
FN:148,groupAnnotations
FN:161,hasUnsavedChanges
FN:172,clearAnnotations
FN:187,annotationsStatistics
FN:200,putAnnotations
FN:213,selectObject
FN:226,uploadAnnotations
FN:234,importAnnotations
FN:248,exportAnnotations
FN:261,exportDataset
FN:284,importDataset
FN:284,(anonymous_21)
FN:300,getHistory
FN:313,undoActions
FN:326,redoActions
FN:339,freezeHistory
FN:352,clearActions
FN:365,getActions
FNF:28
FNH:17
FNDA:10,(anonymous_0)
FNDA:278,getCache
FNDA:69,getAnnotationsFromServer
FNDA:0,closeSession
FNDA:86,getAnnotations
FNDA:10,saveAnnotations
FNDA:11,searchAnnotations
FNDA:0,searchEmptyFrame
FNDA:7,mergeAnnotations
FNDA:3,splitAnnotations
FNDA:4,groupAnnotations
FNDA:26,hasUnsavedChanges
FNDA:21,clearAnnotations
FNDA:2,annotationsStatistics
FNDA:20,putAnnotations
FNDA:14,selectObject
FNDA:0,uploadAnnotations
FNDA:0,importAnnotations
FNDA:0,exportAnnotations
FNDA:0,exportDataset
FNDA:0,importDataset
FNDA:0,(anonymous_21)
FNDA:4,getHistory
FNDA:1,undoActions
FNDA:1,redoActions
FNDA:0,freezeHistory
FNDA:0,clearActions
FNDA:0,getActions
DA:5,10
DA:6,10
DA:7,10
DA:8,10
DA:9,10
DA:10,10
DA:11,10
DA:12,10
DA:13,10
DA:14,10
DA:15,10
DA:17,10
DA:18,10
DA:21,278
DA:22,178
DA:25,100
DA:26,100
DA:29,0
DA:33,69
DA:34,69
DA:36,69
DA:37,69
DA:40,69
DA:41,69
DA:42,69
DA:43,69
DA:44,122900
DA:46,69
DA:48,69
DA:49,69
DA:58,69
DA:59,69
DA:60,69
DA:65,0
DA:66,0
DA:68,0
DA:69,0
DA:74,86
DA:75,86
DA:77,86
DA:78,35
DA:81,51
DA:82,51
DA:86,10
DA:87,10
DA:89,10
DA:90,10
DA:97,11
DA:98,11
DA:100,11
DA:101,11
DA:104,0
DA:110,0
DA:111,0
DA:113,0
DA:114,0
DA:117,0
DA:123,7
DA:124,7
DA:126,7
DA:127,7
DA:130,0
DA:136,3
DA:137,3
DA:139,3
DA:140,3
DA:143,0
DA:149,4
DA:150,4
DA:152,4
DA:153,4
DA:156,0
DA:162,26
DA:163,26
DA:165,26
DA:166,24
DA:169,2
DA:173,21
DA:174,20
DA:175,20
DA:177,20
DA:178,4
DA:181,20
DA:182,18
DA:183,18
DA:188,2
DA:189,2
DA:191,2
DA:192,2
DA:195,0
DA:201,20
DA:202,20
DA:204,20
DA:205,20
DA:208,0
DA:214,14
DA:215,14
DA:217,14
DA:218,14
DA:221,0
DA:227,0
DA:228,0
DA:229,0
DA:231,0
DA:235,0
DA:236,0
DA:238,0
DA:240,0
DA:243,0
DA:249,0
DA:250,0
DA:252,0
DA:253,0
DA:256,0
DA:262,0
DA:263,0
DA:265,0
DA:266,0
DA:268,0
DA:269,0
DA:272,0
DA:273,0
DA:274,0
DA:275,0
DA:276,0
DA:278,0
DA:281,0
DA:285,0
DA:286,0
DA:288,0
DA:289,0
DA:291,0
DA:292,0
DA:294,0
DA:295,0
DA:297,0
DA:301,4
DA:302,4
DA:304,4
DA:305,4
DA:308,0
DA:314,1
DA:315,1
DA:317,1
DA:318,1
DA:321,0
DA:327,1
DA:328,1
DA:330,1
DA:331,1
DA:334,0
DA:340,0
DA:341,0
DA:343,0
DA:344,0
DA:347,0
DA:353,0
DA:354,0
DA:356,0
DA:357,0
DA:360,0
DA:366,0
DA:367,0
DA:369,0
DA:370,0
DA:373,0
DA:378,10
LF:167
LH:96
BRDA:21,0,0,178
BRDA:21,0,1,100
BRDA:25,1,0,100
BRDA:25,1,1,0
BRDA:33,2,0,48
BRDA:33,2,1,21
BRDA:36,3,0,69
BRDA:36,3,1,0
BRDA:40,4,0,21
BRDA:40,4,1,48
BRDA:41,5,0,21
BRDA:41,5,1,48
BRDA:50,6,0,69
BRDA:50,6,1,0
BRDA:65,7,0,0
BRDA:65,7,1,0
BRDA:68,8,0,0
BRDA:68,8,1,0
BRDA:74,9,0,56
BRDA:74,9,1,30
BRDA:77,10,0,35
BRDA:77,10,1,51
BRDA:86,11,0,6
BRDA:86,11,1,4
BRDA:89,12,0,10
BRDA:89,12,1,0
BRDA:97,13,0,0
BRDA:97,13,1,11
BRDA:100,14,0,11
BRDA:100,14,1,0
BRDA:110,15,0,0
BRDA:110,15,1,0
BRDA:113,16,0,0
BRDA:113,16,1,0
BRDA:123,17,0,6
BRDA:123,17,1,1
BRDA:126,18,0,7
BRDA:126,18,1,0
BRDA:136,19,0,2
BRDA:136,19,1,1
BRDA:139,20,0,3
BRDA:139,20,1,0
BRDA:149,21,0,3
BRDA:149,21,1,1
BRDA:152,22,0,4
BRDA:152,22,1,0
BRDA:162,23,0,13
BRDA:162,23,1,13
BRDA:165,24,0,24
BRDA:165,24,1,2
BRDA:174,25,0,14
BRDA:174,25,1,6
BRDA:177,26,0,4
BRDA:177,26,1,16
BRDA:181,27,0,18
BRDA:181,27,1,2
BRDA:188,28,0,1
BRDA:188,28,1,1
BRDA:191,29,0,2
BRDA:191,29,1,0
BRDA:201,30,0,16
BRDA:201,30,1,4
BRDA:204,31,0,20
BRDA:204,31,1,0
BRDA:214,32,0,9
BRDA:214,32,1,5
BRDA:217,33,0,14
BRDA:217,33,1,0
BRDA:227,34,0,0
BRDA:227,34,1,0
BRDA:228,35,0,0
BRDA:228,35,1,0
BRDA:235,36,0,0
BRDA:235,36,1,0
BRDA:238,37,0,0
BRDA:238,37,1,0
BRDA:249,38,0,0
BRDA:249,38,1,0
BRDA:252,39,0,0
BRDA:252,39,1,0
BRDA:261,40,0,0
BRDA:262,41,0,0
BRDA:262,41,1,0
BRDA:262,42,0,0
BRDA:262,42,1,0
BRDA:265,43,0,0
BRDA:265,43,1,0
BRDA:265,44,0,0
BRDA:265,44,1,0
BRDA:265,44,2,0
BRDA:268,45,0,0
BRDA:268,45,1,0
BRDA:273,46,0,0
BRDA:273,46,1,0
BRDA:275,47,0,0
BRDA:275,47,1,0
BRDA:284,48,0,0
BRDA:285,49,0,0
BRDA:285,49,1,0
BRDA:288,50,0,0
BRDA:288,50,1,0
BRDA:291,51,0,0
BRDA:291,51,1,0
BRDA:294,52,0,0
BRDA:294,52,1,0
BRDA:301,53,0,2
BRDA:301,53,1,2
BRDA:304,54,0,4
BRDA:304,54,1,0
BRDA:314,55,0,1
BRDA:314,55,1,0
BRDA:317,56,0,1
BRDA:317,56,1,0
BRDA:327,57,0,1
BRDA:327,57,1,0
BRDA:330,58,0,1
BRDA:330,58,1,0
BRDA:340,59,0,0
BRDA:340,59,1,0
BRDA:343,60,0,0
BRDA:343,60,1,0
BRDA:353,61,0,0
BRDA:353,61,1,0
BRDA:356,62,0,0
BRDA:356,62,1,0
BRDA:366,63,0,0
BRDA:366,63,1,0
BRDA:369,64,0,0
BRDA:369,64,1,0
BRF:129
BRH:55
end_of_record
TN:
SF:cvat-core/src/api-implementation.js
FN:7,(anonymous_0)
FN:28,implementAPI
FN:39,(anonymous_2)
FN:44,(anonymous_3)
FN:49,(anonymous_4)
FN:54,(anonymous_5)
FN:59,(anonymous_6)
FN:81,(anonymous_7)
FN:85,(anonymous_8)
FN:89,(anonymous_9)
FN:93,(anonymous_10)
FN:97,(anonymous_11)
FN:101,(anonymous_12)
FN:106,(anonymous_13)
FN:111,(anonymous_14)
FN:116,(anonymous_15)
FN:139,(anonymous_16)
FN:143,(anonymous_17)
FN:181,(anonymous_18)
FN:186,(anonymous_19)
FN:216,(anonymous_20)
FN:221,(anonymous_21)
FN:239,(anonymous_22)
FN:242,(anonymous_23)
FN:250,(anonymous_24)
FN:252,(anonymous_25)
FN:269,(anonymous_26)
FN:274,(anonymous_27)
FN:276,(anonymous_28)
FN:280,(anonymous_29)
FN:285,(anonymous_30)
FNF:31
FNH:15
FNDA:10,(anonymous_0)
FNDA:10,implementAPI
FNDA:1,(anonymous_2)
FNDA:3,(anonymous_3)
FNDA:3,(anonymous_4)
FNDA:0,(anonymous_5)
FNDA:0,(anonymous_6)
FNDA:0,(anonymous_7)
FNDA:0,(anonymous_8)
FNDA:0,(anonymous_9)
FNDA:0,(anonymous_10)
FNDA:0,(anonymous_11)
FNDA:0,(anonymous_12)
FNDA:0,(anonymous_13)
FNDA:0,(anonymous_14)
FNDA:4,(anonymous_15)
FNDA:3,(anonymous_16)
FNDA:34,(anonymous_17)
FNDA:0,(anonymous_18)
FNDA:70,(anonymous_19)
FNDA:70,(anonymous_20)
FNDA:12,(anonymous_21)
FNDA:10,(anonymous_22)
FNDA:10,(anonymous_23)
FNDA:0,(anonymous_24)
FNDA:12,(anonymous_25)
FNDA:9,(anonymous_26)
FNDA:0,(anonymous_27)
FNDA:0,(anonymous_28)
FNDA:0,(anonymous_29)
FNDA:0,(anonymous_30)
DA:5,10
DA:7,10
DA:8,10
DA:9,10
DA:10,10
DA:18,10
DA:20,10
DA:21,10
DA:22,10
DA:23,10
DA:24,10
DA:25,10
DA:26,10
DA:29,10
DA:30,10
DA:32,10
DA:33,10
DA:34,10
DA:35,10
DA:36,10
DA:37,10
DA:39,10
DA:40,1
DA:41,1
DA:44,10
DA:45,3
DA:46,2
DA:49,10
DA:50,3
DA:51,3
DA:54,10
DA:55,0
DA:56,0
DA:59,10
DA:68,0
DA:78,0
DA:81,10
DA:82,0
DA:85,10
DA:86,0
DA:89,10
DA:90,0
DA:93,10
DA:94,0
DA:97,10
DA:98,0
DA:101,10
DA:102,0
DA:103,0
DA:106,10
DA:107,0
DA:108,0
DA:111,10
DA:112,0
DA:113,0
DA:116,10
DA:117,4
DA:125,2
DA:126,2
DA:127,1
DA:128,1
DA:130,1
DA:131,1
DA:132,0
DA:133,0
DA:136,1
DA:139,3
DA:140,2
DA:143,10
DA:144,34
DA:153,31
DA:154,1
DA:157,30
DA:158,3
DA:159,3
DA:160,1
DA:163,2
DA:166,27
DA:167,27
DA:168,27
DA:169,27
DA:173,0
DA:174,0
DA:175,0
DA:176,0
DA:180,0
DA:181,0
DA:182,0
DA:183,0
DA:186,10
DA:187,70
DA:197,68
DA:198,68
DA:199,68
DA:200,67
DA:201,67
DA:205,68
DA:206,68
DA:207,0
DA:208,0
DA:209,0
DA:211,0
DA:215,68
DA:216,70
DA:217,68
DA:218,68
DA:221,10
DA:222,12
DA:230,10
DA:231,10
DA:232,10
DA:233,9
DA:234,8
DA:238,10
DA:239,10
DA:240,10
DA:241,10
DA:242,10
DA:244,10
DA:246,10
DA:249,10
DA:250,0
DA:252,10
DA:253,12
DA:261,10
DA:262,10
DA:263,10
DA:264,9
DA:265,9
DA:268,10
DA:269,10
DA:270,10
DA:271,10
DA:274,10
DA:275,0
DA:276,0
DA:277,0
DA:280,10
DA:281,0
DA:282,0
DA:285,10
DA:286,0
DA:289,10
DA:292,10
LF:144
LH:108
BRDA:126,0,0,1
BRDA:126,0,1,1
BRDA:126,1,0,2
BRDA:126,1,1,1
BRDA:132,2,0,0
BRDA:132,2,1,0
BRDA:132,3,0,0
BRDA:132,3,1,0
BRDA:153,4,0,1
BRDA:153,4,1,30
BRDA:153,5,0,31
BRDA:153,5,1,4
BRDA:157,6,0,3
BRDA:157,6,1,27
BRDA:159,7,0,1
BRDA:159,7,1,2
BRDA:166,8,0,27
BRDA:166,8,1,0
BRDA:168,9,0,27
BRDA:168,9,1,0
BRDA:175,10,0,0
BRDA:175,10,1,0
BRDA:200,11,0,67
BRDA:200,11,1,0
BRDA:206,12,0,0
BRDA:206,12,1,68
BRDA:207,13,0,0
BRDA:207,13,1,0
BRDA:233,14,0,8
BRDA:233,14,1,1
BRDA:264,15,0,9
BRDA:264,15,1,0
BRF:32
BRH:19
end_of_record
TN:
SF:cvat-core/src/api.js
FN:10,build
FN:67,(anonymous_1)
FN:89,(anonymous_2)
FN:102,(anonymous_3)
FN:115,(anonymous_4)
FN:135,(anonymous_5)
FN:158,(anonymous_6)
FN:170,(anonymous_7)
FN:185,(anonymous_8)
FN:203,(anonymous_9)
FN:219,(anonymous_10)
FN:238,(anonymous_11)
FN:253,(anonymous_12)
FN:267,(anonymous_13)
FN:302,(anonymous_14)
FN:321,(anonymous_15)
FN:360,(anonymous_16)
FN:389,(anonymous_17)
FN:416,(anonymous_18)
FN:515,(anonymous_19)
FN:527,(anonymous_20)
FN:548,(anonymous_21)
FN:566,(anonymous_22)
FN:584,(anonymous_23)
FN:599,(anonymous_24)
FN:622,(anonymous_25)
FN:635,(anonymous_26)
FN:705,(anonymous_27)
FN:708,(anonymous_28)
FN:711,(anonymous_29)
FN:714,(anonymous_30)
FN:717,(anonymous_31)
FN:720,(anonymous_32)
FN:723,(anonymous_33)
FN:726,(anonymous_34)
FN:797,(anonymous_35)
FN:817,(anonymous_36)
FN:830,(anonymous_37)
FN:841,(anonymous_38)
FN:884,clamp
FNF:40
FNH:10
FNDA:10,build
FNDA:1,(anonymous_1)
FNDA:3,(anonymous_2)
FNDA:3,(anonymous_3)
FNDA:0,(anonymous_4)
FNDA:0,(anonymous_5)
FNDA:0,(anonymous_6)
FNDA:0,(anonymous_7)
FNDA:0,(anonymous_8)
FNDA:0,(anonymous_9)
FNDA:0,(anonymous_10)
FNDA:0,(anonymous_11)
FNDA:0,(anonymous_12)
FNDA:0,(anonymous_13)
FNDA:12,(anonymous_14)
FNDA:0,(anonymous_15)
FNDA:70,(anonymous_16)
FNDA:34,(anonymous_17)
FNDA:4,(anonymous_18)
FNDA:0,(anonymous_19)
FNDA:0,(anonymous_20)
FNDA:0,(anonymous_21)
FNDA:0,(anonymous_22)
FNDA:0,(anonymous_23)
FNDA:0,(anonymous_24)
FNDA:0,(anonymous_25)
FNDA:0,(anonymous_26)
FNDA:0,(anonymous_27)
FNDA:0,(anonymous_28)
FNDA:0,(anonymous_29)
FNDA:0,(anonymous_30)
FNDA:0,(anonymous_31)
FNDA:0,(anonymous_32)
FNDA:0,(anonymous_33)
FNDA:0,(anonymous_34)
FNDA:12,(anonymous_35)
FNDA:0,(anonymous_36)
FNDA:0,(anonymous_37)
FNDA:0,(anonymous_38)
FNDA:36,clamp
DA:11,10
DA:12,10
DA:13,10
DA:14,10
DA:15,10
DA:16,10
DA:17,10
DA:18,10
DA:19,10
DA:20,10
DA:21,10
DA:22,10
DA:23,10
DA:24,10
DA:25,10
DA:27,10
DA:31,10
DA:33,10
DA:34,10
DA:35,10
DA:42,10
DA:68,1
DA:69,1
DA:90,3
DA:91,2
DA:103,3
DA:104,3
DA:116,0
DA:117,0
DA:136,0
DA:146,0
DA:159,0
DA:160,0
DA:171,0
DA:172,0
DA:186,0
DA:192,0
DA:204,0
DA:205,0
DA:220,0
DA:227,0
DA:239,0
DA:240,0
DA:254,0
DA:255,0
DA:268,0
DA:269,0
DA:303,12
DA:304,10
DA:322,0
DA:323,0
DA:361,70
DA:362,68
DA:390,34
DA:391,30
DA:417,4
DA:418,2
DA:516,0
DA:517,0
DA:528,0
DA:529,0
DA:549,0
DA:550,0
DA:567,0
DA:568,0
DA:585,0
DA:586,0
DA:600,0
DA:601,0
DA:623,0
DA:624,0
DA:636,0
DA:637,0
DA:706,0
DA:709,0
DA:712,0
DA:715,0
DA:718,0
DA:721,0
DA:724,0
DA:727,0
DA:798,12
DA:799,10
DA:818,0
DA:819,0
DA:831,0
DA:832,0
DA:842,0
DA:843,0
DA:870,10
DA:871,10
DA:872,10
DA:873,10
DA:874,10
DA:875,10
DA:876,10
DA:877,10
DA:878,10
DA:879,10
DA:880,10
DA:882,10
DA:884,10
DA:885,36
DA:888,10
DA:889,10
DA:892,10
LF:106
LH:54
BRDA:89,0,0,1
BRDA:302,1,0,1
BRDA:321,2,0,0
BRDA:321,3,0,0
BRDA:360,4,0,1
BRDA:389,5,0,0
BRDA:416,6,0,1
BRDA:797,7,0,1
BRF:8
BRH:5
end_of_record
TN:
SF:cvat-core/src/cloud-storage.js
FN:5,(anonymous_0)
FN:12,validateNotEmptyString
FN:25,(anonymous_2)
FN:63,(anonymous_3)
FN:74,(anonymous_4)
FN:75,(anonymous_5)
FN:89,(anonymous_6)
FN:90,(anonymous_7)
FN:106,(anonymous_8)
FN:107,(anonymous_9)
FN:121,(anonymous_10)
FN:122,(anonymous_11)
FN:136,(anonymous_12)
FN:137,(anonymous_13)
FN:151,(anonymous_14)
FN:152,(anonymous_15)
FN:166,(anonymous_16)
FN:167,(anonymous_17)
FN:184,(anonymous_18)
FN:185,(anonymous_19)
FN:198,(anonymous_20)
FN:199,(anonymous_21)
FN:212,(anonymous_22)
FN:213,(anonymous_23)
FN:229,(anonymous_24)
FN:230,(anonymous_25)
FN:246,(anonymous_26)
FN:247,(anonymous_27)
FN:251,(anonymous_28)
FN:272,(anonymous_29)
FN:282,(anonymous_30)
FN:292,(anonymous_31)
FN:302,(anonymous_32)
FN:303,(anonymous_33)
FN:331,(anonymous_34)
FN:346,(anonymous_35)
FN:361,(anonymous_36)
FN:376,(anonymous_37)
FN:391,(anonymous_38)
FN:397,(anonymous_39)
FN:398,prepareOptionalFields
FN:472,(anonymous_41)
FN:477,(anonymous_42)
FN:482,getPreview
FN:483,(anonymous_44)
FN:486,(anonymous_45)
FN:491,(anonymous_46)
FN:497,(anonymous_47)
FN:503,(anonymous_48)
FNF:49
FNH:27
FNDA:10,(anonymous_0)
FNDA:1,validateNotEmptyString
FNDA:11,(anonymous_2)
FNDA:8,(anonymous_3)
FNDA:7,(anonymous_4)
FNDA:1,(anonymous_5)
FNDA:7,(anonymous_6)
FNDA:1,(anonymous_7)
FNDA:4,(anonymous_8)
FNDA:0,(anonymous_9)
FNDA:3,(anonymous_10)
FNDA:0,(anonymous_11)
FNDA:3,(anonymous_12)
FNDA:0,(anonymous_13)
FNDA:4,(anonymous_14)
FNDA:0,(anonymous_15)
FNDA:3,(anonymous_16)
FNDA:0,(anonymous_17)
FNDA:2,(anonymous_18)
FNDA:0,(anonymous_19)
FNDA:0,(anonymous_20)
FNDA:0,(anonymous_21)
FNDA:2,(anonymous_22)
FNDA:0,(anonymous_23)
FNDA:7,(anonymous_24)
FNDA:1,(anonymous_25)
FNDA:7,(anonymous_26)
FNDA:1,(anonymous_27)
FNDA:1,(anonymous_28)
FNDA:0,(anonymous_29)
FNDA:0,(anonymous_30)
FNDA:0,(anonymous_31)
FNDA:8,(anonymous_32)
FNDA:1,(anonymous_33)
FNDA:3,(anonymous_34)
FNDA:1,(anonymous_35)
FNDA:0,(anonymous_36)
FNDA:0,(anonymous_37)
FNDA:0,(anonymous_38)
FNDA:3,(anonymous_39)
FNDA:3,prepareOptionalFields
FNDA:1,(anonymous_41)
FNDA:0,(anonymous_42)
FNDA:0,getPreview
FNDA:0,(anonymous_44)
FNDA:0,(anonymous_45)
FNDA:0,(anonymous_46)
FNDA:0,(anonymous_47)
FNDA:0,(anonymous_48)
DA:5,10
DA:6,10
DA:7,10
DA:8,10
DA:9,10
DA:10,10
DA:13,1
DA:14,0
DA:15,1
DA:16,0
DA:26,11
DA:46,11
DA:47,187
DA:48,116
DA:52,11
DA:63,8
DA:74,7
DA:76,1
DA:77,1
DA:89,7
DA:91,1
DA:92,0
DA:94,1
DA:106,4
DA:108,0
DA:109,0
DA:121,3
DA:123,0
DA:124,0
DA:136,3
DA:138,0
DA:139,0
DA:151,4
DA:153,0
DA:154,0
DA:166,3
DA:168,0
DA:169,0
DA:171,0
DA:184,2
DA:186,0
DA:187,0
DA:198,0
DA:200,0
DA:201,0
DA:212,2
DA:214,0
DA:215,0
DA:217,0
DA:229,7
DA:231,1
DA:232,1
DA:234,0
DA:246,7
DA:248,1
DA:249,1
DA:251,1
DA:254,1
DA:255,0
DA:257,1
DA:259,0
DA:272,0
DA:282,0
DA:292,0
DA:302,8
DA:304,1
DA:305,1
DA:306,2
DA:307,0
DA:310,1
DA:312,0
DA:332,3
DA:333,3
DA:347,1
DA:348,1
DA:362,0
DA:363,0
DA:377,0
DA:378,0
DA:392,0
DA:393,0
DA:397,10
DA:399,3
DA:400,3
DA:401,2
DA:404,3
DA:405,1
DA:408,3
DA:409,0
DA:412,3
DA:413,0
DA:416,3
DA:417,1
DA:420,3
DA:421,0
DA:424,3
DA:425,2
DA:427,3
DA:430,3
DA:433,2
DA:434,2
DA:435,2
DA:437,2
DA:438,2
DA:441,2
DA:442,2
DA:445,2
DA:450,2
DA:451,2
DA:455,1
DA:463,1
DA:468,1
DA:469,1
DA:472,10
DA:473,1
DA:474,1
DA:477,10
DA:478,0
DA:479,0
DA:482,10
DA:483,0
DA:484,0
DA:487,0
DA:488,0
DA:489,0
DA:490,0
DA:491,0
DA:492,0
DA:494,0
DA:498,0
DA:503,10
DA:504,0
DA:505,0
DA:508,10
LF:134
LH:81
BRDA:13,0,0,0
BRDA:13,0,1,1
BRDA:15,1,0,0
BRDA:15,1,1,1
BRDA:47,2,0,116
BRDA:47,2,1,71
BRDA:47,3,0,187
BRDA:47,3,1,187
BRDA:91,4,0,0
BRDA:91,4,1,1
BRDA:168,5,0,0
BRDA:168,5,1,0
BRDA:214,6,0,0
BRDA:214,6,1,0
BRDA:214,7,0,0
BRDA:214,7,1,0
BRDA:231,8,0,1
BRDA:231,8,1,0
BRDA:231,9,0,1
BRDA:231,9,1,1
BRDA:248,10,0,1
BRDA:248,10,1,0
BRDA:251,11,0,1
BRDA:251,11,1,1
BRDA:254,12,0,0
BRDA:254,12,1,1
BRDA:304,13,0,1
BRDA:304,13,1,0
BRDA:306,14,0,0
BRDA:306,14,1,2
BRDA:400,15,0,2
BRDA:400,15,1,1
BRDA:404,16,0,1
BRDA:404,16,1,2
BRDA:408,17,0,0
BRDA:408,17,1,3
BRDA:412,18,0,0
BRDA:412,18,1,3
BRDA:416,19,0,1
BRDA:416,19,1,2
BRDA:420,20,0,0
BRDA:420,20,1,3
BRDA:424,21,0,2
BRDA:424,21,1,1
BRDA:430,22,0,2
BRDA:430,22,1,1
BRDA:434,23,0,2
BRDA:434,23,1,0
BRDA:437,24,0,2
BRDA:437,24,1,0
BRDA:441,25,0,2
BRDA:441,25,1,0
BRDA:487,26,0,0
BRDA:487,26,1,0
BRDA:489,27,0,0
BRDA:489,27,1,0
BRF:56
BRH:32
end_of_record
TN:
SF:cvat-core/src/comment.js
FN:14,(anonymous_0)
FN:45,(anonymous_1)
FN:55,(anonymous_2)
FN:56,(anonymous_3)
FN:71,(anonymous_4)
FN:81,(anonymous_5)
FN:92,(anonymous_6)
FN:95,(anonymous_7)
FN:101,(anonymous_8)
FNF:9
FNH:0
FNDA:0,(anonymous_0)
FNDA:0,(anonymous_1)
FNDA:0,(anonymous_2)
FNDA:0,(anonymous_3)
FNDA:0,(anonymous_4)
FNDA:0,(anonymous_5)
FNDA:0,(anonymous_6)
FNDA:0,(anonymous_7)
FNDA:0,(anonymous_8)
DA:5,10
DA:6,10
DA:15,0
DA:23,0
DA:24,0
DA:25,0
DA:29,0
DA:30,0
DA:31,0
DA:34,0
DA:45,0
DA:55,0
DA:57,0
DA:58,0
DA:60,0
DA:71,0
DA:81,0
DA:92,0
DA:95,0
DA:102,0
DA:106,0
DA:107,0
DA:109,0
DA:110,0
DA:112,0
DA:113,0
DA:115,0
DA:116,0
DA:119,0
DA:123,10
LF:30
LH:3
BRDA:24,0,0,0
BRDA:24,0,1,0
BRDA:24,1,0,0
BRDA:24,1,1,0
BRDA:29,2,0,0
BRDA:29,2,1,0
BRDA:29,3,0,0
BRDA:29,3,1,0
BRDA:30,4,0,0
BRDA:30,4,1,0
BRDA:57,5,0,0
BRDA:57,5,1,0
BRDA:106,6,0,0
BRDA:106,6,1,0
BRDA:109,7,0,0
BRDA:109,7,1,0
BRDA:112,8,0,0
BRDA:112,8,1,0
BRDA:115,9,0,0
BRDA:115,9,1,0
BRF:20
BRH:0
end_of_record
TN:
SF:cvat-core/src/common.js
FN:5,(anonymous_0)
FN:8,isBoolean
FN:12,isInteger
FN:17,isEnum
FN:29,isString
FN:33,checkFilter
FN:45,checkExclusiveFields
FN:64,checkObjectType
FN:91,(anonymous_8)
FN:98,(anonymous_9)
FN:103,(anonymous_10)
FN:108,(anonymous_11)
FNF:12
FNH:11
FNDA:10,(anonymous_0)
FNDA:2,isBoolean
FNDA:119,isInteger
FNDA:0,isEnum
FNDA:3,isString
FNDA:132,checkFilter
FNDA:88,checkExclusiveFields
FNDA:614,checkObjectType
FNDA:448,(anonymous_8)
FNDA:7,(anonymous_9)
FNDA:11,(anonymous_10)
FNDA:7,(anonymous_11)
DA:5,10
DA:6,10
DA:9,2
DA:13,119
DA:18,0
DA:19,0
DA:20,0
DA:21,0
DA:26,0
DA:30,3
DA:34,132
DA:35,129
DA:36,129
DA:37,5
DA:38,124
DA:39,6
DA:46,88
DA:50,88
DA:51,85
DA:52,0
DA:53,0
DA:54,0
DA:56,0
DA:58,0
DA:65,614
DA:66,276
DA:68,52
DA:69,34
DA:72,18
DA:74,338
DA:75,338
DA:76,8
DA:77,7
DA:83,1
DA:87,554
DA:92,448
DA:94,448
DA:99,7
DA:104,11
DA:109,7
DA:110,7
DA:111,11
DA:113,7
DA:121,10
LF:44
LH:34
BRDA:13,0,0,119
BRDA:13,0,1,114
BRDA:19,1,0,0
BRDA:19,1,1,0
BRDA:20,2,0,0
BRDA:20,2,1,0
BRDA:35,3,0,129
BRDA:35,3,1,0
BRDA:36,4,0,5
BRDA:36,4,1,124
BRDA:38,5,0,6
BRDA:38,5,1,118
BRDA:51,6,0,0
BRDA:51,6,1,85
BRDA:52,7,0,0
BRDA:52,7,1,0
BRDA:53,8,0,0
BRDA:53,8,1,0
BRDA:65,9,0,276
BRDA:65,9,1,338
BRDA:66,10,0,52
BRDA:66,10,1,224
BRDA:68,11,0,34
BRDA:68,11,1,18
BRDA:68,12,0,52
BRDA:68,12,1,39
BRDA:74,13,0,338
BRDA:74,13,1,0
BRDA:75,14,0,8
BRDA:75,14,1,330
BRDA:76,15,0,7
BRDA:76,15,1,1
BRDA:108,16,0,1
BRDA:111,17,0,11
BRDA:111,17,1,8
BRF:35
BRH:24
end_of_record
TN:
SF:cvat-core/src/config.js
FNF:0
FNH:0
DA:5,10
LF:1
LH:1
BRF:0
BRH:0
end_of_record
TN:
SF:cvat-core/src/enums.js
FN:5,(anonymous_0)
FNF:1
FNH:1
FNDA:10,(anonymous_0)
DA:5,10
DA:15,10
DA:30,10
DA:46,10
DA:63,10
DA:79,10
DA:96,10
DA:113,10
DA:130,10
DA:148,10
DA:166,10
DA:184,10
DA:227,10
DA:285,10
DA:313,10
DA:326,10
DA:369,10
DA:386,10
DA:404,10
DA:422,10
DA:429,10
LF:21
LH:21
BRF:0
BRH:0
end_of_record
TN:
SF:cvat-core/src/exceptions.js
FN:5,(anonymous_0)
FN:20,(anonymous_1)
FN:45,(anonymous_2)
FN:55,(anonymous_3)
FN:65,(anonymous_4)
FN:75,(anonymous_5)
FN:85,(anonymous_6)
FN:95,(anonymous_7)
FN:105,(anonymous_8)
FN:115,(anonymous_9)
FN:125,(anonymous_10)
FN:135,(anonymous_11)
FN:149,(anonymous_12)
FN:183,(anonymous_13)
FN:197,(anonymous_14)
FN:211,(anonymous_15)
FN:225,(anonymous_16)
FN:240,(anonymous_17)
FN:254,(anonymous_18)
FNF:19
FNH:5
FNDA:10,(anonymous_0)
FNDA:67,(anonymous_1)
FNDA:0,(anonymous_2)
FNDA:0,(anonymous_3)
FNDA:0,(anonymous_4)
FNDA:0,(anonymous_5)
FNDA:0,(anonymous_6)
FNDA:0,(anonymous_7)
FNDA:0,(anonymous_8)
FNDA:0,(anonymous_9)
FNDA:0,(anonymous_10)
FNDA:0,(anonymous_11)
FNDA:0,(anonymous_12)
FNDA:64,(anonymous_13)
FNDA:2,(anonymous_14)
FNDA:0,(anonymous_15)
FNDA:0,(anonymous_16)
FNDA:1,(anonymous_17)
FNDA:0,(anonymous_18)
DA:5,10
DA:6,10
DA:7,10
DA:8,10
DA:21,67
DA:23,67
DA:24,67
DA:25,67
DA:26,67
DA:27,67
DA:28,67
DA:29,67
DA:30,67
DA:32,67
DA:34,67
DA:45,0
DA:55,0
DA:65,0
DA:75,0
DA:85,0
DA:95,0
DA:105,0
DA:115,0
DA:125,0
DA:135,0
DA:150,0
DA:165,0
DA:166,0
DA:167,0
DA:184,64
DA:198,2
DA:212,0
DA:226,0
DA:241,1
DA:243,1
DA:254,0
DA:261,10
LF:37
LH:20
BRF:0
BRH:0
end_of_record
TN:
SF:cvat-core/src/frames.js
FN:5,(anonymous_0)
FN:21,(anonymous_1)
FN:159,(anonymous_2)
FN:159,(anonymous_3)
FN:164,(anonymous_4)
FN:168,(anonymous_5)
FN:173,(anonymous_6)
FN:174,(anonymous_7)
FN:175,(anonymous_8)
FN:195,(anonymous_9)
FN:214,(anonymous_10)
FN:226,(anonymous_11)
FN:231,(anonymous_12)
FN:243,(anonymous_13)
FN:250,(anonymous_14)
FN:269,(anonymous_15)
FN:376,(anonymous_16)
FN:387,getFrameMeta
FN:405,(anonymous_18)
FN:416,(anonymous_19)
FN:420,(anonymous_20)
FN:424,(anonymous_21)
FN:428,(anonymous_22)
FN:437,(anonymous_23)
FN:438,(anonymous_24)
FN:459,(anonymous_25)
FN:470,(anonymous_26)
FN:476,(anonymous_27)
FN:483,(anonymous_28)
FN:511,(anonymous_29)
FN:522,(anonymous_30)
FN:549,(anonymous_31)
FN:564,(anonymous_32)
FN:595,(anonymous_33)
FN:613,(anonymous_34)
FN:627,(anonymous_35)
FN:628,(anonymous_36)
FN:632,getImageContext
FN:633,(anonymous_38)
FN:636,(anonymous_39)
FN:642,(anonymous_40)
FN:648,(anonymous_41)
FN:654,getContextImage
FN:663,getPreview
FN:664,(anonymous_44)
FN:668,(anonymous_45)
FN:674,(anonymous_46)
FN:680,(anonymous_47)
FN:686,getFrame
FN:701,(anonymous_49)
FN:702,(anonymous_50)
FN:704,(anonymous_51)
FN:704,(anonymous_52)
FN:743,getDeletedFrames
FN:751,(anonymous_54)
FN:758,deleteFrame
FN:763,restoreFrame
FN:770,patchMeta
FN:789,findNotDeletedFrame
FN:797,(anonymous_59)
FN:797,(anonymous_60)
FN:798,(anonymous_61)
FN:798,(anonymous_62)
FN:814,getRanges
FN:828,clear
FNF:65
FNH:21
FNDA:10,(anonymous_0)
FNDA:122912,(anonymous_1)
FNDA:2,(anonymous_2)
FNDA:0,(anonymous_3)
FNDA:0,(anonymous_4)
FNDA:0,(anonymous_5)
FNDA:2,(anonymous_6)
FNDA:2,(anonymous_7)
FNDA:0,(anonymous_8)
FNDA:0,(anonymous_9)
FNDA:0,(anonymous_10)
FNDA:0,(anonymous_11)
FNDA:0,(anonymous_12)
FNDA:0,(anonymous_13)
FNDA:0,(anonymous_14)
FNDA:0,(anonymous_15)
FNDA:0,(anonymous_16)
FNDA:122938,getFrameMeta
FNDA:26,(anonymous_18)
FNDA:0,(anonymous_19)
FNDA:0,(anonymous_20)
FNDA:0,(anonymous_21)
FNDA:0,(anonymous_22)
FNDA:0,(anonymous_23)
FNDA:0,(anonymous_24)
FNDA:0,(anonymous_25)
FNDA:0,(anonymous_26)
FNDA:0,(anonymous_27)
FNDA:0,(anonymous_28)
FNDA:0,(anonymous_29)
FNDA:0,(anonymous_30)
FNDA:0,(anonymous_31)
FNDA:122912,(anonymous_32)
FNDA:0,(anonymous_33)
FNDA:122912,(anonymous_34)
FNDA:0,(anonymous_35)
FNDA:0,(anonymous_36)
FNDA:0,getImageContext
FNDA:0,(anonymous_38)
FNDA:0,(anonymous_39)
FNDA:0,(anonymous_40)
FNDA:0,(anonymous_41)
FNDA:0,getContextImage
FNDA:2,getPreview
FNDA:2,(anonymous_44)
FNDA:2,(anonymous_45)
FNDA:0,(anonymous_46)
FNDA:0,(anonymous_47)
FNDA:122912,getFrame
FNDA:6,(anonymous_49)
FNDA:50,(anonymous_50)
FNDA:50,(anonymous_51)
FNDA:24,(anonymous_52)
FNDA:155,getDeletedFrames
FNDA:104,(anonymous_54)
FNDA:2,deleteFrame
FNDA:2,restoreFrame
FNDA:0,patchMeta
FNDA:0,findNotDeletedFrame
FNDA:0,(anonymous_59)
FNDA:0,(anonymous_60)
FNDA:0,(anonymous_61)
FNDA:0,(anonymous_62)
FNDA:0,getRanges
FNDA:0,clear
DA:5,10
DA:6,10
DA:7,10
DA:8,10
DA:9,10
DA:10,10
DA:13,10
DA:33,122912
DA:160,2
DA:161,2
DA:165,0
DA:169,0
DA:173,10
DA:174,2
DA:175,2
DA:176,0
DA:181,0
DA:184,2
DA:185,0
DA:186,0
DA:189,2
DA:190,2
DA:191,2
DA:192,2
DA:193,2
DA:195,2
DA:196,0
DA:200,0
DA:201,0
DA:202,0
DA:203,0
DA:204,0
DA:205,0
DA:208,0
DA:209,0
DA:214,2
DA:215,0
DA:219,0
DA:220,0
DA:222,0
DA:226,2
DA:227,0
DA:228,0
DA:229,0
DA:232,0
DA:233,0
DA:234,0
DA:244,0
DA:245,0
DA:247,0
DA:251,0
DA:252,0
DA:253,0
DA:254,0
DA:257,0
DA:258,0
DA:259,0
DA:264,2
DA:265,2
DA:266,0
DA:267,0
DA:270,0
DA:271,0
DA:272,0
DA:273,0
DA:274,0
DA:280,0
DA:281,0
DA:283,0
DA:299,0
DA:300,0
DA:301,0
DA:302,0
DA:303,0
DA:305,0
DA:311,0
DA:312,0
DA:313,0
DA:314,0
DA:317,0
DA:335,0
DA:340,0
DA:343,0
DA:349,0
DA:350,0
DA:351,0
DA:352,0
DA:353,0
DA:354,0
DA:355,0
DA:356,0
DA:366,0
DA:369,0
DA:373,0
DA:377,0
DA:378,0
DA:380,0
DA:388,122938
DA:389,122938
DA:390,122938
DA:391,122570
DA:392,368
DA:393,368
DA:394,0
DA:396,368
DA:399,0
DA:401,122938
DA:406,26
DA:407,26
DA:408,26
DA:409,26
DA:410,26
DA:411,26
DA:412,26
DA:413,26
DA:417,0
DA:421,0
DA:425,0
DA:429,0
DA:430,0
DA:431,0
DA:434,0
DA:438,0
DA:439,0
DA:444,0
DA:445,0
DA:446,0
DA:447,0
DA:457,0
DA:460,0
DA:464,0
DA:466,0
DA:467,0
DA:468,0
DA:469,0
DA:470,0
DA:472,0
DA:477,0
DA:484,0
DA:485,0
DA:486,0
DA:488,0
DA:489,0
DA:490,0
DA:491,0
DA:498,0
DA:501,0
DA:510,0
DA:511,0
DA:512,0
DA:513,0
DA:522,0
DA:523,0
DA:524,0
DA:525,0
DA:526,0
DA:527,0
DA:529,0
DA:530,0
DA:531,0
DA:532,0
DA:533,0
DA:536,0
DA:537,0
DA:538,0
DA:541,0
DA:542,0
DA:543,0
DA:550,0
DA:551,0
DA:552,0
DA:553,0
DA:554,0
DA:556,0
DA:557,0
DA:559,0
DA:565,122912
DA:566,0
DA:567,0
DA:571,122912
DA:572,122912
DA:573,122912
DA:583,122912
DA:584,0
DA:585,0
DA:586,0
DA:587,0
DA:593,0
DA:594,0
DA:595,0
DA:596,0
DA:597,0
DA:602,122912
DA:603,0
DA:604,0
DA:605,0
DA:607,122912
DA:610,122912
DA:614,122912
DA:615,0
DA:619,0
DA:622,122912
DA:623,122912
DA:624,122912
DA:628,0
DA:633,0
DA:634,0
DA:637,0
DA:639,0
DA:640,0
DA:641,0
DA:642,0
DA:643,0
DA:645,0
DA:649,0
DA:655,0
DA:656,0
DA:658,0
DA:659,0
DA:660,0
DA:664,2
DA:666,2
DA:669,2
DA:671,2
DA:672,0
DA:673,0
DA:674,0
DA:675,0
DA:677,0
DA:681,0
DA:698,122912
DA:699,26
DA:700,26
DA:701,26
DA:702,50
DA:703,26
DA:704,50
DA:709,26
DA:711,26
DA:735,26
DA:737,26
DA:740,122912
DA:744,155
DA:745,51
DA:746,51
DA:749,104
DA:750,104
DA:751,104
DA:752,104
DA:755,0
DA:759,2
DA:760,2
DA:764,2
DA:765,2
DA:766,2
DA:771,0
DA:772,0
DA:775,0
DA:778,0
DA:779,0
DA:781,0
DA:782,0
DA:785,0
DA:786,0
DA:791,0
DA:792,0
DA:794,0
DA:796,0
DA:797,0
DA:798,0
DA:799,0
DA:800,0
DA:801,0
DA:802,0
DA:803,0
DA:804,0
DA:805,0
DA:806,0
DA:811,0
DA:815,0
DA:816,0
DA:822,0
DA:829,0
DA:830,0
DA:831,0
DA:835,10
LF:286
LH:81
BRDA:159,0,0,2
BRDA:184,1,0,0
BRDA:184,1,1,2
BRDA:196,2,0,0
BRDA:196,2,1,0
BRDA:197,3,0,0
BRDA:197,3,1,0
BRDA:202,4,0,0
BRDA:202,4,1,0
BRDA:208,5,0,0
BRDA:208,5,1,0
BRDA:215,6,0,0
BRDA:215,6,1,0
BRDA:216,7,0,0
BRDA:216,7,1,0
BRDA:233,8,0,0
BRDA:233,8,1,0
BRDA:244,9,0,0
BRDA:244,9,1,0
BRDA:251,10,0,0
BRDA:251,10,1,0
BRDA:252,11,0,0
BRDA:252,11,1,0
BRDA:264,12,0,2
BRDA:264,12,1,0
BRDA:266,13,0,0
BRDA:266,13,1,0
BRDA:270,14,0,0
BRDA:270,14,1,0
BRDA:273,15,0,0
BRDA:273,15,1,0
BRDA:274,16,0,0
BRDA:274,16,1,0
BRDA:275,17,0,0
BRDA:275,17,1,0
BRDA:275,17,2,0
BRDA:275,17,3,0
BRDA:280,18,0,0
BRDA:280,18,1,0
BRDA:280,19,0,0
BRDA:280,19,1,0
BRDA:300,20,0,0
BRDA:300,20,1,0
BRDA:301,21,0,0
BRDA:301,21,1,0
BRDA:301,22,0,0
BRDA:301,22,1,0
BRDA:311,23,0,0
BRDA:311,23,1,0
BRDA:343,24,0,0
BRDA:343,24,1,0
BRDA:344,25,0,0
BRDA:344,25,1,0
BRDA:344,25,2,0
BRDA:344,25,3,0
BRDA:350,26,0,0
BRDA:350,26,1,0
BRDA:354,27,0,0
BRDA:354,27,1,0
BRDA:355,28,0,0
BRDA:355,28,1,0
BRDA:377,29,0,0
BRDA:377,29,1,0
BRDA:390,30,0,122570
BRDA:390,30,1,368
BRDA:392,31,0,368
BRDA:392,31,1,0
BRDA:393,32,0,0
BRDA:393,32,1,368
BRDA:421,33,0,0
BRDA:421,33,1,0
BRDA:460,34,0,0
BRDA:460,34,1,0
BRDA:461,35,0,0
BRDA:461,35,1,0
BRDA:468,36,0,0
BRDA:468,36,1,0
BRDA:483,37,0,0
BRDA:483,38,0,0
BRDA:485,39,0,0
BRDA:485,39,1,0
BRDA:490,40,0,0
BRDA:490,40,1,0
BRDA:526,41,0,0
BRDA:526,41,1,0
BRDA:531,42,0,0
BRDA:531,42,1,0
BRDA:549,43,0,0
BRDA:550,44,0,0
BRDA:550,44,1,0
BRDA:556,45,0,0
BRDA:556,45,1,0
BRDA:556,46,0,0
BRDA:556,46,1,0
BRDA:566,47,0,0
BRDA:566,47,1,0
BRDA:566,48,0,0
BRDA:566,48,1,0
BRDA:583,49,0,0
BRDA:583,49,1,122912
BRDA:587,50,0,0
BRDA:587,50,1,0
BRDA:588,51,0,0
BRDA:588,51,1,0
BRDA:588,51,2,0
BRDA:588,51,3,0
BRDA:593,52,0,0
BRDA:593,52,1,0
BRDA:594,53,0,0
BRDA:594,53,1,0
BRDA:596,54,0,0
BRDA:596,54,1,0
BRDA:602,55,0,0
BRDA:602,55,1,122912
BRDA:604,56,0,0
BRDA:604,56,1,0
BRDA:615,57,0,0
BRDA:615,57,1,0
BRDA:616,58,0,0
BRDA:616,58,1,0
BRDA:637,59,0,0
BRDA:637,59,1,0
BRDA:640,60,0,0
BRDA:640,60,1,0
BRDA:655,61,0,0
BRDA:655,61,1,0
BRDA:663,62,0,0
BRDA:663,63,0,1
BRDA:669,64,0,2
BRDA:669,64,1,0
BRDA:672,65,0,0
BRDA:672,65,1,0
BRDA:698,66,0,26
BRDA:698,66,1,122886
BRDA:699,67,0,0
BRDA:699,67,1,26
BRDA:709,68,0,26
BRDA:709,68,1,0
BRDA:744,69,0,51
BRDA:744,69,1,104
BRDA:749,70,0,104
BRDA:749,70,1,0
BRDA:765,71,0,2
BRDA:765,71,1,0
BRDA:791,72,0,0
BRDA:791,72,1,0
BRDA:797,73,0,0
BRDA:797,73,1,0
BRDA:798,74,0,0
BRDA:798,74,1,0
BRDA:802,75,0,0
BRDA:802,75,1,0
BRDA:805,76,0,0
BRDA:805,76,1,0
BRDA:815,77,0,0
BRDA:815,77,1,0
BRDA:829,78,0,0
BRDA:829,78,1,0
BRF:158
BRH:19
end_of_record
TN:
SF:cvat-core/src/issue.js
FN:19,(anonymous_0)
FN:40,(anonymous_1)
FN:58,(anonymous_2)
FN:70,(anonymous_3)
FN:71,(anonymous_4)
FN:72,(anonymous_5)
FN:88,(anonymous_6)
FN:100,(anonymous_7)
FN:110,(anonymous_8)
FN:120,(anonymous_9)
FN:131,(anonymous_10)
FN:142,(anonymous_11)
FN:145,(anonymous_12)
FN:151,(anonymous_13)
FN:153,(anonymous_14)
FN:159,(anonymous_15)
FN:184,(anonymous_16)
FN:202,(anonymous_17)
FN:219,(anonymous_18)
FN:235,(anonymous_19)
FN:239,(anonymous_20)
FN:244,(anonymous_21)
FN:267,(anonymous_22)
FN:287,(anonymous_23)
FN:300,(anonymous_24)
FN:309,(anonymous_25)
FNF:26
FNH:0
FNDA:0,(anonymous_0)
FNDA:0,(anonymous_1)
FNDA:0,(anonymous_2)
FNDA:0,(anonymous_3)
FNDA:0,(anonymous_4)
FNDA:0,(anonymous_5)
FNDA:0,(anonymous_6)
FNDA:0,(anonymous_7)
FNDA:0,(anonymous_8)
FNDA:0,(anonymous_9)
FNDA:0,(anonymous_10)
FNDA:0,(anonymous_11)
FNDA:0,(anonymous_12)
FNDA:0,(anonymous_13)
FNDA:0,(anonymous_14)
FNDA:0,(anonymous_15)
FNDA:0,(anonymous_16)
FNDA:0,(anonymous_17)
FNDA:0,(anonymous_18)
FNDA:0,(anonymous_19)
FNDA:0,(anonymous_20)
FNDA:0,(anonymous_21)
FNDA:0,(anonymous_22)
FNDA:0,(anonymous_23)
FNDA:0,(anonymous_24)
FNDA:0,(anonymous_25)
DA:5,10
DA:7,10
DA:8,10
DA:9,10
DA:10,10
DA:11,10
DA:20,0
DA:31,0
DA:32,0
DA:33,0
DA:37,0
DA:39,0
DA:40,0
DA:43,0
DA:44,0
DA:47,0
DA:58,0
DA:70,0
DA:72,0
DA:73,0
DA:75,0
DA:88,0
DA:100,0
DA:110,0
DA:120,0
DA:131,0
DA:142,0
DA:145,0
DA:152,0
DA:153,0
DA:154,0
DA:155,0
DA:158,0
DA:159,0
DA:163,0
DA:185,0
DA:186,0
DA:203,0
DA:204,0
DA:220,0
DA:221,0
DA:236,0
DA:240,0
DA:241,0
DA:244,0
DA:247,0
DA:248,0
DA:250,0
DA:251,0
DA:253,0
DA:254,0
DA:256,0
DA:257,0
DA:259,0
DA:260,0
DA:263,0
DA:267,10
DA:268,0
DA:269,0
DA:271,0
DA:272,0
DA:275,0
DA:276,0
DA:277,0
DA:278,0
DA:279,0
DA:280,0
DA:281,0
DA:283,0
DA:287,10
DA:288,0
DA:289,0
DA:292,0
DA:293,0
DA:294,0
DA:296,0
DA:300,10
DA:301,0
DA:302,0
DA:303,0
DA:305,0
DA:309,10
DA:310,0
DA:311,0
DA:312,0
DA:316,10
LF:86
LH:11
BRDA:32,0,0,0
BRDA:32,0,1,0
BRDA:32,1,0,0
BRDA:32,1,1,0
BRDA:37,2,0,0
BRDA:37,2,1,0
BRDA:37,3,0,0
BRDA:37,3,1,0
BRDA:39,4,0,0
BRDA:39,4,1,0
BRDA:43,5,0,0
BRDA:43,5,1,0
BRDA:72,6,0,0
BRDA:72,6,1,0
BRDA:72,7,0,0
BRDA:72,7,1,0
BRDA:152,8,0,0
BRDA:152,8,1,0
BRDA:154,9,0,0
BRDA:154,9,1,0
BRDA:247,10,0,0
BRDA:247,10,1,0
BRDA:250,11,0,0
BRDA:250,11,1,0
BRDA:253,12,0,0
BRDA:253,12,1,0
BRDA:256,13,0,0
BRDA:256,13,1,0
BRDA:259,14,0,0
BRDA:259,14,1,0
BRDA:268,15,0,0
BRDA:268,15,1,0
BRDA:268,16,0,0
BRDA:268,16,1,0
BRDA:271,17,0,0
BRDA:271,17,1,0
BRDA:271,18,0,0
BRDA:271,18,1,0
BRDA:276,19,0,0
BRDA:276,19,1,0
BRDA:288,20,0,0
BRDA:288,20,1,0
BRDA:292,21,0,0
BRDA:292,21,1,0
BRDA:301,22,0,0
BRDA:301,22,1,0
BRDA:311,23,0,0
BRDA:311,23,1,0
BRF:48
BRH:0
end_of_record
TN:
SF:cvat-core/src/labels.js
FN:5,(anonymous_0)
FN:15,(anonymous_1)
FN:52,(anonymous_2)
FN:62,(anonymous_3)
FN:72,(anonymous_4)
FN:82,(anonymous_5)
FN:92,(anonymous_6)
FN:102,(anonymous_7)
FN:108,(anonymous_8)
FN:131,(anonymous_9)
FN:169,(anonymous_10)
FN:178,(anonymous_11)
FN:179,(anonymous_12)
FN:193,(anonymous_13)
FN:194,(anonymous_14)
FN:210,(anonymous_15)
FN:213,(anonymous_16)
FN:214,(anonymous_17)
FN:222,(anonymous_18)
FN:225,(anonymous_19)
FNF:20
FNH:18
FNDA:10,(anonymous_0)
FNDA:765,(anonymous_1)
FNDA:2076,(anonymous_2)
FNDA:299,(anonymous_3)
FNDA:104,(anonymous_4)
FNDA:1508,(anonymous_5)
FNDA:61,(anonymous_6)
FNDA:26,(anonymous_7)
FNDA:20,(anonymous_8)
FNDA:423,(anonymous_9)
FNDA:3529,(anonymous_10)
FNDA:1017,(anonymous_11)
FNDA:0,(anonymous_12)
FNDA:14,(anonymous_13)
FNDA:0,(anonymous_14)
FNDA:2058,(anonymous_15)
FNDA:404,(anonymous_16)
FNDA:2,(anonymous_17)
FNDA:14,(anonymous_18)
FNDA:20,(anonymous_19)
DA:5,10
DA:6,10
DA:7,10
DA:16,765
DA:25,765
DA:26,4590
DA:27,4590
DA:28,4580
DA:29,765
DA:31,3815
DA:37,765
DA:38,0
DA:41,765
DA:52,2076
DA:62,299
DA:72,104
DA:82,1508
DA:92,61
DA:102,26
DA:109,20
DA:117,20
DA:118,16
DA:121,20
DA:132,423
DA:139,423
DA:140,1692
DA:141,1692
DA:142,863
DA:147,423
DA:149,423
DA:153,423
DA:154,765
DA:158,423
DA:169,3529
DA:178,1017
DA:180,0
DA:181,0
DA:183,0
DA:193,14
DA:195,0
DA:196,0
DA:198,0
DA:210,2058
DA:213,404
DA:215,2
DA:223,14
DA:225,20
DA:229,14
DA:230,10
DA:233,14
DA:234,2
DA:237,14
DA:241,10
LF:53
LH:46
BRDA:26,0,0,4590
BRDA:26,0,1,0
BRDA:27,1,0,4580
BRDA:27,1,1,10
BRDA:28,2,0,765
BRDA:28,2,1,3815
BRDA:37,3,0,0
BRDA:37,3,1,765
BRDA:117,4,0,16
BRDA:117,4,1,4
BRDA:140,5,0,1692
BRDA:140,5,1,0
BRDA:141,6,0,863
BRDA:141,6,1,829
BRDA:149,7,0,423
BRDA:149,7,1,0
BRDA:150,8,0,423
BRDA:150,8,1,423
BRDA:180,9,0,0
BRDA:180,9,1,0
BRDA:195,10,0,0
BRDA:195,10,1,0
BRDA:195,11,0,0
BRDA:195,11,1,0
BRDA:229,12,0,10
BRDA:229,12,1,4
BRDA:233,13,0,2
BRDA:233,13,1,12
BRF:28
BRH:18
end_of_record
TN:
SF:cvat-core/src/lambda-manager.js
FN:11,(anonymous_0)
FN:16,(anonymous_1)
FN:37,(anonymous_2)
FN:62,(anonymous_3)
FN:76,(anonymous_4)
FN:78,(anonymous_5)
FN:81,(anonymous_6)
FN:93,(anonymous_7)
FN:94,(anonymous_8)
FNF:9
FNH:1
FNDA:10,(anonymous_0)
FNDA:0,(anonymous_1)
FNDA:0,(anonymous_2)
FNDA:0,(anonymous_3)
FNDA:0,(anonymous_4)
FNDA:0,(anonymous_5)
FNDA:0,(anonymous_6)
FNDA:0,(anonymous_7)
FNDA:0,(anonymous_8)
DA:5,10
DA:6,10
DA:7,10
DA:8,10
DA:12,10
DA:13,10
DA:17,0
DA:18,0
DA:21,0
DA:22,0
DA:24,0
DA:25,0
DA:33,0
DA:34,0
DA:38,0
DA:39,0
DA:42,0
DA:43,0
DA:48,0
DA:49,0
DA:52,0
DA:58,0
DA:59,0
DA:63,0
DA:64,0
DA:67,0
DA:72,0
DA:73,0
DA:77,0
DA:78,0
DA:82,0
DA:83,0
DA:86,0
DA:87,0
DA:88,0
DA:90,0
DA:94,0
DA:95,0
DA:96,0
DA:97,0
DA:99,0
DA:100,0
DA:101,0
DA:103,0
DA:104,0
DA:106,0
DA:109,0
DA:112,0
DA:120,0
DA:127,10
LF:50
LH:7
BRDA:17,0,0,0
BRDA:17,0,1,0
BRDA:38,1,0,0
BRDA:38,1,1,0
BRDA:38,2,0,0
BRDA:38,2,1,0
BRDA:42,3,0,0
BRDA:42,3,1,0
BRDA:48,4,0,0
BRDA:48,4,1,0
BRDA:48,5,0,0
BRDA:48,5,1,0
BRDA:63,6,0,0
BRDA:63,6,1,0
BRDA:63,7,0,0
BRDA:63,7,1,0
BRDA:82,8,0,0
BRDA:82,8,1,0
BRDA:86,9,0,0
BRDA:86,9,1,0
BRDA:99,10,0,0
BRDA:99,10,1,0
BRDA:99,11,0,0
BRDA:99,11,1,0
BRDA:100,12,0,0
BRDA:100,12,1,0
BRDA:103,13,0,0
BRDA:103,13,1,0
BRDA:104,14,0,0
BRDA:104,14,1,0
BRDA:106,15,0,0
BRDA:106,15,1,0
BRDA:106,16,0,0
BRDA:106,16,1,0
BRF:34
BRH:0
end_of_record
TN:
SF:cvat-core/src/log.js
FN:16,(anonymous_0)
FN:24,(anonymous_1)
FN:28,(anonymous_2)
FN:41,(anonymous_3)
FN:75,(anonymous_4)
FN:81,(anonymous_5)
FN:91,(anonymous_6)
FN:101,(anonymous_7)
FN:102,(anonymous_8)
FN:142,(anonymous_9)
FN:160,(anonymous_10)
FN:189,(anonymous_11)
FN:215,logFactory
FNF:13
FNH:0
FNDA:0,(anonymous_0)
FNDA:0,(anonymous_1)
FNDA:0,(anonymous_2)
FNDA:0,(anonymous_3)
FNDA:0,(anonymous_4)
FNDA:0,(anonymous_5)
FNDA:0,(anonymous_6)
FNDA:0,(anonymous_7)
FNDA:0,(anonymous_8)
FNDA:0,(anonymous_9)
FNDA:0,(anonymous_10)
FNDA:0,(anonymous_11)
FNDA:0,logFactory
DA:5,10
DA:6,10
DA:7,10
DA:8,10
DA:17,0
DA:19,0
DA:20,0
DA:21,0
DA:25,0
DA:29,0
DA:30,0
DA:33,0
DA:34,0
DA:36,0
DA:37,0
DA:42,0
DA:43,0
DA:48,0
DA:49,0
DA:50,0
DA:51,0
DA:55,0
DA:76,0
DA:77,0
DA:81,10
DA:82,0
DA:83,0
DA:85,0
DA:86,0
DA:92,0
DA:93,0
DA:94,0
DA:95,0
DA:102,0
DA:103,0
DA:104,0
DA:107,0
DA:108,0
DA:111,0
DA:112,0
DA:115,0
DA:116,0
DA:119,0
DA:120,0
DA:123,0
DA:124,0
DA:127,0
DA:128,0
DA:131,0
DA:132,0
DA:135,0
DA:136,0
DA:143,0
DA:145,0
DA:151,0
DA:154,0
DA:161,0
DA:163,0
DA:164,0
DA:165,0
DA:168,0
DA:169,0
DA:170,0
DA:173,0
DA:174,0
DA:175,0
DA:178,0
DA:179,0
DA:180,0
DA:183,0
DA:184,0
DA:185,0
DA:190,0
DA:191,0
DA:192,0
DA:193,0
DA:205,0
DA:206,0
DA:207,0
DA:208,0
DA:209,0
DA:211,0
DA:216,0
DA:224,0
DA:225,0
DA:227,0
DA:228,0
DA:231,0
DA:232,0
DA:235,0
DA:236,0
DA:239,0
DA:242,10
LF:93
LH:6
BRDA:29,0,0,0
BRDA:29,0,1,0
BRDA:49,1,0,0
BRDA:49,1,1,0
BRDA:75,2,0,0
BRDA:85,3,0,0
BRDA:85,3,1,0
BRDA:93,4,0,0
BRDA:93,4,1,0
BRDA:93,5,0,0
BRDA:93,5,1,0
BRDA:107,6,0,0
BRDA:107,6,1,0
BRDA:107,7,0,0
BRDA:107,7,1,0
BRDA:111,8,0,0
BRDA:111,8,1,0
BRDA:111,9,0,0
BRDA:111,9,1,0
BRDA:115,10,0,0
BRDA:115,10,1,0
BRDA:115,11,0,0
BRDA:115,11,1,0
BRDA:119,12,0,0
BRDA:119,12,1,0
BRDA:119,13,0,0
BRDA:119,13,1,0
BRDA:123,14,0,0
BRDA:123,14,1,0
BRDA:123,15,0,0
BRDA:123,15,1,0
BRDA:127,16,0,0
BRDA:127,16,1,0
BRDA:127,17,0,0
BRDA:127,17,1,0
BRDA:131,18,0,0
BRDA:131,18,1,0
BRDA:131,19,0,0
BRDA:131,19,1,0
BRDA:135,20,0,0
BRDA:135,20,1,0
BRDA:135,21,0,0
BRDA:135,21,1,0
BRDA:145,22,0,0
BRDA:145,22,1,0
BRDA:146,23,0,0
BRDA:146,23,1,0
BRDA:146,23,2,0
BRDA:163,24,0,0
BRDA:163,24,1,0
BRDA:168,25,0,0
BRDA:168,25,1,0
BRDA:173,26,0,0
BRDA:173,26,1,0
BRDA:178,27,0,0
BRDA:178,27,1,0
BRDA:183,28,0,0
BRDA:183,28,1,0
BRDA:224,29,0,0
BRDA:224,29,1,0
BRDA:227,30,0,0
BRDA:227,30,1,0
BRDA:231,31,0,0
BRDA:231,31,1,0
BRDA:235,32,0,0
BRDA:235,32,1,0
BRF:66
BRH:0
end_of_record
TN:
SF:cvat-core/src/logger-storage.js
FN:13,sleep
FN:14,(anonymous_1)
FN:20,(anonymous_2)
FN:32,(anonymous_3)
FN:39,(anonymous_4)
FN:48,(anonymous_5)
FN:57,(anonymous_6)
FN:67,(anonymous_7)
FN:72,(anonymous_8)
FN:78,(anonymous_9)
FN:87,(anonymous_10)
FN:91,(anonymous_11)
FN:125,(anonymous_12)
FN:133,(anonymous_13)
FN:149,(anonymous_14)
FN:174,(anonymous_15)
FNF:16
FNH:1
FNDA:0,sleep
FNDA:0,(anonymous_1)
FNDA:10,(anonymous_2)
FNDA:0,(anonymous_3)
FNDA:0,(anonymous_4)
FNDA:0,(anonymous_5)
FNDA:0,(anonymous_6)
FNDA:0,(anonymous_7)
FNDA:0,(anonymous_8)
FNDA:0,(anonymous_9)
FNDA:0,(anonymous_10)
FNDA:0,(anonymous_11)
FNDA:0,(anonymous_12)
FNDA:0,(anonymous_13)
FNDA:0,(anonymous_14)
FNDA:0,(anonymous_15)
DA:5,10
DA:6,10
DA:7,10
DA:8,10
DA:9,10
DA:11,10
DA:14,0
DA:15,0
DA:21,10
DA:22,10
DA:23,10
DA:24,10
DA:25,10
DA:26,10
DA:27,10
DA:29,10
DA:33,0
DA:37,10
DA:40,0
DA:49,0
DA:50,0
DA:51,0
DA:52,0
DA:53,0
DA:58,0
DA:64,0
DA:68,0
DA:69,0
DA:73,0
DA:74,0
DA:78,10
DA:79,0
DA:80,0
DA:83,0
DA:84,0
DA:87,0
DA:88,0
DA:91,10
DA:92,0
DA:93,0
DA:96,0
DA:97,0
DA:100,0
DA:101,0
DA:102,0
DA:103,0
DA:104,0
DA:109,0
DA:110,0
DA:114,0
DA:115,0
DA:116,0
DA:117,0
DA:120,0
DA:121,0
DA:122,0
DA:125,0
DA:126,0
DA:127,0
DA:128,0
DA:129,0
DA:132,0
DA:133,0
DA:134,0
DA:137,0
DA:140,0
DA:141,0
DA:143,0
DA:146,0
DA:149,10
DA:150,0
DA:151,0
DA:154,0
DA:155,0
DA:157,0
DA:158,0
DA:159,0
DA:160,0
DA:161,0
DA:164,0
DA:165,0
DA:166,0
DA:169,0
DA:170,0
DA:172,0
DA:173,0
DA:174,0
DA:175,0
DA:176,0
DA:178,0
DA:179,0
DA:180,0
DA:182,0
DA:186,10
LF:94
LH:19
BRDA:41,0,0,0
BRDA:41,0,1,0
BRDA:49,1,0,0
BRDA:49,1,1,0
BRDA:49,2,0,0
BRDA:49,2,1,0
BRDA:52,3,0,0
BRDA:52,3,1,0
BRDA:67,4,0,0
BRDA:67,5,0,0
BRDA:79,6,0,0
BRDA:79,6,1,0
BRDA:83,7,0,0
BRDA:83,7,1,0
BRDA:92,8,0,0
BRDA:92,8,1,0
BRDA:96,9,0,0
BRDA:96,9,1,0
BRDA:100,10,0,0
BRDA:100,10,1,0
BRDA:103,11,0,0
BRDA:103,11,1,0
BRDA:103,12,0,0
BRDA:103,12,1,0
BRDA:116,13,0,0
BRDA:116,13,1,0
BRDA:121,14,0,0
BRDA:121,14,1,0
BRDA:132,15,0,0
BRDA:132,15,1,0
BRDA:140,16,0,0
BRDA:140,16,1,0
BRDA:160,17,0,0
BRDA:160,17,1,0
BRDA:164,18,0,0
BRDA:164,18,1,0
BRDA:164,19,0,0
BRDA:164,19,1,0
BRF:38
BRH:0
end_of_record
TN:
SF:cvat-core/src/ml-model.js
FN:10,(anonymous_0)
FN:35,(anonymous_1)
FN:43,(anonymous_2)
FN:52,(anonymous_3)
FN:70,(anonymous_4)
FN:78,(anonymous_5)
FN:86,(anonymous_6)
FN:94,(anonymous_7)
FN:102,(anonymous_8)
FN:114,(anonymous_9)
FN:129,(anonymous_10)
FNF:11
FNH:0
FNDA:0,(anonymous_0)
FNDA:0,(anonymous_1)
FNDA:0,(anonymous_2)
FNDA:0,(anonymous_3)
FNDA:0,(anonymous_4)
FNDA:0,(anonymous_5)
FNDA:0,(anonymous_6)
FNDA:0,(anonymous_7)
FNDA:0,(anonymous_8)
FNDA:0,(anonymous_9)
FNDA:0,(anonymous_10)
DA:11,0
DA:12,0
DA:13,0
DA:14,0
DA:15,0
DA:16,0
DA:17,0
DA:18,0
DA:22,0
DA:36,0
DA:44,0
DA:53,0
DA:54,0
DA:57,0
DA:71,0
DA:79,0
DA:87,0
DA:95,0
DA:103,0
DA:115,0
DA:130,0
DA:134,10
LF:22
LH:1
BRDA:14,0,0,0
BRDA:14,0,1,0
BRDA:53,1,0,0
BRDA:53,1,1,0
BRF:4
BRH:0
end_of_record
TN:
SF:cvat-core/src/object-state.js
FN:7,(anonymous_0)
FN:24,(anonymous_1)
FN:57,reset
FN:84,(anonymous_3)
FN:94,(anonymous_4)
FN:104,(anonymous_5)
FN:114,(anonymous_6)
FN:124,(anonymous_7)
FN:134,(anonymous_8)
FN:144,(anonymous_9)
FN:153,(anonymous_10)
FN:154,(anonymous_11)
FN:166,(anonymous_12)
FN:167,(anonymous_13)
FN:179,(anonymous_14)
FN:180,(anonymous_15)
FN:193,(anonymous_16)
FN:194,(anonymous_17)
FN:217,(anonymous_18)
FN:218,(anonymous_19)
FN:240,(anonymous_20)
FN:249,(anonymous_21)
FN:250,(anonymous_22)
FN:262,(anonymous_23)
FN:263,(anonymous_24)
FN:275,(anonymous_25)
FN:276,(anonymous_26)
[...]
FNDA:1,(anonymous_200)
FNDA:16,(anonymous_201)
FNDA:0,(anonymous_202)
FNDA:0,(anonymous_203)
FNDA:0,(anonymous_204)
FNDA:0,(anonymous_205)
FNDA:1,(anonymous_206)
FNDA:1,(anonymous_207)
FNDA:0,(anonymous_208)
FNDA:0,(anonymous_209)
FNDA:0,(anonymous_210)
FNDA:0,(anonymous_211)
FNDA:0,(anonymous_212)
FNDA:0,(anonymous_213)
DA:5,10
DA:6,10
DA:7,10
DA:8,10
DA:20,10
DA:21,10
DA:24,10
DA:25,10
DA:26,10
DA:27,10
DA:28,10
DA:31,20
DA:35,0
DA:41,0
DA:45,10
DA:46,10
DA:52,21
DA:55,20
DA:59,2
DA:60,2
DA:64,20
DA:69,8
DA:73,90
DA:80,86
DA:84,11
DA:91,11
DA:95,0
DA:101,0
DA:105,14
DA:112,10
DA:116,7
DA:121,2
DA:125,3
DA:131,2
DA:135,4
DA:141,2
DA:145,0
DA:146,0
DA:150,0
DA:151,0
DA:155,0
DA:162,0
DA:166,26
DA:167,26
DA:175,122916
DA:182,122912
DA:185,2
DA:192,2
DA:199,0
DA:205,0
DA:206,0
DA:209,2
DA:210,2
DA:213,0
DA:220,0
DA:223,0
DA:228,0
DA:236,0
DA:243,0
DA:251,1
DA:252,1
DA:255,1
DA:256,1
DA:259,0
DA:260,0
DA:263,0
DA:264,0
DA:267,0
DA:268,0
DA:276,0
DA:282,0
DA:285,0
DA:291,0
DA:299,0
DA:300,0
DA:303,0
DA:304,0
DA:791,357
DA:792,357
DA:809,357
DA:811,357
DA:812,4998
DA:813,4998
DA:814,4970
DA:817,4998
DA:818,0
DA:823,357
DA:824,357
DA:825,357
DA:828,1928
DA:829,1833
DA:832,95
DA:835,0
DA:838,357
DA:849,123014
DA:860,0
DA:862,0
DA:863,0
DA:865,0
DA:866,0
DA:877,2
DA:879,2
DA:880,2
DA:881,2
DA:882,5
DA:883,1
DA:884,1
DA:888,2
DA:889,1
DA:894,1
DA:895,1
DA:906,2
DA:908,2
DA:909,2
DA:910,2
DA:911,5
DA:912,1
DA:913,1
DA:917,2
DA:918,1
DA:923,1
DA:924,1
DA:935,1446383
DA:945,792982
DA:955,0
DA:965,5
DA:975,69
DA:985,2642
DA:995,2642
DA:997,0
DA:998,0
DA:1003,0
DA:1014,2642
DA:1024,2642
DA:1034,0
DA:1037,2
DA:1045,357
DA:1064,357
DA:1072,357
DA:1083,357
DA:1087,357
DA:1104,1
DA:1105,1
DA:1120,0
DA:1121,0
DA:1139,0
DA:1140,0
DA:1154,0
DA:1155,0
DA:1177,79
DA:1178,79
DA:1209,79
DA:1211,79
DA:1212,2212
DA:1213,1425
DA:1217,79
DA:1218,79
DA:1220,79
DA:1221,79
DA:1222,79
DA:1228,79
DA:1229,78
DA:1230,311
DA:1231,311
DA:1235,79
DA:1236,75
DA:1237,329
DA:1238,329
DA:1239,329
DA:1259,329
DA:1265,79
DA:1276,215
DA:1286,6
DA:1288,2
DA:1289,0
DA:1291,2
DA:1292,2
DA:1302,7
DA:1304,1
DA:1305,0
DA:1308,1
DA:1309,1
DA:1320,0
DA:1330,120378
DA:1340,120270
DA:1351,0
DA:1362,0
DA:1364,0
DA:1365,0
DA:1367,0
DA:1368,0
DA:1379,0
DA:1389,0
DA:1399,8
DA:1401,2
DA:1402,0
DA:1407,2
DA:1408,2
DA:1419,2
DA:1421,0
DA:1422,0
DA:1427,0
DA:1428,0
DA:1439,2
DA:1441,0
DA:1442,0
DA:1444,0
DA:1455,2
DA:1457,0
DA:1458,0
DA:1460,0
DA:1471,2
DA:1473,0
DA:1474,0
DA:1476,0
DA:1487,2
DA:1489,0
DA:1490,0
DA:1492,0
DA:1503,2
DA:1505,0
DA:1506,0
DA:1508,0
DA:1519,2
DA:1521,0
DA:1522,0
DA:1524,0
DA:1535,319
DA:1537,2
DA:1538,0
DA:1541,2
DA:1542,8
DA:1543,0
DA:1549,8
DA:1550,8
DA:1551,2
DA:1552,1
DA:1555,2
DA:1556,2
DA:1567,120273
DA:1578,2
DA:1580,0
DA:1581,0
DA:1586,0
DA:1587,0
DA:1588,0
DA:1594,0
DA:1606,2
DA:1608,0
DA:1609,0
DA:1614,0
DA:1615,0
DA:1616,0
DA:1622,0
DA:1634,2
DA:1636,0
DA:1637,0
DA:1642,0
DA:1643,0
DA:1644,0
DA:1650,0
DA:1662,2
DA:1664,0
DA:1665,0
DA:1667,0
DA:1679,2
DA:1681,0
DA:1682,0
DA:1684,0
DA:1696,2
DA:1698,0
DA:1699,0
DA:1704,0
DA:1708,120272
DA:1710,0
DA:1711,0
DA:1716,0
DA:1720,120270
DA:1730,0
DA:1739,2
DA:1749,2
DA:1752,2
DA:1755,8
DA:1763,79
DA:1782,79
DA:1790,79
DA:1801,79
DA:1805,79
DA:1822,0
DA:1823,0
DA:1841,6
DA:1842,6
DA:1856,1
DA:1857,1
DA:1871,0
DA:1872,0
DA:1886,0
DA:1887,0
DA:1891,10
DA:1920,10
DA:1922,10
DA:1923,10
DA:1925,10
DA:1926,1
DA:1927,1
DA:1928,1
DA:1929,0
DA:1932,1
DA:1933,1
DA:1934,1
DA:1937,0
DA:1940,10
DA:1941,0
DA:1942,0
DA:1945,10
DA:1946,0
DA:1947,0
DA:1948,0
DA:1952,0
DA:1955,10
DA:1956,2642
DA:1957,0
DA:1960,2642
DA:1961,0
DA:1964,2642
DA:1976,2642
DA:1981,2
DA:1982,2
DA:1983,2
DA:1986,2
DA:1987,2
DA:1988,0
DA:1993,2
DA:1994,2
DA:1995,2
DA:1998,2
DA:1999,2
DA:2000,0
DA:2004,10
DA:2005,1
DA:2006,0
DA:2009,1
DA:2010,0
DA:2013,1
DA:2016,10
DA:2017,1
DA:2018,0
DA:2021,1
DA:2022,0
DA:2025,1
DA:2028,10
DA:2029,0
DA:2030,0
DA:2033,10
DA:2034,0
DA:2035,0
DA:2038,10
DA:2039,1
DA:2040,0
DA:2043,1
DA:2044,1
DA:2047,10
DA:2048,0
DA:2049,0
DA:2052,10
DA:2053,0
DA:2054,0
DA:2057,0
DA:2058,0
DA:2061,0
DA:2062,0
DA:2065,0
DA:2066,0
DA:2068,0
DA:2069,0
DA:2071,0
DA:2075,10
DA:2076,32
DA:2077,0
DA:2080,32
DA:2081,0
DA:2084,32
DA:2085,2
DA:2088,30
DA:2089,30
DA:2090,30
DA:2091,0
DA:2094,30
DA:2097,10
DA:2098,11
DA:2099,0
DA:2102,11
DA:2103,0
DA:2106,11
DA:2107,0
DA:2110,11
DA:2111,0
DA:2114,11
DA:2115,11
DA:2118,10
DA:2119,0
DA:2120,0
DA:2123,0
DA:2124,0
DA:2127,0
DA:2128,0
DA:2131,0
DA:2132,0
DA:2135,10
DA:2136,4
DA:2137,4
DA:2140,10
DA:2141,1
DA:2142,1
DA:2145,10
DA:2146,1
DA:2147,1
DA:2150,10
DA:2151,1
DA:2152,1
DA:2155,10
DA:2156,13
DA:2157,13
DA:2160,10
DA:2163,6
DA:2164,6
DA:2167,10
DA:2168,5
DA:2169,5
DA:2172,10
DA:2173,1
DA:2174,1
DA:2177,10
DA:2178,4
DA:2179,4
DA:2182,10
DA:2183,0
DA:2184,0
DA:2187,10
DA:2188,0
DA:2189,0
DA:2192,10
DA:2193,0
DA:2194,0
DA:2197,10
DA:2198,0
DA:2199,0
DA:2202,10
DA:2203,0
DA:2204,0
DA:2207,10
DA:2208,0
DA:2209,0
DA:2212,10
DA:2213,0
DA:2214,0
DA:2217,10
DA:2218,0
DA:2219,0
DA:2222,10
DA:2223,0
DA:2224,0
DA:2227,10
DA:2228,0
DA:2229,0
DA:2232,10
DA:2233,0
DA:2234,0
DA:2237,0
DA:2238,0
DA:2248,10
DA:2249,0
DA:2250,0
DA:2253,0
DA:2254,0
DA:2257,0
DA:2258,0
DA:2261,0
DA:2262,0
DA:2265,10
DA:2266,0
DA:2267,0
DA:2268,0
DA:2271,10
DA:2272,0
DA:2273,0
DA:2274,0
DA:2277,0
DA:2278,0
DA:2281,10
DA:2283,6
DA:2285,4
DA:2290,4
DA:2291,0
DA:2293,4
DA:2294,2
DA:2295,9
DA:2298,4
DA:2299,4
DA:2300,4
DA:2303,2
DA:2305,1
DA:2308,2
DA:2309,2
DA:2311,2
DA:2312,0
DA:2314,2
DA:2315,0
DA:2317,2
DA:2318,2
DA:2320,2
DA:2321,0
DA:2324,2
DA:2334,2
DA:2335,0
DA:2337,2
DA:2338,0
DA:2340,2
DA:2341,0
DA:2343,2
DA:2344,0
DA:2346,2
DA:2347,0
DA:2349,2
DA:2350,0
DA:2353,2
DA:2354,2
DA:2357,10
DA:2358,1
DA:2359,1
DA:2362,10
DA:2363,0
DA:2364,0
DA:2367,10
DA:2369,0
DA:2370,0
DA:2373,10
DA:2374,120274
DA:2375,3
DA:2378,120271
DA:2379,1
DA:2382,1320750
DA:2384,120270
DA:2395,120270
DA:2398,10
DA:2399,0
DA:2403,0
DA:2404,0
DA:2405,0
DA:2406,0
DA:2408,0
DA:2411,10
DA:2412,1
DA:2413,0
DA:2416,1
DA:2417,1
DA:2420,10
DA:2421,1
DA:2422,0
DA:2425,1
DA:2426,0
DA:2429,1
DA:2430,1
DA:2431,1
DA:2435,10
DA:2436,1
DA:2437,0
DA:2440,1
DA:2441,0
DA:2444,1
DA:2445,1
DA:2446,1
DA:2450,10
DA:2451,0
DA:2454,10
DA:2455,0
DA:2456,0
DA:2459,0
DA:2460,0
DA:2463,0
DA:2464,0
DA:2467,0
DA:2468,0
DA:2471,0
DA:2472,0
DA:2477,0
DA:2478,0
DA:2479,0
DA:2483,0
DA:2487,0
DA:2491,10
DA:2492,58
DA:2493,0
DA:2496,58
DA:2497,1
DA:2500,57
DA:2501,1
DA:2504,56
DA:2505,56
DA:2506,56
DA:2507,0
DA:2510,56
DA:2513,10
DA:2514,0
DA:2515,0
DA:2518,0
DA:2519,0
DA:2522,0
DA:2523,0
DA:2526,0
DA:2527,0
DA:2530,0
DA:2531,0
DA:2534,10
DA:2535,0
DA:2536,0
DA:2539,0
DA:2540,0
DA:2543,0
DA:2544,0
DA:2547,0
DA:2548,0
DA:2551,10
DA:2552,6
DA:2553,6
DA:2556,10
DA:2557,6
DA:2558,1
DA:2561,10
DA:2562,2
DA:2563,1
DA:2566,10
DA:2567,3
DA:2568,1
DA:2571,10
DA:2572,13
DA:2573,13
DA:2576,10
DA:2577,15
DA:2578,14
DA:2581,10
DA:2582,9
DA:2583,5
DA:2586,10
DA:2587,1
DA:2588,1
DA:2591,10
DA:2592,16
DA:2593,4
DA:2596,10
DA:2597,0
DA:2598,0
DA:2601,10
DA:2602,0
DA:2603,0
DA:2606,10
DA:2607,0
DA:2608,0
DA:2611,10
DA:2612,0
DA:2613,0
DA:2616,10
DA:2617,1
DA:2618,1
DA:2621,10
DA:2622,1
DA:2623,1
DA:2626,10
DA:2627,0
DA:2628,0
DA:2631,10
DA:2632,0
DA:2633,0
DA:2636,10
DA:2637,0
DA:2638,0
DA:2641,10
DA:2642,0
DA:2643,0
DA:2646,10
DA:2647,0
DA:2648,0
DA:2651,0
DA:2652,0
DA:2662,10
DA:2663,0
DA:2664,0
DA:2667,0
DA:2668,0
DA:2671,0
DA:2672,0
DA:2675,0
DA:2676,0
LF:693
LH:391
BRDA:50,0,0,2
BRDA:50,1,0,21
BRDA:50,2,0,21
BRDA:50,3,0,21
BRDA:63,4,0,0
BRDA:72,5,0,89
BRDA:72,6,0,89
BRDA:134,7,0,4
BRDA:154,8,0,0
BRDA:174,9,0,122916
BRDA:174,10,0,122916
BRDA:235,11,0,0
BRDA:235,12,0,0
BRDA:250,13,0,1
BRDA:254,14,0,1
BRDA:284,15,0,0
BRDA:812,16,0,4998
BRDA:812,16,1,0
BRDA:813,17,0,4970
BRDA:813,17,1,28
BRDA:817,18,0,0
BRDA:817,18,1,4998
BRDA:823,19,0,0
BRDA:823,19,1,357
BRDA:824,20,0,357
BRDA:824,20,1,0
BRDA:828,21,0,1833
BRDA:828,21,1,95
BRDA:862,22,0,0
BRDA:862,22,1,0
BRDA:862,23,0,0
BRDA:862,23,1,0
BRDA:882,24,0,1
BRDA:882,24,1,4
BRDA:888,25,0,1
BRDA:888,25,1,1
BRDA:911,26,0,1
BRDA:911,26,1,4
BRDA:917,27,0,1
BRDA:917,27,1,1
BRDA:997,28,0,0
BRDA:997,28,1,0
BRDA:997,29,0,0
BRDA:997,29,1,0
BRDA:1212,30,0,1425
BRDA:1212,30,1,787
BRDA:1212,31,0,2212
BRDA:1212,31,1,2212
BRDA:1217,32,0,0
BRDA:1217,32,1,79
BRDA:1218,33,0,77
BRDA:1218,33,1,2
BRDA:1228,34,0,78
BRDA:1228,34,1,1
BRDA:1235,35,0,75
BRDA:1235,35,1,4
BRDA:1237,36,0,329
BRDA:1237,36,1,0
BRDA:1288,37,0,0
BRDA:1288,37,1,2
BRDA:1304,38,0,0
BRDA:1304,38,1,1
BRDA:1304,39,0,1
BRDA:1304,39,1,1
BRDA:1364,40,0,0
BRDA:1364,40,1,0
BRDA:1364,41,0,0
BRDA:1364,41,1,0
BRDA:1401,42,0,0
BRDA:1401,42,1,2
BRDA:1421,43,0,0
BRDA:1421,43,1,0
BRDA:1441,44,0,0
BRDA:1441,44,1,0
BRDA:1441,45,0,0
BRDA:1441,45,1,0
BRDA:1457,46,0,0
BRDA:1457,46,1,0
BRDA:1457,47,0,0
BRDA:1457,47,1,0
BRDA:1473,48,0,0
BRDA:1473,48,1,0
BRDA:1473,49,0,0
BRDA:1473,49,1,0
BRDA:1489,50,0,0
BRDA:1489,50,1,0
BRDA:1505,51,0,0
BRDA:1505,51,1,0
BRDA:1521,52,0,0
BRDA:1521,52,1,0
BRDA:1537,53,0,0
BRDA:1537,53,1,2
BRDA:1542,54,0,0
BRDA:1542,54,1,8
BRDA:1580,55,0,0
BRDA:1580,55,1,0
BRDA:1587,56,0,0
BRDA:1587,56,1,0
BRDA:1608,57,0,0
BRDA:1608,57,1,0
BRDA:1615,58,0,0
BRDA:1615,58,1,0
BRDA:1636,59,0,0
BRDA:1636,59,1,0
BRDA:1643,60,0,0
BRDA:1643,60,1,0
BRDA:1664,61,0,0
BRDA:1664,61,1,0
BRDA:1664,62,0,0
BRDA:1664,62,1,0
BRDA:1681,63,0,0
BRDA:1681,63,1,0
BRDA:1681,64,0,0
BRDA:1681,64,1,0
BRDA:1698,65,0,0
BRDA:1698,65,1,0
BRDA:1710,66,0,0
BRDA:1710,66,1,0
BRDA:1710,67,0,0
BRDA:1710,67,1,0
BRDA:1840,68,0,6
BRDA:1926,69,0,1
BRDA:1926,69,1,0
BRDA:1928,70,0,0
BRDA:1928,70,1,1
BRDA:1956,71,0,0
BRDA:1956,71,1,2642
BRDA:1956,72,0,2642
BRDA:1956,72,1,2642
BRDA:1960,73,0,0
BRDA:1960,73,1,2642
BRDA:1960,74,0,2642
BRDA:1960,74,1,2642
BRDA:2005,75,0,0
BRDA:2005,75,1,1
BRDA:2009,76,0,0
BRDA:2009,76,1,1
BRDA:2009,77,0,1
BRDA:2009,77,1,1
BRDA:2017,78,0,0
BRDA:2017,78,1,1
BRDA:2021,79,0,0
BRDA:2021,79,1,1
BRDA:2021,80,0,1
BRDA:2021,80,1,1
BRDA:2039,81,0,0
BRDA:2039,81,1,1
BRDA:2039,82,0,1
BRDA:2039,82,1,1
BRDA:2053,83,0,0
BRDA:2053,83,1,0
BRDA:2057,84,0,0
BRDA:2057,84,1,0
BRDA:2057,85,0,0
BRDA:2057,85,1,0
BRDA:2061,86,0,0
BRDA:2061,86,1,0
BRDA:2061,87,0,0
BRDA:2061,87,1,0
BRDA:2065,88,0,0
BRDA:2065,88,1,0
BRDA:2065,89,0,0
BRDA:2065,89,1,0
BRDA:2068,90,0,0
BRDA:2068,90,1,0
BRDA:2069,91,0,0
BRDA:2069,91,1,0
BRDA:2076,92,0,0
BRDA:2076,92,1,32
BRDA:2080,93,0,0
BRDA:2080,93,1,32
BRDA:2084,94,0,2
BRDA:2084,94,1,30
BRDA:2084,95,0,32
BRDA:2084,95,1,31
BRDA:2090,96,0,0
BRDA:2090,96,1,30
BRDA:2098,97,0,0
BRDA:2098,97,1,11
BRDA:2102,98,0,0
BRDA:2102,98,1,11
BRDA:2102,99,0,11
BRDA:2102,99,1,11
BRDA:2106,100,0,0
BRDA:2106,100,1,11
BRDA:2106,101,0,11
BRDA:2106,101,1,11
BRDA:2110,102,0,0
BRDA:2110,102,1,11
BRDA:2110,103,0,11
BRDA:2110,103,1,11
BRDA:2119,104,0,0
BRDA:2119,104,1,0
BRDA:2119,105,0,0
BRDA:2119,105,1,0
BRDA:2123,106,0,0
BRDA:2123,106,1,0
BRDA:2123,107,0,0
BRDA:2123,107,1,0
BRDA:2127,108,0,0
BRDA:2127,108,1,0
BRDA:2127,109,0,0
BRDA:2127,109,1,0
BRDA:2233,110,0,0
BRDA:2233,110,1,0
BRDA:2249,111,0,0
BRDA:2249,111,1,0
BRDA:2249,112,0,0
BRDA:2249,112,1,0
BRDA:2253,113,0,0
BRDA:2253,113,1,0
BRDA:2253,114,0,0
BRDA:2253,114,1,0
BRDA:2257,115,0,0
BRDA:2257,115,1,0
BRDA:2283,116,0,4
BRDA:2283,116,1,2
BRDA:2290,117,0,0
BRDA:2290,117,1,4
BRDA:2293,118,0,2
BRDA:2293,118,1,2
BRDA:2308,119,0,2
BRDA:2308,119,1,0
BRDA:2311,120,0,0
BRDA:2311,120,1,2
BRDA:2314,121,0,0
BRDA:2314,121,1,2
BRDA:2317,122,0,2
BRDA:2317,122,1,0
BRDA:2320,123,0,0
BRDA:2320,123,1,2
BRDA:2334,124,0,0
BRDA:2334,124,1,2
BRDA:2337,125,0,0
BRDA:2337,125,1,2
BRDA:2340,126,0,0
BRDA:2340,126,1,2
BRDA:2343,127,0,0
BRDA:2343,127,1,2
BRDA:2346,128,0,0
BRDA:2346,128,1,2
BRDA:2349,129,0,0
BRDA:2349,129,1,2
BRDA:2374,130,0,3
BRDA:2374,130,1,120271
BRDA:2374,131,0,120274
BRDA:2374,131,1,120272
BRDA:2378,132,0,1
BRDA:2378,132,1,120270
BRDA:2382,133,0,1320750
BRDA:2382,133,1,667350
BRDA:2412,134,0,0
BRDA:2412,134,1,1
BRDA:2421,135,0,0
BRDA:2421,135,1,1
BRDA:2425,136,0,0
BRDA:2425,136,1,1
BRDA:2425,137,0,1
BRDA:2425,137,1,1
BRDA:2429,138,0,1
BRDA:2429,138,1,1
BRDA:2430,139,0,1
BRDA:2430,139,1,0
BRDA:2436,140,0,0
BRDA:2436,140,1,1
BRDA:2440,141,0,0
BRDA:2440,141,1,1
BRDA:2440,142,0,1
BRDA:2440,142,1,1
BRDA:2444,143,0,1
BRDA:2444,143,1,1
BRDA:2445,144,0,1
BRDA:2445,144,1,0
BRDA:2455,145,0,0
BRDA:2455,145,1,0
BRDA:2459,146,0,0
BRDA:2459,146,1,0
BRDA:2459,147,0,0
BRDA:2459,147,1,0
BRDA:2463,148,0,0
BRDA:2463,148,1,0
BRDA:2463,149,0,0
BRDA:2463,149,1,0
BRDA:2467,150,0,0
BRDA:2467,150,1,0
BRDA:2467,151,0,0
BRDA:2467,151,1,0
BRDA:2472,152,0,0
BRDA:2472,152,1,0
BRDA:2472,152,2,0
BRDA:2472,152,3,0
BRDA:2472,152,4,0
BRDA:2472,152,5,0
BRDA:2477,153,0,0
BRDA:2477,153,1,0
BRDA:2483,154,0,0
BRDA:2483,154,1,0
BRDA:2492,155,0,0
BRDA:2492,155,1,58
BRDA:2492,156,0,58
BRDA:2492,156,1,58
BRDA:2496,157,0,1
BRDA:2496,157,1,57
BRDA:2496,158,0,58
BRDA:2496,158,1,58
BRDA:2500,159,0,1
BRDA:2500,159,1,56
BRDA:2506,160,0,0
BRDA:2506,160,1,56
BRDA:2514,161,0,0
BRDA:2514,161,1,0
BRDA:2514,162,0,0
BRDA:2514,162,1,0
BRDA:2518,163,0,0
BRDA:2518,163,1,0
BRDA:2518,164,0,0
BRDA:2518,164,1,0
BRDA:2522,165,0,0
BRDA:2522,165,1,0
BRDA:2522,166,0,0
BRDA:2522,166,1,0
BRDA:2526,167,0,0
BRDA:2526,167,1,0
BRDA:2526,168,0,0
BRDA:2526,168,1,0
BRDA:2535,169,0,0
BRDA:2535,169,1,0
BRDA:2535,170,0,0
BRDA:2535,170,1,0
BRDA:2539,171,0,0
BRDA:2539,171,1,0
BRDA:2539,172,0,0
BRDA:2539,172,1,0
BRDA:2543,173,0,0
BRDA:2543,173,1,0
BRDA:2543,174,0,0
BRDA:2543,174,1,0
BRDA:2647,175,0,0
BRDA:2647,175,1,0
BRDA:2663,176,0,0
BRDA:2663,176,1,0
BRDA:2663,177,0,0
BRDA:2663,177,1,0
BRDA:2667,178,0,0
BRDA:2667,178,1,0
BRDA:2671,179,0,0
BRDA:2671,179,1,0
BRF:347
BRH:132
end_of_record
TN:
SF:cvat-core/src/statistics.js
FN:5,(anonymous_0)
FN:12,(anonymous_1)
FN:58,(anonymous_2)
FN:100,(anonymous_3)
FNF:4
FNH:3
FNDA:10,(anonymous_0)
FNDA:2,(anonymous_1)
FNDA:0,(anonymous_2)
FNDA:2,(anonymous_3)
DA:5,10
DA:13,2
DA:58,0
DA:100,2
DA:107,10
LF:5
LH:4
BRF:0
BRH:0
end_of_record
TN:
SF:cvat-core/src/user.js
FN:5,(anonymous_0)
FN:12,(anonymous_1)
FN:45,(anonymous_2)
FN:55,(anonymous_3)
FN:65,(anonymous_4)
FN:75,(anonymous_5)
FN:85,(anonymous_6)
FN:95,(anonymous_7)
FN:105,(anonymous_8)
FN:115,(anonymous_9)
FN:125,(anonymous_10)
FN:135,(anonymous_11)
FN:145,(anonymous_12)
FN:155,(anonymous_13)
FN:161,(anonymous_14)
FNF:15
FNH:2
FNDA:10,(anonymous_0)
FNDA:80,(anonymous_1)
FNDA:0,(anonymous_2)
FNDA:0,(anonymous_3)
FNDA:0,(anonymous_4)
FNDA:0,(anonymous_5)
FNDA:0,(anonymous_6)
FNDA:0,(anonymous_7)
FNDA:0,(anonymous_8)
FNDA:0,(anonymous_9)
FNDA:0,(anonymous_10)
FNDA:0,(anonymous_11)
FNDA:0,(anonymous_12)
FNDA:0,(anonymous_13)
FNDA:0,(anonymous_14)
DA:5,10
DA:13,80
DA:28,80
DA:29,960
DA:30,187
DA:34,80
DA:45,0
DA:55,0
DA:65,0
DA:75,0
DA:85,0
DA:95,0
DA:105,0
DA:115,0
DA:125,0
DA:135,0
DA:145,0
DA:155,0
DA:162,0
DA:179,10
LF:20
LH:7
BRDA:29,0,0,187
BRDA:29,0,1,773
BRDA:29,1,0,960
BRDA:29,1,1,960
BRF:4
BRH:4
end_of_record
TN:
SF:cvat-core/tests/mocks/dummy-data.mock.js
FNF:0
FNH:0
DA:3,10
DA:10,10
DA:52,10
DA:88,10
DA:146,10
DA:330,10
DA:1419,10
DA:2537,10
DA:2539,10
DA:2861,10
DA:2932,10
LF:11
LH:11
BRF:0
BRH:0
end_of_record
TN:
SF:cvat-core/tests/mocks/server-proxy.mock.js
FN:18,QueryStringToJSON
FN:37,(anonymous_1)
FN:38,about
FN:42,share
FN:50,(anonymous_4)
FN:62,formats
FN:66,exception
FN:70,login
FN:74,logout
FN:78,getProjects
FN:80,(anonymous_10)
FN:96,saveProject
FN:97,(anonymous_12)
FN:104,(anonymous_13)
FN:112,createProject
FN:113,(anonymous_15)
FN:132,deleteProject
FN:134,(anonymous_17)
FN:140,getTasks
FN:143,(anonymous_19)
FN:159,saveTask
FN:160,(anonymous_21)
FN:167,(anonymous_22)
FN:178,createTask
FN:179,(anonymous_24)
FN:207,deleteTask
FN:209,(anonymous_26)
FN:215,getJobs
FN:218,(anonymous_28)
FN:238,(anonymous_29)
FN:247,saveJob
FN:249,(anonymous_31)
FN:258,(anonymous_32)
FN:272,getUsers
FN:276,getSelf
FN:280,getPreview
FN:284,getData
FN:288,getMeta
FN:296,saveMeta
FN:307,(anonymous_39)
FN:317,getAnnotations
FN:329,updateAnnotations
FN:340,(anonymous_42)
FN:359,getCloudStorages
FN:361,(anonymous_44)
FN:374,updateCloudStorage
FN:375,(anonymous_46)
FN:388,createCloudStorage
FN:389,(anonymous_48)
FN:407,deleteCloudStorage
FN:409,(anonymous_50)
FNF:51
FNH:45
FNDA:99,QueryStringToJSON
FNDA:10,(anonymous_1)
FNDA:1,about
FNDA:3,share
FNDA:10,(anonymous_4)
FNDA:3,formats
FNDA:0,exception
FNDA:0,login
FNDA:0,logout
FNDA:11,getProjects
FNDA:24,(anonymous_10)
FNDA:2,saveProject
FNDA:4,(anonymous_12)
FNDA:3,(anonymous_13)
FNDA:1,createProject
FNDA:2,(anonymous_15)
FNDA:1,deleteProject
FNDA:3,(anonymous_17)
FNDA:77,getTasks
FNDA:471,(anonymous_19)
FNDA:4,saveTask
FNDA:25,(anonymous_21)
FNDA:9,(anonymous_22)
FNDA:2,createTask
FNDA:13,(anonymous_24)
FNDA:1,deleteTask
FNDA:8,(anonymous_26)
FNDA:28,getJobs
FNDA:168,(anonymous_28)
FNDA:476,(anonymous_29)
FNDA:1,saveJob
FNDA:6,(anonymous_31)
FNDA:17,(anonymous_32)
FNDA:1,getUsers
FNDA:1,getSelf
FNDA:2,getPreview
FNDA:0,getData
FNDA:130,getMeta
FNDA:0,saveMeta
FNDA:0,(anonymous_39)
FNDA:69,getAnnotations
FNDA:30,updateAnnotations
FNDA:4,(anonymous_42)
FNDA:11,getCloudStorages
FNDA:37,(anonymous_44)
FNDA:2,updateCloudStorage
FNDA:6,(anonymous_46)
FNDA:1,createCloudStorage
FNDA:3,(anonymous_48)
FNDA:1,deleteCloudStorage
FNDA:2,(anonymous_50)
DA:16,10
DA:19,99
DA:21,99
DA:22,99
DA:23,95
DA:24,95
DA:25,95
DA:26,93
DA:28,2
DA:33,99
DA:39,1
DA:43,3
DA:46,3
DA:47,2
DA:49,2
DA:50,10
DA:51,2
DA:52,1
DA:54,1
DA:59,2
DA:63,3
DA:67,0
DA:71,0
DA:75,0
DA:79,11
DA:80,11
DA:81,24
DA:82,20
DA:84,20
DA:85,13
DA:90,11
DA:93,11
DA:97,4
DA:98,2
DA:99,2
DA:103,2
DA:104,3
DA:106,0
DA:113,2
DA:114,1
DA:128,1
DA:129,1
DA:133,1
DA:134,3
DA:135,1
DA:136,1
DA:142,77
DA:143,77
DA:144,471
DA:145,465
DA:147,465
DA:148,394
DA:153,77
DA:156,77
DA:160,25
DA:161,4
DA:162,7
DA:166,7
DA:167,9
DA:169,5
DA:174,4
DA:175,4
DA:179,13
DA:180,2
DA:203,2
DA:204,2
DA:208,1
DA:209,8
DA:210,1
DA:211,1
DA:216,28
DA:217,28
DA:219,168
DA:220,476
DA:221,476
DA:222,476
DA:223,476
DA:224,476
DA:225,476
DA:226,476
DA:227,476
DA:228,476
DA:229,476
DA:230,476
DA:232,476
DA:236,168
DA:238,476
DA:240,28
DA:248,1
DA:250,6
DA:251,17
DA:252,17
DA:256,6
DA:258,17
DA:260,1
DA:261,2
DA:265,2
DA:269,1
DA:273,1
DA:277,1
DA:281,2
DA:285,0
DA:289,130
DA:290,0
DA:293,130
DA:297,0
DA:298,0
DA:300,0
DA:301,0
DA:302,0
DA:306,0
DA:307,0
DA:309,0
DA:314,0
DA:318,69
DA:319,48
DA:322,21
DA:323,21
DA:326,0
DA:333,30
DA:335,30
DA:336,10
DA:337,10
DA:341,4
DA:342,4
DA:345,10
DA:348,20
DA:349,10
DA:352,10
DA:353,10
DA:356,0
DA:360,11
DA:361,11
DA:362,37
DA:363,34
DA:364,34
DA:365,27
DA:369,10
DA:371,11
DA:375,6
DA:376,2
DA:377,2
DA:378,10
DA:382,10
DA:389,3
DA:390,1
DA:403,1
DA:404,1
DA:408,1
DA:409,2
DA:410,1
DA:411,1
DA:415,10
DA:497,10
DA:498,10
LF:155
LH:138
BRDA:18,0,0,99
BRDA:24,1,0,95
BRDA:24,1,1,0
BRDA:25,2,0,93
BRDA:25,2,1,2
BRDA:46,3,0,2
BRDA:46,3,1,1
BRDA:51,4,0,1
BRDA:51,4,1,1
BRDA:51,5,0,2
BRDA:51,5,1,1
BRDA:78,6,0,0
BRDA:82,7,0,20
BRDA:82,7,1,0
BRDA:84,8,0,13
BRDA:84,8,1,7
BRDA:99,9,0,2
BRDA:99,9,1,0
BRDA:100,10,0,2
BRDA:100,10,1,2
BRDA:103,11,0,2
BRDA:103,11,1,0
BRDA:135,12,0,1
BRDA:135,12,1,0
BRDA:140,13,0,0
BRDA:145,14,0,465
BRDA:145,14,1,0
BRDA:147,15,0,394
BRDA:147,15,1,71
BRDA:162,16,0,7
BRDA:162,16,1,0
BRDA:163,17,0,7
BRDA:163,17,1,7
BRDA:166,18,0,2
BRDA:166,18,1,5
BRDA:184,19,0,2
BRDA:184,19,1,1
BRDA:195,20,0,0
BRDA:195,20,1,2
BRDA:196,21,0,0
BRDA:196,21,1,2
BRDA:210,22,0,1
BRDA:210,22,1,0
BRDA:215,23,0,0
BRDA:216,24,0,28
BRDA:216,24,1,0
BRDA:241,25,0,28
BRDA:241,25,1,0
BRDA:261,26,0,2
BRDA:261,26,1,0
BRDA:262,27,0,2
BRDA:262,27,1,2
BRDA:289,28,0,0
BRDA:289,28,1,130
BRDA:297,29,0,0
BRDA:297,29,1,0
BRDA:302,30,0,0
BRDA:302,30,1,0
BRDA:303,31,0,0
BRDA:303,31,1,0
BRDA:306,32,0,0
BRDA:306,32,1,0
BRDA:318,33,0,48
BRDA:318,33,1,21
BRDA:322,34,0,21
BRDA:322,34,1,0
BRDA:335,35,0,10
BRDA:335,35,1,20
BRDA:348,36,0,10
BRDA:348,36,1,10
BRDA:352,37,0,10
BRDA:352,37,1,0
BRDA:359,38,0,0
BRDA:363,39,0,34
BRDA:363,39,1,0
BRDA:364,40,0,27
BRDA:364,40,1,7
BRDA:376,41,0,2
BRDA:376,41,1,0
BRDA:378,42,0,10
BRDA:378,42,1,0
BRDA:379,43,0,10
BRDA:379,43,1,10
BRDA:410,44,0,1
BRDA:410,44,1,0
BRF:85
BRH:53
end_of_record
